matrixcalc_AMD64 @ DEBAGNIKPC:  ----------
                                Infos #: 0
                                ----------

matrixcalc_AMD64 @ DEBAGNIKPC:  -------------
                                WARNINGS #: 0
                                -------------

matrixcalc_AMD64 @ DEBAGNIKPC:  -----------
                                ERRORS #: 0
                                -----------

matrixcalc_AMD64 @ DEBAGNIKPC:  ----------
                                Infos #: 0
                                ----------

matrixcalc_AMD64 @ DEBAGNIKPC:  -------------
                                WARNINGS #: 0
                                -------------

matrixcalc_AMD64 @ DEBAGNIKPC:  -----------
                                ERRORS #: 0
                                -----------

matrixcalc_AMD64 @ DEBAGNIKPC:  ----------
                                Infos #: 0
                                ----------

matrixcalc_AMD64 @ DEBAGNIKPC:  -------------
                                WARNINGS #: 0
                                -------------

matrixcalc_AMD64 @ DEBAGNIKPC:  -----------
                                ERRORS #: 0
                                -----------

matrixcalc_AMD64 @ DEBAGNIKPC:  ----------
                                Infos #: 0
                                ----------

matrixcalc_AMD64 @ DEBAGNIKPC:  -------------
                                WARNINGS #: 0
                                -------------

matrixcalc_AMD64 @ DEBAGNIKPC:  -----------
                                ERRORS #: 0
                                -----------

