08/Oct/2020 04:00:34  Build version: 2019.5 Release from 2019-04-26 (change 688563)

08/Oct/2020 04:00:34  Starting adaptive port meshing.
                      
                      ------------------------------------------------------------------------------
08/Oct/2020 04:00:34  Mode calculation for port 1:
                      
                      ------------------------------------------------------------------------------

                      ------------------------------------------------------------------------------

                      ------------------------------------------------------------------------------
08/Oct/2020 04:00:36  Using generalized port mode solver.
                      
                      ------------------------------------------------------------------------------
08/Oct/2020 04:00:36    --------------------------------- F-Calc 7 ---------------------------------
                        Port   Mode   Type        Z-Wave        Z-Wave-Sigma  Z-Line        F-Cutoff
                        1      1      TE          914           2.90e-005     ---           6.376
                        ----------------------------------------------------------------------------
                      
08/Oct/2020 04:00:37  Pass 1 successfully completed. 
08/Oct/2020 04:00:37  Mode calculation for port 2:
                      
                      ------------------------------------------------------------------------------

                      ------------------------------------------------------------------------------

                      ------------------------------------------------------------------------------
08/Oct/2020 04:00:39  Using generalized port mode solver.
                      
                      ------------------------------------------------------------------------------
08/Oct/2020 04:00:39    --------------------------------- F-Calc 7 ---------------------------------
                        Port   Mode   Type        Z-Wave        Z-Wave-Sigma  Z-Line        F-Cutoff
                        2      1      TE          914           2.90e-005     ---           6.376
                        ----------------------------------------------------------------------------
                      
08/Oct/2020 04:00:39  Pass 1 successfully completed. 
08/Oct/2020 04:00:39  Mode calculation for port 3:
                      
                      ------------------------------------------------------------------------------

                      ------------------------------------------------------------------------------

                      ------------------------------------------------------------------------------
08/Oct/2020 04:00:41  Using generalized port mode solver.
                      
                      ------------------------------------------------------------------------------
08/Oct/2020 04:00:41    --------------------------------- F-Calc 7 ---------------------------------
                        Port   Mode   Type        Z-Wave        Z-Wave-Sigma  Z-Line        F-Cutoff
                        3      1      TE          860           1.03e-005     ---           6.292
                        ----------------------------------------------------------------------------
                      
08/Oct/2020 04:00:41  Pass 1 successfully completed. 
08/Oct/2020 04:00:41  Adaptive port meshing finished. 
                      
                      ------------------------------------------------------------------------------
08/Oct/2020 04:00:42  *** Warning ***
                      
                      This software is licensed for personal and educational purposes only.
                      
                      ------------------------------------------------------------------------------
08/Oct/2020 04:00:42  
                      Solver started at: 04:00 AM Thursday, 08. October 2020 (India Standard Time)
                      
                        Module:  Time Domain: S-Parameter (Win 64)
                        Version: 2019.5 Release from 2019-04-26 (change 688563)
                      

                      ------------------------------------------------------------------------------

                      ------------------------------------------------------------------------------
08/Oct/2020 04:00:42  ======================================================================
                       Solver cycle: 1
                      ======================================================================
                      
                      Stimulation at port 1 (mode 1) 
                      
                      
                      
                      ------------------------------------------------------------------------------
08/Oct/2020 04:00:42  Units settings: 
                      
                        Dimensions: mm
                        Frequency:  GHz
                        Time:       ns
                      
                      ------------------------------------------------------------------------------
08/Oct/2020 04:00:50  Mesh statistics:
                      
                         Hexahedral mesh type: PBA [Version: default]
                      
                         Parallelization type: domain decomposition
                            Number of parallel working threads: 1
                            Number of calculation domains used: 1
                      
                         Used point accuracy enhancement value: 75.00%.
08/Oct/2020 04:00:44     current system memory usage reached 70%
                         PBA fill limit: 99.00% (inverse)

08/Oct/2020 04:00:50  Using generalized port mode solver.
                      
                      ------------------------------------------------------------------------------
08/Oct/2020 04:00:50  Boundary conditions: 
                      
                        YZsymmetry: none
                        XZsymmetry: none
                        XYsymmetry: none
                      
                        Xmin: expanded open, 4 Layer, depth 14.2758 mm
                        Xmax: expanded open, 4 Layer, depth 14.2758 mm
                      
                        Ymin: expanded open, 4 Layer, depth 14.2758 mm
                        Ymax: expanded open, 4 Layer, depth 14.2758 mm
                      
                        Zmin: expanded open, 4 Layer, depth 14.2758 mm
                        Zmax: expanded open, 4 Layer, depth 14.2758 mm
                      
                        PML-Type: Convolution PML
                      
                      ------------------------------------------------------------------------------
08/Oct/2020 04:00:50  Frequency settings: 
                      
                        Fmin:         6
                        Fmax:         8
                        Nfsteps(lin): 1001
                      
                      ------------------------------------------------------------------------------
08/Oct/2020 04:00:50  Waveguide boundaries:
                      
08/Oct/2020 04:00:50  Port: 1
                      
08/Oct/2020 04:00:50    --------------------------------- F-Calc 7 ---------------------------------
                        Port   Mode   Type        Z-Wave        Z-Wave-Sigma  Z-Line        F-Cutoff
                        1      1      TE          913           2.89e-005     ---           6.375
                        ----------------------------------------------------------------------------
                      
08/Oct/2020 04:00:50  Port: 2
                      
08/Oct/2020 04:00:50    --------------------------------- F-Calc 7 ---------------------------------
                        Port   Mode   Type        Z-Wave        Z-Wave-Sigma  Z-Line        F-Cutoff
                        2      1      TE          913           2.89e-005     ---           6.375
                        ----------------------------------------------------------------------------
                      
08/Oct/2020 04:00:50  Port: 3
                      
08/Oct/2020 04:00:50    --------------------------------- F-Calc 7 ---------------------------------
                        Port   Mode   Type        Z-Wave        Z-Wave-Sigma  Z-Line        F-Cutoff
                        3      1      TE          860           1.02e-005     ---           6.291
                        ----------------------------------------------------------------------------
                      
08/Oct/2020 04:00:50  *** Warning ***
                      
08/Oct/2020 04:00:50  The following port mode is at least partially excited below its cutoff frequency: 1(1). 
                      
                      ------------------------------------------------------------------------------
08/Oct/2020 04:00:50  Field update statistics:
                      
                        Number of components in total: 	143383
                        Number of TST elements:		2454
                      
                      Subcycling state:      Automatically deactivated
                      
                      ------------------------------------------------------------------------------
08/Oct/2020 04:00:58  
                      --------------------------------------------------------------------------------
08/Oct/2020 04:00:58  Steady state energy criterion met, solver finished successfully.
                      
                      ------------------------------------------------------------------------------
08/Oct/2020 04:00:58  Frequency domain results normalized to default signal.
                      
                      
                      ------------------------------------------------------------------------------
08/Oct/2020 04:00:58  
                        ----------------------------------------------------------------------------
                                            Peak memory used (kB)         Free physical memory (kB) 
                                                                          At begin     Minimum      
                        ----------------------------------------------------------------------------
                        CAD preparation     22352                         2722712      2722712      
                        Matrices calc.      67382                         2691406      2665039      
                        Solver run total    47728                         2754776      2502652      
                        ----------------------------------------------------------------------------
                      
                      --------------------------------------------------------------------------------
                      Solver Statistics:
                      
                        Hardware:
                           Computer name:                 	DebagnikPC 
                      
                           Number of CPU threads:               4
                           Hardware info:                  	Hardware Accelerator Device not activated
                      
                        Number of mesh cells:             	22680
                        Excitation duration:              	3.55454875e+000 ns 
                        Calculation time for excitation:  	2 	s
                        Number of calculated pulse widths:	3.41934 
                        Steady state accuracy limit:      	-40	dB 
                        Simulated number of time steps:   	5066 
                        Maximum number of time steps:     	29631 
                        Time step width:
                           without subcycles:             	2.39917181e-003 ns
                           used:                          	2.39917181e-003 ns
                      
                        CAD preparation time:             	0      	s
                        Matrix calculation time:          	7 	s
                        Solver setup time:                	0 	s
                        Solver loop time:                 	6 	s
                        Solver post processing time:      	0 	s
                                                          	------------
                        Total solver time:                	13 	s
                      
                      ------------------------------------------------------------------------------
08/Oct/2020 04:00:58  ======================================================================
                       Solver cycle: 2
                      ======================================================================
                      
                      Stimulation at port 2 (mode 1) 
                      
                      
                      
                      ------------------------------------------------------------------------------
08/Oct/2020 04:00:58  Units settings: 
                      
                        Dimensions: mm
                        Frequency:  GHz
                        Time:       ns
                      
                      ------------------------------------------------------------------------------
08/Oct/2020 04:00:58  Boundary conditions: 
                      
                        YZsymmetry: none
                        XZsymmetry: none
                        XYsymmetry: none
                      
                        Xmin: expanded open, 4 Layer, depth 14.2758 mm
                        Xmax: expanded open, 4 Layer, depth 14.2758 mm
                      
                        Ymin: expanded open, 4 Layer, depth 14.2758 mm
                        Ymax: expanded open, 4 Layer, depth 14.2758 mm
                      
                        Zmin: expanded open, 4 Layer, depth 14.2758 mm
                        Zmax: expanded open, 4 Layer, depth 14.2758 mm
                      
                        PML-Type: Convolution PML
                      
                      ------------------------------------------------------------------------------
08/Oct/2020 04:00:58  Frequency settings: 
                      
                        Fmin:         6
                        Fmax:         8
                        Nfsteps(lin): 1001
                      
                      ------------------------------------------------------------------------------
08/Oct/2020 04:00:58  *** Warning ***
                      
08/Oct/2020 04:00:58  The following port mode is at least partially excited below its cutoff frequency: 2(1). 
                      
                      ------------------------------------------------------------------------------
08/Oct/2020 04:00:58  Field update statistics:
                      
                        Number of components in total: 	143383
                        Number of TST elements:		2454
                      
                      Subcycling state:      Automatically deactivated
                      
                      ------------------------------------------------------------------------------
08/Oct/2020 04:01:08  
                      --------------------------------------------------------------------------------
08/Oct/2020 04:01:08  Steady state energy criterion met, solver finished successfully.
                      
                      ------------------------------------------------------------------------------
08/Oct/2020 04:01:08  Frequency domain results normalized to default signal.
                      
                      
                      ------------------------------------------------------------------------------
08/Oct/2020 04:01:08  
                        ----------------------------------------------------------------------------
                                            Peak memory used (kB)         Free physical memory (kB) 
                                                                          At begin     Minimum      
                        ----------------------------------------------------------------------------
                        CAD preparation     22352                         2722712      2722712      
                        Matrices calc.      67382                         2691406      2665039      
                        Solver run total    52344                         2503400      2495360      
                        ----------------------------------------------------------------------------
                      
                      --------------------------------------------------------------------------------
                      Solver Statistics:
                      
                        Hardware:
                           Computer name:                 	DebagnikPC 
                      
                           Number of CPU threads:               4
                           Hardware info:                  	Hardware Accelerator Device not activated
                      
                        Number of mesh cells:             	22680
                        Excitation duration:              	3.55454875e+000 ns 
                        Calculation time for excitation:  	3 	s
                        Number of calculated pulse widths:	3.41934 
                        Steady state accuracy limit:      	-40	dB 
                        Simulated number of time steps:   	5066 
                        Maximum number of time steps:     	29631 
                        Time step width:
                           without subcycles:             	2.39917181e-003 ns
                           used:                          	2.39917181e-003 ns
                      
                        Reloading matrices:               	0 	s
                        Solver setup time:                	0 	s
                        Solver loop time:                 	8 	s
                        Solver post processing time:      	0 	s
                                                          	------------
                        Total solver time:                	8 	s
                      
                      ------------------------------------------------------------------------------
08/Oct/2020 04:01:08  ======================================================================
                       Solver cycle: 3
                      ======================================================================
                      
                      Stimulation at port 3 (mode 1) 
                      
                      
                      
                      ------------------------------------------------------------------------------
08/Oct/2020 04:01:08  Units settings: 
                      
                        Dimensions: mm
                        Frequency:  GHz
                        Time:       ns
                      
                      ------------------------------------------------------------------------------
08/Oct/2020 04:01:08  Boundary conditions: 
                      
                        YZsymmetry: none
                        XZsymmetry: none
                        XYsymmetry: none
                      
                        Xmin: expanded open, 4 Layer, depth 14.2758 mm
                        Xmax: expanded open, 4 Layer, depth 14.2758 mm
                      
                        Ymin: expanded open, 4 Layer, depth 14.2758 mm
                        Ymax: expanded open, 4 Layer, depth 14.2758 mm
                      
                        Zmin: expanded open, 4 Layer, depth 14.2758 mm
                        Zmax: expanded open, 4 Layer, depth 14.2758 mm
                      
                        PML-Type: Convolution PML
                      
                      ------------------------------------------------------------------------------
08/Oct/2020 04:01:08  Frequency settings: 
                      
                        Fmin:         6
                        Fmax:         8
                        Nfsteps(lin): 1001
                      
                      ------------------------------------------------------------------------------
08/Oct/2020 04:01:08  *** Warning ***
                      
08/Oct/2020 04:01:08  The following port mode is at least partially excited below its cutoff frequency: 3(1). 
                      
                      ------------------------------------------------------------------------------
08/Oct/2020 04:01:08  Field update statistics:
                      
                        Number of components in total: 	143383
                        Number of TST elements:		2454
                      
                      Subcycling state:      Automatically deactivated
                      
                      ------------------------------------------------------------------------------
08/Oct/2020 04:01:16  
                      --------------------------------------------------------------------------------
08/Oct/2020 04:01:16  Steady state energy criterion met, solver finished successfully.
                      
                      ------------------------------------------------------------------------------
08/Oct/2020 04:01:16  Frequency domain results normalized to default signal.
                      
                      
                      ------------------------------------------------------------------------------
08/Oct/2020 04:01:16  
                        ----------------------------------------------------------------------------
                                            Peak memory used (kB)         Free physical memory (kB) 
                                                                          At begin     Minimum      
                        ----------------------------------------------------------------------------
                        CAD preparation     22352                         2722712      2722712      
                        Matrices calc.      67382                         2691406      2665039      
                        Solver run total    54776                         2528076      2525912      
                        ----------------------------------------------------------------------------
                      
                      --------------------------------------------------------------------------------
                      Solver Statistics:
                      
                        Hardware:
                           Computer name:                 	DebagnikPC 
                      
                           Number of CPU threads:               4
                           Hardware info:                  	Hardware Accelerator Device not activated
                      
                        Number of mesh cells:             	22680
                        Excitation duration:              	3.55454875e+000 ns 
                        Calculation time for excitation:  	2 	s
                        Number of calculated pulse widths:	3.86684 
                        Steady state accuracy limit:      	-40	dB 
                        Simulated number of time steps:   	5729 
                        Maximum number of time steps:     	29631 
                        Time step width:
                           without subcycles:             	2.39917181e-003 ns
                           used:                          	2.39917181e-003 ns
                      
                        Reloading matrices:               	0 	s
                        Solver setup time:                	0 	s
                        Solver loop time:                 	7 	s
                        Solver post processing time:      	0 	s
                                                          	------------
                        Total solver time:                	7 	s
                      
                      ------------------------------------------------------------------------------
08/Oct/2020 04:01:16  
                        Adaptive port meshing time:          	9      	s
                        Total solver time (all cycles):      	28     	s
                        solver initialization and clean-up:  	6      	s
                                                             	------------
                        Total simulation time:               	43     	s
                      
                      ------------------------------------------------------------------------------
08/Oct/2020 04:01:16  Solver finished at: 04:01 AM Thursday, 08. October 2020
                      
                      
                      
                      ------------------------------------------------------------------------------
