Unknown:
C:\Users\KIIT\Documents\MWE_Lab\Lab07102020\Exp_7_2\Result\Model.log
Mesh:
C:\Users\KIIT\Documents\MWE_Lab\Lab07102020\Exp_7_2\Result\dA.mat
C:\Users\KIIT\Documents\MWE_Lab\Lab07102020\Exp_7_2\Result\dad.mat
C:\Users\KIIT\Documents\MWE_Lab\Lab07102020\Exp_7_2\Result\ds.mat
C:\Users\KIIT\Documents\MWE_Lab\Lab07102020\Exp_7_2\Result\dsd.mat
C:\Users\KIIT\Documents\MWE_Lab\Lab07102020\Exp_7_2\Result\dsMCalc.mat
C:\Users\KIIT\Documents\MWE_Lab\Lab07102020\Exp_7_2\Result\Eps.mat
C:\Users\KIIT\Documents\MWE_Lab\Lab07102020\Exp_7_2\Result\HexMatrix.m2h
C:\Users\KIIT\Documents\MWE_Lab\Lab07102020\Exp_7_2\Result\HexMatrix_MCalc.m2h
C:\Users\KIIT\Documents\MWE_Lab\Lab07102020\Exp_7_2\Result\MCalc.fmp
C:\Users\KIIT\Documents\MWE_Lab\Lab07102020\Exp_7_2\Result\MCalc.xcfd
C:\Users\KIIT\Documents\MWE_Lab\Lab07102020\Exp_7_2\Result\Model.cct
C:\Users\KIIT\Documents\MWE_Lab\Lab07102020\Exp_7_2\Result\Model.fmf
C:\Users\KIIT\Documents\MWE_Lab\Lab07102020\Exp_7_2\Result\Model.fmm
C:\Users\KIIT\Documents\MWE_Lab\Lab07102020\Exp_7_2\Result\Model.fpc
C:\Users\KIIT\Documents\MWE_Lab\Lab07102020\Exp_7_2\Result\Model.fsi
C:\Users\KIIT\Documents\MWE_Lab\Lab07102020\Exp_7_2\Result\Model.fwf
C:\Users\KIIT\Documents\MWE_Lab\Lab07102020\Exp_7_2\Result\Model.mss
C:\Users\KIIT\Documents\MWE_Lab\Lab07102020\Exp_7_2\Result\Model.spi
C:\Users\KIIT\Documents\MWE_Lab\Lab07102020\Exp_7_2\Result\Model.xcfd
C:\Users\KIIT\Documents\MWE_Lab\Lab07102020\Exp_7_2\Result\Model^PEC.fpf
C:\Users\KIIT\Documents\MWE_Lab\Lab07102020\Exp_7_2\Result\Mue.mat
C:\Users\KIIT\Documents\MWE_Lab\Lab07102020\Exp_7_2\Result\m^fbqq.mem
C:\Users\KIIT\Documents\MWE_Lab\Lab07102020\Exp_7_2\Result\m^fqq.mem
C:\Users\KIIT\Documents\MWE_Lab\Lab07102020\Exp_7_2\Result\p1.spi
C:\Users\KIIT\Documents\MWE_Lab\Lab07102020\Exp_7_2\Result\p2.spi
C:\Users\KIIT\Documents\MWE_Lab\Lab07102020\Exp_7_2\Result\p3.spi
C:\Users\KIIT\Documents\MWE_Lab\Lab07102020\Exp_7_2\Result\PEC.mat
C:\Users\KIIT\Documents\MWE_Lab\Lab07102020\Exp_7_2\Result\Port1.wgi
C:\Users\KIIT\Documents\MWE_Lab\Lab07102020\Exp_7_2\Result\Port2.wgi
C:\Users\KIIT\Documents\MWE_Lab\Lab07102020\Exp_7_2\Result\Port3.wgi
C:\Users\KIIT\Documents\MWE_Lab\Lab07102020\Exp_7_2\Result\PP.fsi
C:\Users\KIIT\Documents\MWE_Lab\Lab07102020\Exp_7_2\Result\p^a.mem
C:\Users\KIIT\Documents\MWE_Lab\Lab07102020\Exp_7_2\Result\p^m.mem
C:\Users\KIIT\Documents\MWE_Lab\Lab07102020\Exp_7_2\Result\S2HMatrix.m2h
C:\Users\KIIT\Documents\MWE_Lab\Lab07102020\Exp_7_2\Result\Shapes.con
C:\Users\KIIT\Documents\MWE_Lab\Lab07102020\Exp_7_2\Result\s^pm.mem
Port:
C:\Users\KIIT\Documents\MWE_Lab\Lab07102020\Exp_7_2\Result\Model.pmi
C:\Users\KIIT\Documents\MWE_Lab\Lab07102020\Exp_7_2\Result\Port1_1[7].m2d
C:\Users\KIIT\Documents\MWE_Lab\Lab07102020\Exp_7_2\Result\Port1_drv.m2d
C:\Users\KIIT\Documents\MWE_Lab\Lab07102020\Exp_7_2\Result\Port1_e1.prt
C:\Users\KIIT\Documents\MWE_Lab\Lab07102020\Exp_7_2\Result\Port1_e1[7].prt
C:\Users\KIIT\Documents\MWE_Lab\Lab07102020\Exp_7_2\Result\Port1_h1.prt
C:\Users\KIIT\Documents\MWE_Lab\Lab07102020\Exp_7_2\Result\Port1_h1[7].prt
C:\Users\KIIT\Documents\MWE_Lab\Lab07102020\Exp_7_2\Result\Port2_1[7].m2d
C:\Users\KIIT\Documents\MWE_Lab\Lab07102020\Exp_7_2\Result\Port2_drv.m2d
C:\Users\KIIT\Documents\MWE_Lab\Lab07102020\Exp_7_2\Result\Port2_e1.prt
C:\Users\KIIT\Documents\MWE_Lab\Lab07102020\Exp_7_2\Result\Port2_e1[7].prt
C:\Users\KIIT\Documents\MWE_Lab\Lab07102020\Exp_7_2\Result\Port2_h1.prt
C:\Users\KIIT\Documents\MWE_Lab\Lab07102020\Exp_7_2\Result\Port2_h1[7].prt
C:\Users\KIIT\Documents\MWE_Lab\Lab07102020\Exp_7_2\Result\Port3_1[7].m2d
C:\Users\KIIT\Documents\MWE_Lab\Lab07102020\Exp_7_2\Result\Port3_drv.m2d
C:\Users\KIIT\Documents\MWE_Lab\Lab07102020\Exp_7_2\Result\Port3_e1.prt
C:\Users\KIIT\Documents\MWE_Lab\Lab07102020\Exp_7_2\Result\Port3_e1[7].prt
C:\Users\KIIT\Documents\MWE_Lab\Lab07102020\Exp_7_2\Result\Port3_h1.prt
C:\Users\KIIT\Documents\MWE_Lab\Lab07102020\Exp_7_2\Result\Port3_h1[7].prt
