28/Aug/2020 20:52:04  Defined reference frequency for open boundary condition (1.05 GHz) is larger
                      than the lowest relevant system frequency (monitor at 0.73 GHz).
                      Please check open boundary settings to ensure accurate monitor results for the
                      lowest frequency of interest.
                      
                      ------------------------------------------------------------------------------
28/Aug/2020 20:52:04  *** Warning ***
                      
                      This software is licensed for personal and educational purposes only.
                      
                      ------------------------------------------------------------------------------
28/Aug/2020 20:52:04  The following farfield monitor(s) have been adjusted to model box [-113.596,
                      150.416, -5.07553, 5.07553, -92.3261, 92.3261].
                        farfield (f=0.73). More...
                      
                      ------------------------------------------------------------------------------
28/Aug/2020 20:52:04  
                      Solver started at: 08:52 PM Friday, 28. August 2020 (India Standard Time)
                      
                        Module:  Time Domain: S-Parameter (Win 64)
                        Version: 2019.5 Release from 2019-04-26 (change 688563)
                      

                      ------------------------------------------------------------------------------

                      ------------------------------------------------------------------------------
28/Aug/2020 20:52:04  ======================================================================
                       Solver cycle: 1
                      ======================================================================
                      
                      Stimulation at discrete port 1 
                      
                      
                      
                      ------------------------------------------------------------------------------
28/Aug/2020 20:52:04  Units settings: 
                      
                        Dimensions: mm
                        Frequency:  GHz
                        Time:       ns
                      
                      ------------------------------------------------------------------------------
28/Aug/2020 20:52:09  The following discrete edge port is connected to metal material:
                      	1
                      
                      ------------------------------------------------------------------------------
28/Aug/2020 20:52:09  Mesh statistics:
                      
                         Hexahedral mesh type: PBA [Version: default]
                      
                         Parallelization type: domain decomposition
                            Number of parallel working threads: 1
                            Number of calculation domains used: 1
                      
                         Used point accuracy enhancement value: 75.00%.
                         PBA fill limit: 99.00% (inverse)

28/Aug/2020 20:52:09  Boundary conditions: 
                      
                        YZsymmetry: none
                        XZsymmetry: none
                        XYsymmetry: none
                      
                        Xmin: expanded open, 4 Layer, depth 87.4654 mm
                        Xmax: expanded open, 4 Layer, depth 87.4654 mm
                      
                        Ymin: expanded open, 4 Layer, depth 87.4654 mm
                        Ymax: expanded open, 4 Layer, depth 87.4654 mm
                      
                        Zmin: expanded open, 4 Layer, depth 87.7644 mm
                        Zmax: expanded open, 4 Layer, depth 87.7644 mm
                      
                        PML-Type: Convolution PML
                      
                      ------------------------------------------------------------------------------
28/Aug/2020 20:52:09  Frequency settings: 
                      
                        Fmin:         0.1
                        Fmax:         2
                        Nfsteps(lin): 1001
                      
                      ------------------------------------------------------------------------------
28/Aug/2020 20:52:09  Port: 1
                      
28/Aug/2020 20:52:09    Discrete element, reference impedance = 73 Ohm
                      
                      ------------------------------------------------------------------------------
28/Aug/2020 20:52:09  Field update statistics:
                      
                        Number of components in total: 	183799
                      
                      Subcycling state:      Automatically deactivated
                      
                      ------------------------------------------------------------------------------
28/Aug/2020 20:52:13  
                      --------------------------------------------------------------------------------
28/Aug/2020 20:52:13  Steady state energy criterion met, solver finished successfully.
                      
                      ------------------------------------------------------------------------------
28/Aug/2020 20:52:13  Frequency domain results normalized to default signal.
                      
                      
                      ------------------------------------------------------------------------------
28/Aug/2020 20:52:13  
                        ----------------------------------------------------------------------------
                                            Peak memory used (kB)         Free physical memory (kB) 
                                                                          At begin     Minimum      
                        ----------------------------------------------------------------------------
                        CAD preparation     22432                         2619588      2619588      
                        Matrices calc.      38085                         2595703      2571289      
                        Solver run total    40376                         2636908      2572888      
                        ----------------------------------------------------------------------------
                      
                      --------------------------------------------------------------------------------
                      Solver Statistics:
                      
                        Hardware:
                           Computer name:                 	DebagnikPC 
                      
                           Number of CPU threads:               4
                           Hardware info:                  	Hardware Accelerator Device not activated
                      
                        Number of mesh cells:             	28938
                        Excitation duration:              	3.74163026e+000 ns 
                        Calculation time for excitation:  	1 	s
                        Number of calculated pulse widths:	3.4631 
                        Steady state accuracy limit:      	-40	dB 
                        Simulated number of time steps:   	3239 
                        Maximum number of time steps:     	18705 
                        Time step width:
                           without subcycles:             	4.00050586e-003 ns
                           used:                          	4.00050586e-003 ns
                      
                        CAD preparation time:             	0      	s
                        Matrix calculation time:          	4 	s
                        Solver setup time:                	0 	s
                        Solver loop time:                 	3 	s
                        Solver post processing time:      	0 	s
                                                          	------------
                        Total solver time:                	7 	s
                      
                      ------------------------------------------------------------------------------
28/Aug/2020 20:52:13  
                        Adaptive port meshing time:          	0      	s
                        Total solver time (all cycles):      	7      	s
                        solver initialization and clean-up:  	2      	s
                                                             	------------
                        Total simulation time:               	9      	s
                      
                      ------------------------------------------------------------------------------
28/Aug/2020 20:52:13  Solver finished at: 08:52 PM Friday, 28. August 2020
                      
                      
                      
                      ------------------------------------------------------------------------------
