Port monitor named: Port1_h1.prt

nx        = 23
ny        = 4
nz        = 16

nu        = 14
nv        = 21
iu        = 2
iv        = 2

idir      = 1
dcut      = 0.000000e+000
icut      = 2
type      = 1
frequency = 3.000000e+009

fcutoff   = 0.000000e+000
alpha     = 0.000000e+000
beta      = 1.138814e+002
accuracy  = 4.279824e-010

type          = QTEM
wave imp.     = 2.154498e+002
wave imp.sig. = 5.674359e-009
line imp.     = 5.337953e+001

ref. port     = 0

0.000000e+000  6.665598e-003  6.670682e-002  1.257573e-001  1.829615e-001  2.375312e-001  2.887740e-001  3.361173e-001  3.791268e-001  4.482124e-001  5.014152e-001  5.400480e-001  5.664736e-001  5.773392e-001  
0.000000e+000  1.977539e-002  1.978369e-001  3.722800e-001  5.399816e-001  6.980712e-001  8.440511e-001  9.759082e-001  1.092209e+000  1.268577e+000  1.390658e+000  1.466743e+000  1.508921e+000  1.463830e+000  
0.000000e+000  3.231278e-002  3.231779e-001  6.072751e-001  8.787005e-001  1.131936e+000  1.362092e+000  1.565197e+000  1.738484e+000  1.982885e+000  2.126850e+000  2.192355e+000  2.208029e+000  2.045162e+000  
0.000000e+000  5.195663e-002  5.195510e-001  9.752612e-001  1.408310e+000  1.807954e+000  2.163900e+000  2.467133e+000  2.711063e+000  3.005134e+000  3.106399e+000  3.076600e+000  2.984824e+000  2.575912e+000  
0.000000e+000  8.404540e-002  8.407563e-001  1.581313e+000  2.288937e+000  2.943184e+000  3.519719e+000  3.992275e+000  4.337685e+000  4.614658e+000  4.490306e+000  4.159836e+000  3.788476e+000  2.967286e+000  
0.000000e+000  1.206087e-001  1.208707e+000  2.295068e+000  3.369984e+000  4.407567e+000  5.357407e+000  6.140334e+000  6.659407e+000  6.732663e+000  6.003739e+000  5.078457e+000  4.256970e+000  3.042889e+000  
0.000000e+000  1.451683e-001  1.457959e+000  2.799985e+000  4.187784e+000  5.613924e+000  7.021903e+000  8.268175e+000  9.092277e+000  8.748539e+000  7.165779e+000  5.619929e+000  4.420583e+000  2.984268e+000  
0.000000e+000  1.616790e-001  1.628956e+000  3.182109e+000  4.901729e+000  6.865370e+000  9.111069e+000  1.151016e+001  1.337617e+001  1.169514e+001  8.309073e+000  5.910869e+000  4.339937e+000  2.795924e+000  
0.000000e+000  1.555058e-001  1.571534e+000  3.121431e+000  4.966449e+000  7.365745e+000  1.078888e+001  1.615838e+001  2.272364e+001  1.592211e+001  8.728793e+000  5.594594e+000  3.912550e+000  2.467630e+000  
0.000000e+000  5.391665e-002  5.390782e-001  1.010596e+000  1.449918e+000  1.824630e+000  2.075923e+000  2.095892e+000  0.000000e+000  1.927513e+000  2.268349e+000  2.124755e+000  1.875024e+000  1.319027e+000  
0.000000e+000  -5.391665e-002  -5.390782e-001  -1.010596e+000  -1.449918e+000  -1.824630e+000  -2.075923e+000  -2.095892e+000  0.000000e+000  -1.927513e+000  -2.268349e+000  -2.124755e+000  -1.875024e+000  -1.319027e+000  
0.000000e+000  -1.555059e-001  -1.571534e+000  -3.121431e+000  -4.966449e+000  -7.365745e+000  -1.078888e+001  -1.615838e+001  -2.272364e+001  -1.592211e+001  -8.728793e+000  -5.594594e+000  -3.912550e+000  -2.467630e+000  
0.000000e+000  -1.616789e-001  -1.628956e+000  -3.182109e+000  -4.901729e+000  -6.865370e+000  -9.111069e+000  -1.151016e+001  -1.337617e+001  -1.169514e+001  -8.309073e+000  -5.910869e+000  -4.339937e+000  -2.795924e+000  
0.000000e+000  -1.451684e-001  -1.457959e+000  -2.799985e+000  -4.187784e+000  -5.613924e+000  -7.021903e+000  -8.268175e+000  -9.092277e+000  -8.748539e+000  -7.165779e+000  -5.619929e+000  -4.420583e+000  -2.984268e+000  
0.000000e+000  -1.206087e-001  -1.208707e+000  -2.295068e+000  -3.369984e+000  -4.407567e+000  -5.357407e+000  -6.140334e+000  -6.659407e+000  -6.732663e+000  -6.003739e+000  -5.078457e+000  -4.256970e+000  -3.042889e+000  
0.000000e+000  -8.404539e-002  -8.407563e-001  -1.581313e+000  -2.288937e+000  -2.943184e+000  -3.519719e+000  -3.992275e+000  -4.337685e+000  -4.614658e+000  -4.490306e+000  -4.159836e+000  -3.788476e+000  -2.967286e+000  
0.000000e+000  -5.195664e-002  -5.195510e-001  -9.752612e-001  -1.408310e+000  -1.807954e+000  -2.163900e+000  -2.467133e+000  -2.711063e+000  -3.005134e+000  -3.106399e+000  -3.076600e+000  -2.984824e+000  -2.575912e+000  
0.000000e+000  -3.231280e-002  -3.231779e-001  -6.072751e-001  -8.787005e-001  -1.131936e+000  -1.362092e+000  -1.565197e+000  -1.738484e+000  -1.982885e+000  -2.126850e+000  -2.192355e+000  -2.208029e+000  -2.045162e+000  
0.000000e+000  -1.977540e-002  -1.978368e-001  -3.722800e-001  -5.399816e-001  -6.980712e-001  -8.440511e-001  -9.759082e-001  -1.092209e+000  -1.268577e+000  -1.390658e+000  -1.466743e+000  -1.508921e+000  -1.463830e+000  
0.000000e+000  -6.665585e-003  -6.670682e-002  -1.257573e-001  -1.829615e-001  -2.375312e-001  -2.887740e-001  -3.361173e-001  -3.791268e-001  -4.482124e-001  -5.014152e-001  -5.400480e-001  -5.664736e-001  -5.773392e-001  
0.000000e+000  0.000000e+000  0.000000e+000  0.000000e+000  0.000000e+000  0.000000e+000  0.000000e+000  0.000000e+000  0.000000e+000  0.000000e+000  0.000000e+000  0.000000e+000  0.000000e+000  0.000000e+000  

-2.993710e+000  -2.991695e+000  -2.969462e+000  -2.927273e+000  -2.865706e+000  -2.785585e+000  -2.687953e+000  -2.574040e+000  -2.396922e+000  -2.131375e+000  -1.834944e+000  -1.516104e+000  -6.807226e-001  0.000000e+000  
-3.410871e+000  -3.408252e+000  -3.379608e+000  -3.325392e+000  -3.246610e+000  -3.144700e+000  -3.021478e+000  -2.879058e+000  -2.658588e+000  -2.335490e+000  -1.985822e+000  -1.621750e+000  -6.965301e-001  0.000000e+000  
-4.024281e+000  -4.020555e+000  -3.980263e+000  -3.904209e+000  -3.794208e+000  -3.652894e+000  -3.483636e+000  -3.290416e+000  -2.993401e+000  -2.572880e+000  -2.139855e+000  -1.713143e+000  -6.851784e-001  0.000000e+000  
-5.019160e+000  -5.013359e+000  -4.951344e+000  -4.834373e+000  -4.665489e+000  -4.449342e+000  -4.192241e+000  -3.902047e+000  -3.459374e+000  -2.859862e+000  -2.285486e+000  -1.766705e+000  -6.261987e-001  0.000000e+000  
-6.603629e+000  -6.594203e+000  -6.494179e+000  -6.304282e+000  -6.027610e+000  -5.670230e+000  -5.242517e+000  -4.760143e+000  -4.026468e+000  -3.086014e+000  -2.277026e+000  -1.642917e+000  -4.639742e-001  0.000000e+000  
-9.140924e+000  -9.126738e+000  -8.975509e+000  -8.680262e+000  -8.232089e+000  -7.624287e+000  -6.860799e+000  -5.967214e+000  -4.581480e+000  -2.936567e+000  -1.760095e+000  -1.044267e+000  -1.260655e-001  0.000000e+000  
-1.094825e+001  -1.093423e+001  -1.078130e+001  -1.046901e+001  -9.962100e+000  -9.213903e+000  -8.181449e+000  -6.861245e+000  -4.690556e+000  -2.345345e+000  -9.916845e-001  -3.585700e-001  1.273899e-001  0.000000e+000  
-1.311615e+001  -1.310741e+001  -1.300350e+001  -1.276780e+001  -1.232605e+001  -1.155173e+001  -1.026011e+001  -8.257197e+000  -4.445025e+000  -1.020598e+000  3.106318e-001  6.525118e-001  4.289143e-001  0.000000e+000  
-1.552476e+001  -1.553034e+001  -1.556787e+001  -1.560563e+001  -1.556455e+001  -1.525395e+001  -1.421794e+001  -1.135451e+001  -3.051391e+000  1.857405e+000  2.348053e+000  1.984697e+000  7.541682e-001  0.000000e+000  
-1.783905e+001  -1.786617e+001  -1.812325e+001  -1.864391e+001  -1.950874e+001  -2.087005e+001  -2.301010e+001  -2.646457e+001  1.451299e+001  8.018739e+000  5.022530e+000  3.414975e+000  1.058960e+000  0.000000e+000  
-2.107286e+001  -2.109211e+001  -2.126263e+001  -2.157692e+001  -2.202518e+001  -2.258765e+001  -2.322655e+001  -2.387092e+001  7.901047e+000  6.783228e+000  5.468496e+000  4.237734e+000  1.524295e+000  0.000000e+000  
-1.783905e+001  -1.786617e+001  -1.812325e+001  -1.864391e+001  -1.950874e+001  -2.087005e+001  -2.301010e+001  -2.646457e+001  1.451299e+001  8.018739e+000  5.022530e+000  3.414975e+000  1.058960e+000  0.000000e+000  
-1.552476e+001  -1.553034e+001  -1.556787e+001  -1.560563e+001  -1.556455e+001  -1.525395e+001  -1.421794e+001  -1.135450e+001  -3.051391e+000  1.857405e+000  2.348053e+000  1.984697e+000  7.541682e-001  0.000000e+000  
-1.311615e+001  -1.310741e+001  -1.300350e+001  -1.276780e+001  -1.232605e+001  -1.155173e+001  -1.026011e+001  -8.257197e+000  -4.445025e+000  -1.020598e+000  3.106318e-001  6.525118e-001  4.289143e-001  0.000000e+000  
-1.094825e+001  -1.093423e+001  -1.078130e+001  -1.046901e+001  -9.962100e+000  -9.213903e+000  -8.181449e+000  -6.861245e+000  -4.690556e+000  -2.345345e+000  -9.916845e-001  -3.585700e-001  1.273899e-001  0.000000e+000  
-9.140924e+000  -9.126738e+000  -8.975509e+000  -8.680262e+000  -8.232089e+000  -7.624287e+000  -6.860799e+000  -5.967214e+000  -4.581480e+000  -2.936567e+000  -1.760095e+000  -1.044267e+000  -1.260655e-001  0.000000e+000  
-6.603629e+000  -6.594203e+000  -6.494179e+000  -6.304282e+000  -6.027610e+000  -5.670230e+000  -5.242517e+000  -4.760143e+000  -4.026468e+000  -3.086014e+000  -2.277026e+000  -1.642917e+000  -4.639742e-001  0.000000e+000  
-5.019161e+000  -5.013359e+000  -4.951344e+000  -4.834373e+000  -4.665489e+000  -4.449342e+000  -4.192241e+000  -3.902047e+000  -3.459374e+000  -2.859862e+000  -2.285486e+000  -1.766705e+000  -6.261987e-001  0.000000e+000  
-4.024281e+000  -4.020555e+000  -3.980263e+000  -3.904209e+000  -3.794208e+000  -3.652894e+000  -3.483637e+000  -3.290416e+000  -2.993401e+000  -2.572880e+000  -2.139855e+000  -1.713143e+000  -6.851784e-001  0.000000e+000  
-3.410871e+000  -3.408252e+000  -3.379608e+000  -3.325392e+000  -3.246610e+000  -3.144700e+000  -3.021478e+000  -2.879058e+000  -2.658588e+000  -2.335490e+000  -1.985822e+000  -1.621750e+000  -6.965301e-001  0.000000e+000  
-2.993710e+000  -2.991695e+000  -2.969462e+000  -2.927273e+000  -2.865706e+000  -2.785585e+000  -2.687954e+000  -2.574039e+000  -2.396922e+000  -2.131375e+000  -1.834944e+000  -1.516104e+000  -6.807226e-001  0.000000e+000  

0.000000e+000  0.000000e+000  0.000000e+000  0.000000e+000  0.000000e+000  0.000000e+000  0.000000e+000  0.000000e+000  0.000000e+000  0.000000e+000  0.000000e+000  0.000000e+000  0.000000e+000  0.000000e+000  
0.000000e+000  0.000000e+000  0.000000e+000  0.000000e+000  0.000000e+000  0.000000e+000  0.000000e+000  0.000000e+000  0.000000e+000  0.000000e+000  0.000000e+000  0.000000e+000  0.000000e+000  0.000000e+000  
0.000000e+000  0.000000e+000  0.000000e+000  0.000000e+000  0.000000e+000  0.000000e+000  0.000000e+000  0.000000e+000  0.000000e+000  0.000000e+000  0.000000e+000  0.000000e+000  0.000000e+000  0.000000e+000  
0.000000e+000  0.000000e+000  0.000000e+000  0.000000e+000  0.000000e+000  0.000000e+000  0.000000e+000  0.000000e+000  0.000000e+000  0.000000e+000  0.000000e+000  0.000000e+000  0.000000e+000  0.000000e+000  
0.000000e+000  0.000000e+000  0.000000e+000  0.000000e+000  0.000000e+000  0.000000e+000  0.000000e+000  0.000000e+000  0.000000e+000  0.000000e+000  0.000000e+000  0.000000e+000  0.000000e+000  0.000000e+000  
0.000000e+000  0.000000e+000  0.000000e+000  0.000000e+000  0.000000e+000  0.000000e+000  0.000000e+000  0.000000e+000  0.000000e+000  0.000000e+000  0.000000e+000  0.000000e+000  0.000000e+000  0.000000e+000  
0.000000e+000  0.000000e+000  0.000000e+000  0.000000e+000  0.000000e+000  0.000000e+000  0.000000e+000  0.000000e+000  0.000000e+000  0.000000e+000  0.000000e+000  0.000000e+000  0.000000e+000  0.000000e+000  
0.000000e+000  0.000000e+000  0.000000e+000  0.000000e+000  0.000000e+000  0.000000e+000  0.000000e+000  0.000000e+000  0.000000e+000  0.000000e+000  0.000000e+000  0.000000e+000  0.000000e+000  0.000000e+000  
0.000000e+000  0.000000e+000  0.000000e+000  0.000000e+000  0.000000e+000  0.000000e+000  0.000000e+000  0.000000e+000  0.000000e+000  0.000000e+000  0.000000e+000  0.000000e+000  0.000000e+000  0.000000e+000  
0.000000e+000  0.000000e+000  0.000000e+000  0.000000e+000  0.000000e+000  0.000000e+000  0.000000e+000  0.000000e+000  0.000000e+000  0.000000e+000  0.000000e+000  0.000000e+000  0.000000e+000  0.000000e+000  
0.000000e+000  0.000000e+000  0.000000e+000  0.000000e+000  0.000000e+000  0.000000e+000  0.000000e+000  0.000000e+000  0.000000e+000  0.000000e+000  0.000000e+000  0.000000e+000  0.000000e+000  0.000000e+000  
0.000000e+000  0.000000e+000  0.000000e+000  0.000000e+000  0.000000e+000  0.000000e+000  0.000000e+000  0.000000e+000  0.000000e+000  0.000000e+000  0.000000e+000  0.000000e+000  0.000000e+000  0.000000e+000  
0.000000e+000  0.000000e+000  0.000000e+000  0.000000e+000  0.000000e+000  0.000000e+000  0.000000e+000  0.000000e+000  0.000000e+000  0.000000e+000  0.000000e+000  0.000000e+000  0.000000e+000  0.000000e+000  
0.000000e+000  0.000000e+000  0.000000e+000  0.000000e+000  0.000000e+000  0.000000e+000  0.000000e+000  0.000000e+000  0.000000e+000  0.000000e+000  0.000000e+000  0.000000e+000  0.000000e+000  0.000000e+000  
0.000000e+000  0.000000e+000  0.000000e+000  0.000000e+000  0.000000e+000  0.000000e+000  0.000000e+000  0.000000e+000  0.000000e+000  0.000000e+000  0.000000e+000  0.000000e+000  0.000000e+000  0.000000e+000  
0.000000e+000  0.000000e+000  0.000000e+000  0.000000e+000  0.000000e+000  0.000000e+000  0.000000e+000  0.000000e+000  0.000000e+000  0.000000e+000  0.000000e+000  0.000000e+000  0.000000e+000  0.000000e+000  
0.000000e+000  0.000000e+000  0.000000e+000  0.000000e+000  0.000000e+000  0.000000e+000  0.000000e+000  0.000000e+000  0.000000e+000  0.000000e+000  0.000000e+000  0.000000e+000  0.000000e+000  0.000000e+000  
0.000000e+000  0.000000e+000  0.000000e+000  0.000000e+000  0.000000e+000  0.000000e+000  0.000000e+000  0.000000e+000  0.000000e+000  0.000000e+000  0.000000e+000  0.000000e+000  0.000000e+000  0.000000e+000  
0.000000e+000  0.000000e+000  0.000000e+000  0.000000e+000  0.000000e+000  0.000000e+000  0.000000e+000  0.000000e+000  0.000000e+000  0.000000e+000  0.000000e+000  0.000000e+000  0.000000e+000  0.000000e+000  
0.000000e+000  0.000000e+000  0.000000e+000  0.000000e+000  0.000000e+000  0.000000e+000  0.000000e+000  0.000000e+000  0.000000e+000  0.000000e+000  0.000000e+000  0.000000e+000  0.000000e+000  0.000000e+000  
0.000000e+000  0.000000e+000  0.000000e+000  0.000000e+000  0.000000e+000  0.000000e+000  0.000000e+000  0.000000e+000  0.000000e+000  0.000000e+000  0.000000e+000  0.000000e+000  0.000000e+000  0.000000e+000  

0.000000e+000  0.000000e+000  0.000000e+000  0.000000e+000  0.000000e+000  0.000000e+000  0.000000e+000  0.000000e+000  0.000000e+000  0.000000e+000  0.000000e+000  0.000000e+000  0.000000e+000  0.000000e+000  
0.000000e+000  0.000000e+000  0.000000e+000  0.000000e+000  0.000000e+000  0.000000e+000  0.000000e+000  0.000000e+000  0.000000e+000  0.000000e+000  0.000000e+000  0.000000e+000  0.000000e+000  0.000000e+000  
0.000000e+000  0.000000e+000  0.000000e+000  0.000000e+000  0.000000e+000  0.000000e+000  0.000000e+000  0.000000e+000  0.000000e+000  0.000000e+000  0.000000e+000  0.000000e+000  0.000000e+000  0.000000e+000  
0.000000e+000  0.000000e+000  0.000000e+000  0.000000e+000  0.000000e+000  0.000000e+000  0.000000e+000  0.000000e+000  0.000000e+000  0.000000e+000  0.000000e+000  0.000000e+000  0.000000e+000  0.000000e+000  
0.000000e+000  0.000000e+000  0.000000e+000  0.000000e+000  0.000000e+000  0.000000e+000  0.000000e+000  0.000000e+000  0.000000e+000  0.000000e+000  0.000000e+000  0.000000e+000  0.000000e+000  0.000000e+000  
0.000000e+000  0.000000e+000  0.000000e+000  0.000000e+000  0.000000e+000  0.000000e+000  0.000000e+000  0.000000e+000  0.000000e+000  0.000000e+000  0.000000e+000  0.000000e+000  0.000000e+000  0.000000e+000  
0.000000e+000  0.000000e+000  0.000000e+000  0.000000e+000  0.000000e+000  0.000000e+000  0.000000e+000  0.000000e+000  0.000000e+000  0.000000e+000  0.000000e+000  0.000000e+000  0.000000e+000  0.000000e+000  
0.000000e+000  0.000000e+000  0.000000e+000  0.000000e+000  0.000000e+000  0.000000e+000  0.000000e+000  0.000000e+000  0.000000e+000  0.000000e+000  0.000000e+000  0.000000e+000  0.000000e+000  0.000000e+000  
0.000000e+000  0.000000e+000  0.000000e+000  0.000000e+000  0.000000e+000  0.000000e+000  0.000000e+000  0.000000e+000  0.000000e+000  0.000000e+000  0.000000e+000  0.000000e+000  0.000000e+000  0.000000e+000  
0.000000e+000  0.000000e+000  0.000000e+000  0.000000e+000  0.000000e+000  0.000000e+000  0.000000e+000  0.000000e+000  0.000000e+000  0.000000e+000  0.000000e+000  0.000000e+000  0.000000e+000  0.000000e+000  
0.000000e+000  0.000000e+000  0.000000e+000  0.000000e+000  0.000000e+000  0.000000e+000  0.000000e+000  0.000000e+000  0.000000e+000  0.000000e+000  0.000000e+000  0.000000e+000  0.000000e+000  0.000000e+000  
0.000000e+000  0.000000e+000  0.000000e+000  0.000000e+000  0.000000e+000  0.000000e+000  0.000000e+000  0.000000e+000  0.000000e+000  0.000000e+000  0.000000e+000  0.000000e+000  0.000000e+000  0.000000e+000  
0.000000e+000  0.000000e+000  0.000000e+000  0.000000e+000  0.000000e+000  0.000000e+000  0.000000e+000  0.000000e+000  0.000000e+000  0.000000e+000  0.000000e+000  0.000000e+000  0.000000e+000  0.000000e+000  
0.000000e+000  0.000000e+000  0.000000e+000  0.000000e+000  0.000000e+000  0.000000e+000  0.000000e+000  0.000000e+000  0.000000e+000  0.000000e+000  0.000000e+000  0.000000e+000  0.000000e+000  0.000000e+000  
0.000000e+000  0.000000e+000  0.000000e+000  0.000000e+000  0.000000e+000  0.000000e+000  0.000000e+000  0.000000e+000  0.000000e+000  0.000000e+000  0.000000e+000  0.000000e+000  0.000000e+000  0.000000e+000  
0.000000e+000  0.000000e+000  0.000000e+000  0.000000e+000  0.000000e+000  0.000000e+000  0.000000e+000  0.000000e+000  0.000000e+000  0.000000e+000  0.000000e+000  0.000000e+000  0.000000e+000  0.000000e+000  
0.000000e+000  0.000000e+000  0.000000e+000  0.000000e+000  0.000000e+000  0.000000e+000  0.000000e+000  0.000000e+000  0.000000e+000  0.000000e+000  0.000000e+000  0.000000e+000  0.000000e+000  0.000000e+000  
0.000000e+000  0.000000e+000  0.000000e+000  0.000000e+000  0.000000e+000  0.000000e+000  0.000000e+000  0.000000e+000  0.000000e+000  0.000000e+000  0.000000e+000  0.000000e+000  0.000000e+000  0.000000e+000  
0.000000e+000  0.000000e+000  0.000000e+000  0.000000e+000  0.000000e+000  0.000000e+000  0.000000e+000  0.000000e+000  0.000000e+000  0.000000e+000  0.000000e+000  0.000000e+000  0.000000e+000  0.000000e+000  
0.000000e+000  0.000000e+000  0.000000e+000  0.000000e+000  0.000000e+000  0.000000e+000  0.000000e+000  0.000000e+000  0.000000e+000  0.000000e+000  0.000000e+000  0.000000e+000  0.000000e+000  0.000000e+000  
0.000000e+000  0.000000e+000  0.000000e+000  0.000000e+000  0.000000e+000  0.000000e+000  0.000000e+000  0.000000e+000  0.000000e+000  0.000000e+000  0.000000e+000  0.000000e+000  0.000000e+000  0.000000e+000  

0.000000e+000  0.000000e+000  0.000000e+000  0.000000e+000  0.000000e+000  0.000000e+000  0.000000e+000  0.000000e+000  0.000000e+000  0.000000e+000  0.000000e+000  0.000000e+000  0.000000e+000  0.000000e+000  
0.000000e+000  0.000000e+000  0.000000e+000  0.000000e+000  0.000000e+000  0.000000e+000  0.000000e+000  0.000000e+000  0.000000e+000  0.000000e+000  0.000000e+000  0.000000e+000  0.000000e+000  0.000000e+000  
0.000000e+000  0.000000e+000  0.000000e+000  0.000000e+000  0.000000e+000  0.000000e+000  0.000000e+000  0.000000e+000  0.000000e+000  0.000000e+000  0.000000e+000  0.000000e+000  0.000000e+000  0.000000e+000  
0.000000e+000  0.000000e+000  0.000000e+000  0.000000e+000  0.000000e+000  0.000000e+000  0.000000e+000  0.000000e+000  0.000000e+000  0.000000e+000  0.000000e+000  0.000000e+000  0.000000e+000  0.000000e+000  
0.000000e+000  0.000000e+000  0.000000e+000  0.000000e+000  0.000000e+000  0.000000e+000  0.000000e+000  0.000000e+000  0.000000e+000  0.000000e+000  0.000000e+000  0.000000e+000  0.000000e+000  0.000000e+000  
0.000000e+000  0.000000e+000  0.000000e+000  0.000000e+000  0.000000e+000  0.000000e+000  0.000000e+000  0.000000e+000  0.000000e+000  0.000000e+000  0.000000e+000  0.000000e+000  0.000000e+000  0.000000e+000  
0.000000e+000  0.000000e+000  0.000000e+000  0.000000e+000  0.000000e+000  0.000000e+000  0.000000e+000  0.000000e+000  0.000000e+000  0.000000e+000  0.000000e+000  0.000000e+000  0.000000e+000  0.000000e+000  
0.000000e+000  0.000000e+000  0.000000e+000  0.000000e+000  0.000000e+000  0.000000e+000  0.000000e+000  0.000000e+000  0.000000e+000  0.000000e+000  0.000000e+000  0.000000e+000  0.000000e+000  0.000000e+000  
0.000000e+000  0.000000e+000  0.000000e+000  0.000000e+000  0.000000e+000  0.000000e+000  0.000000e+000  0.000000e+000  0.000000e+000  0.000000e+000  0.000000e+000  0.000000e+000  0.000000e+000  0.000000e+000  
0.000000e+000  0.000000e+000  0.000000e+000  0.000000e+000  0.000000e+000  0.000000e+000  0.000000e+000  0.000000e+000  0.000000e+000  0.000000e+000  0.000000e+000  0.000000e+000  0.000000e+000  0.000000e+000  
0.000000e+000  0.000000e+000  0.000000e+000  0.000000e+000  0.000000e+000  0.000000e+000  0.000000e+000  0.000000e+000  0.000000e+000  0.000000e+000  0.000000e+000  0.000000e+000  0.000000e+000  0.000000e+000  
0.000000e+000  0.000000e+000  0.000000e+000  0.000000e+000  0.000000e+000  0.000000e+000  0.000000e+000  0.000000e+000  0.000000e+000  0.000000e+000  0.000000e+000  0.000000e+000  0.000000e+000  0.000000e+000  
0.000000e+000  0.000000e+000  0.000000e+000  0.000000e+000  0.000000e+000  0.000000e+000  0.000000e+000  0.000000e+000  0.000000e+000  0.000000e+000  0.000000e+000  0.000000e+000  0.000000e+000  0.000000e+000  
0.000000e+000  0.000000e+000  0.000000e+000  0.000000e+000  0.000000e+000  0.000000e+000  0.000000e+000  0.000000e+000  0.000000e+000  0.000000e+000  0.000000e+000  0.000000e+000  0.000000e+000  0.000000e+000  
0.000000e+000  0.000000e+000  0.000000e+000  0.000000e+000  0.000000e+000  0.000000e+000  0.000000e+000  0.000000e+000  0.000000e+000  0.000000e+000  0.000000e+000  0.000000e+000  0.000000e+000  0.000000e+000  
0.000000e+000  0.000000e+000  0.000000e+000  0.000000e+000  0.000000e+000  0.000000e+000  0.000000e+000  0.000000e+000  0.000000e+000  0.000000e+000  0.000000e+000  0.000000e+000  0.000000e+000  0.000000e+000  
0.000000e+000  0.000000e+000  0.000000e+000  0.000000e+000  0.000000e+000  0.000000e+000  0.000000e+000  0.000000e+000  0.000000e+000  0.000000e+000  0.000000e+000  0.000000e+000  0.000000e+000  0.000000e+000  
0.000000e+000  0.000000e+000  0.000000e+000  0.000000e+000  0.000000e+000  0.000000e+000  0.000000e+000  0.000000e+000  0.000000e+000  0.000000e+000  0.000000e+000  0.000000e+000  0.000000e+000  0.000000e+000  
0.000000e+000  0.000000e+000  0.000000e+000  0.000000e+000  0.000000e+000  0.000000e+000  0.000000e+000  0.000000e+000  0.000000e+000  0.000000e+000  0.000000e+000  0.000000e+000  0.000000e+000  0.000000e+000  
0.000000e+000  0.000000e+000  0.000000e+000  0.000000e+000  0.000000e+000  0.000000e+000  0.000000e+000  0.000000e+000  0.000000e+000  0.000000e+000  0.000000e+000  0.000000e+000  0.000000e+000  0.000000e+000  
0.000000e+000  0.000000e+000  0.000000e+000  0.000000e+000  0.000000e+000  0.000000e+000  0.000000e+000  0.000000e+000  0.000000e+000  0.000000e+000  0.000000e+000  0.000000e+000  0.000000e+000  0.000000e+000  

1.534506e-001  1.535740e-001  1.538159e-001  1.537746e-001  1.534053e-001  1.526514e-001  1.514465e-001  1.497179e-001  1.410010e-001  1.241981e-001  1.061454e-001  8.723833e-002  3.862487e-002  -0.000000e+000  
3.904784e-001  3.909629e-001  3.925479e-001  3.938670e-001  3.947489e-001  3.949752e-001  3.942880e-001  3.924012e-001  3.696784e-001  3.234359e-001  2.745170e-001  2.241595e-001  9.682649e-002  -0.000000e+000  
5.490107e-001  5.499556e-001  5.536730e-001  5.577090e-001  5.617409e-001  5.653515e-001  5.680431e-001  5.692567e-001  5.363508e-001  4.657757e-001  3.923665e-001  3.182347e-001  1.342245e-001  -0.000000e+000  
7.002463e-001  7.020612e-001  7.102240e-001  7.203890e-001  7.319837e-001  7.442456e-001  7.562338e-001  7.668593e-001  7.223219e-001  6.187876e-001  5.142606e-001  4.122816e-001  1.674508e-001  -0.000000e+000  
8.240121e-001  8.274032e-001  8.440200e-001  8.663569e-001  8.935735e-001  9.244308e-001  9.572316e-001  9.898179e-001  9.307480e-001  7.777416e-001  6.310731e-001  4.963023e-001  1.909366e-001  -0.000000e+000  
8.652217e-001  8.704968e-001  8.975289e-001  9.356396e-001  9.843763e-001  1.042622e+000  1.108133e+000  1.177092e+000  1.101596e+000  8.856584e-001  6.944651e-001  5.329922e-001  1.943845e-001  -0.000000e+000  
8.624847e-001  8.690483e-001  9.033621e-001  9.531667e-001  1.019184e+000  1.101600e+000  1.199002e+000  1.306621e+000  1.215335e+000  9.402979e-001  7.154948e-001  5.387660e-001  1.898166e-001  -0.000000e+000  
8.204756e-001  8.279494e-001  8.676614e-001  9.272200e-001  1.009990e+000  1.120277e+000  1.262146e+000  1.434973e+000  1.319159e+000  9.587686e-001  7.016880e-001  5.176031e-001  1.771845e-001  -0.000000e+000  
7.325017e-001  7.397835e-001  7.789051e-001  8.392695e-001  9.273387e-001  1.054669e+000  1.242579e+000  1.532229e+000  1.383356e+000  9.016771e-001  6.345204e-001  4.614809e-001  1.559339e-001  -0.000000e+000  
3.989374e-001  4.015359e-001  4.152468e-001  4.347379e-001  4.593821e-001  4.879433e-001  5.180354e-001  5.451159e-001  4.222795e-001  3.633934e-001  2.937824e-001  2.282168e-001  8.273937e-002  -0.000000e+000  
-3.989374e-001  -4.015359e-001  -4.152468e-001  -4.347379e-001  -4.593821e-001  -4.879433e-001  -5.180354e-001  -5.451159e-001  -4.222795e-001  -3.633934e-001  -2.937824e-001  -2.282168e-001  -8.273937e-002  -0.000000e+000  
-7.325017e-001  -7.397835e-001  -7.789051e-001  -8.392695e-001  -9.273387e-001  -1.054669e+000  -1.242579e+000  -1.532229e+000  -1.383356e+000  -9.016771e-001  -6.345204e-001  -4.614809e-001  -1.559339e-001  -0.000000e+000  
-8.204756e-001  -8.279494e-001  -8.676614e-001  -9.272200e-001  -1.009990e+000  -1.120277e+000  -1.262146e+000  -1.434973e+000  -1.319159e+000  -9.587686e-001  -7.016880e-001  -5.176031e-001  -1.771845e-001  -0.000000e+000  
-8.624847e-001  -8.690483e-001  -9.033621e-001  -9.531667e-001  -1.019184e+000  -1.101600e+000  -1.199002e+000  -1.306621e+000  -1.215335e+000  -9.402979e-001  -7.154948e-001  -5.387660e-001  -1.898166e-001  -0.000000e+000  
-8.652217e-001  -8.704968e-001  -8.975289e-001  -9.356396e-001  -9.843763e-001  -1.042622e+000  -1.108133e+000  -1.177092e+000  -1.101596e+000  -8.856584e-001  -6.944651e-001  -5.329922e-001  -1.943845e-001  -0.000000e+000  
-8.240121e-001  -8.274032e-001  -8.440200e-001  -8.663569e-001  -8.935735e-001  -9.244308e-001  -9.572316e-001  -9.898179e-001  -9.307480e-001  -7.777416e-001  -6.310731e-001  -4.963023e-001  -1.909366e-001  -0.000000e+000  
-7.002463e-001  -7.020612e-001  -7.102240e-001  -7.203890e-001  -7.319837e-001  -7.442456e-001  -7.562338e-001  -7.668593e-001  -7.223219e-001  -6.187876e-001  -5.142606e-001  -4.122816e-001  -1.674508e-001  -0.000000e+000  
-5.490107e-001  -5.499556e-001  -5.536730e-001  -5.577090e-001  -5.617409e-001  -5.653515e-001  -5.680431e-001  -5.692567e-001  -5.363508e-001  -4.657757e-001  -3.923665e-001  -3.182347e-001  -1.342245e-001  -0.000000e+000  
-3.904784e-001  -3.909629e-001  -3.925479e-001  -3.938670e-001  -3.947489e-001  -3.949752e-001  -3.942880e-001  -3.924012e-001  -3.696784e-001  -3.234359e-001  -2.745170e-001  -2.241595e-001  -9.682649e-002  -0.000000e+000  
-1.534506e-001  -1.535740e-001  -1.538159e-001  -1.537746e-001  -1.534053e-001  -1.526514e-001  -1.514465e-001  -1.497179e-001  -1.410010e-001  -1.241981e-001  -1.061454e-001  -8.723833e-002  -3.862487e-002  -0.000000e+000  
-0.000000e+000  -0.000000e+000  -0.000000e+000  -0.000000e+000  -0.000000e+000  -0.000000e+000  -0.000000e+000  -0.000000e+000  -0.000000e+000  -0.000000e+000  -0.000000e+000  -0.000000e+000  -0.000000e+000  -0.000000e+000  

