Port monitor named: Port1_e1.prt

nx        = 23
ny        = 4
nz        = 16

nu        = 14
nv        = 21
iu        = 2
iv        = 2

idir      = 1
dcut      = 0.000000e+000
icut      = 2
type      = 0
frequency = 3.000000e+009

fcutoff   = 0.000000e+000
alpha     = 0.000000e+000
beta      = 1.138814e+002
accuracy  = 4.279824e-010

type          = QTEM
wave imp.     = 2.154498e+002
wave imp.sig. = 5.674359e-009
line imp.     = 5.337953e+001

ref. port     = 0

-7.875507e+002  -1.825969e+002  -1.786086e+002  -1.719924e+002  -1.629250e+002  -1.516451e+002  -1.384444e+002  -1.236562e+002  -4.821686e+002  -4.384186e+002  -3.838175e+002  -3.209146e+002  -1.485443e+002  0.000000e+000  
-1.034835e+003  -2.397859e+002  -2.335371e+002  -2.232085e+002  -2.091201e+002  -1.917054e+002  -1.714952e+002  -1.490957e+002  -5.670519e+002  -5.071274e+002  -4.368523e+002  -3.599351e+002  -1.578892e+002  0.000000e+000  
-1.449194e+003  -3.355546e+002  -3.251044e+002  -3.078671e+002  -2.844195e+002  -2.555568e+002  -2.222706e+002  -1.857114e+002  -6.791873e+002  -5.912823e+002  -4.961359e+002  -3.994397e+002  -1.616200e+002  0.000000e+000  
-2.187735e+003  -5.062000e+002  -4.879026e+002  -4.576819e+002  -4.164956e+002  -3.657388e+002  -3.072555e+002  -2.433016e+002  -8.392822e+002  -6.998085e+002  -5.624228e+002  -4.362182e+002  -1.554996e+002  0.000000e+000  
-3.493598e+003  -8.079702e+002  -7.760160e+002  -7.227273e+002  -6.491059e+002  -5.570205e+002  -4.495567e+002  -3.312348e+002  -1.042561e+003  -8.055173e+002  -5.982164e+002  -4.337654e+002  -1.244824e+002  0.000000e+000  
-5.787858e+003  -1.338984e+003  -1.288568e+003  -1.201708e+003  -1.076006e+003  -9.100886e+002  -7.059663e+002  -4.719115e+002  -1.262820e+003  -8.267713e+002  -5.096157e+002  -3.123972e+002  -4.841599e+001  0.000000e+000  
-7.515319e+003  -1.740620e+003  -1.688649e+003  -1.594603e+003  -1.448417e+003  -1.237730e+003  -9.525657e+002  -5.959783e+002  -1.339848e+003  -7.064564e+002  -3.326350e+002  -1.502123e+002  1.219412e+001  0.000000e+000  
-9.637064e+003  -2.236328e+003  -2.199301e+003  -2.124788e+003  -1.990952e+003  -1.762039e+003  -1.387898e+003  -8.219769e+002  -1.334537e+003  -3.942288e+002  -1.391645e+001  9.902125e+001  8.601189e+001  0.000000e+000  
-1.203256e+004  -2.799884e+003  -2.808087e+003  -2.811012e+003  -2.784332e+003  -2.670201e+003  -2.330633e+003  -1.431781e+003  -1.031869e+003  3.333963e+002  5.033479e+002  4.361110e+002  1.669520e+002  0.000000e+000  
-1.435529e+004  -3.349872e+003  -3.429337e+003  -3.574161e+003  -3.807921e+003  -4.174253e+003  -4.754021e+003  -5.701786e+003  3.613750e+003  1.949110e+003  1.197366e+003  8.037504e+002  2.436034e+002  0.000000e+000  
-1.764233e+004  -4.110865e+003  -4.164007e+003  -4.250958e+003  -4.368970e+003  -4.512559e+003  -4.671188e+003  -4.824955e+003  1.937084e+003  1.656022e+003  1.328324e+003  1.024832e+003  3.633048e+002  0.000000e+000  
-1.435529e+004  -3.349872e+003  -3.429337e+003  -3.574161e+003  -3.807921e+003  -4.174253e+003  -4.754021e+003  -5.701786e+003  3.613750e+003  1.949110e+003  1.197366e+003  8.037504e+002  2.436034e+002  0.000000e+000  
-1.203256e+004  -2.799884e+003  -2.808087e+003  -2.811012e+003  -2.784332e+003  -2.670201e+003  -2.330633e+003  -1.431781e+003  -1.031869e+003  3.333963e+002  5.033479e+002  4.361110e+002  1.669520e+002  0.000000e+000  
-9.637064e+003  -2.236328e+003  -2.199301e+003  -2.124788e+003  -1.990952e+003  -1.762039e+003  -1.387898e+003  -8.219769e+002  -1.334537e+003  -3.942288e+002  -1.391645e+001  9.902125e+001  8.601189e+001  0.000000e+000  
-7.515319e+003  -1.740620e+003  -1.688649e+003  -1.594603e+003  -1.448417e+003  -1.237730e+003  -9.525657e+002  -5.959783e+002  -1.339848e+003  -7.064564e+002  -3.326350e+002  -1.502123e+002  1.219412e+001  0.000000e+000  
-5.787858e+003  -1.338984e+003  -1.288568e+003  -1.201708e+003  -1.076006e+003  -9.100886e+002  -7.059663e+002  -4.719115e+002  -1.262820e+003  -8.267713e+002  -5.096157e+002  -3.123972e+002  -4.841599e+001  0.000000e+000  
-3.493598e+003  -8.079702e+002  -7.760160e+002  -7.227273e+002  -6.491059e+002  -5.570205e+002  -4.495567e+002  -3.312348e+002  -1.042561e+003  -8.055173e+002  -5.982164e+002  -4.337654e+002  -1.244824e+002  0.000000e+000  
-2.187735e+003  -5.062000e+002  -4.879026e+002  -4.576819e+002  -4.164956e+002  -3.657388e+002  -3.072555e+002  -2.433016e+002  -8.392822e+002  -6.998085e+002  -5.624228e+002  -4.362182e+002  -1.554996e+002  0.000000e+000  
-1.449194e+003  -3.355546e+002  -3.251044e+002  -3.078671e+002  -2.844195e+002  -2.555568e+002  -2.222706e+002  -1.857114e+002  -6.791873e+002  -5.912823e+002  -4.961359e+002  -3.994397e+002  -1.616200e+002  0.000000e+000  
-1.034835e+003  -2.397859e+002  -2.335371e+002  -2.232085e+002  -2.091201e+002  -1.917054e+002  -1.714952e+002  -1.490957e+002  -5.670519e+002  -5.071274e+002  -4.368523e+002  -3.599351e+002  -1.578892e+002  0.000000e+000  
-7.875507e+002  -1.825969e+002  -1.786086e+002  -1.719924e+002  -1.629250e+002  -1.516451e+002  -1.384444e+002  -1.236562e+002  -4.821686e+002  -4.384186e+002  -3.838175e+002  -3.209146e+002  -1.485443e+002  0.000000e+000  

0.000000e+000  -4.118921e+000  -1.208372e+001  -1.970007e+001  -2.674647e+001  -3.302369e+001  -3.836273e+001  -4.263165e+001  -4.574080e+001  -6.894618e+001  -8.762849e+001  -1.019455e+002  -1.123872e+002  -1.216757e+002  
0.000000e+000  -1.387675e+001  -4.121009e+001  -6.724445e+001  -9.114965e+001  -1.121753e+002  -1.296833e+002  -1.431785e+002  -1.523343e+002  -2.136742e+002  -2.592452e+002  -2.908782e+002  -3.115424e+002  -3.163019e+002  
0.000000e+000  -2.482033e+001  -7.430599e+001  -1.213614e+002  -1.644072e+002  -2.019829e+002  -2.328141e+002  -2.558912e+002  -2.705471e+002  -3.580355e+002  -4.163140e+002  -4.508241e+002  -4.689595e+002  -4.493502e+002  
0.000000e+000  -4.404622e+001  -1.329984e+002  -2.177122e+002  -2.952861e+002  -3.628352e+002  -4.176242e+002  -4.573040e+002  -4.802272e+002  -5.908986e+002  -6.460020e+002  -6.615925e+002  -6.560190e+002  -5.772908e+002  
0.000000e+000  -7.762447e+001  -2.363247e+002  -3.892658e+002  -5.317758e+002  -6.581431e+002  -7.616672e+002  -8.353262e+002  -8.732621e+002  -9.916879e+002  -9.961901e+002  -9.384306e+002  -8.630159e+002  -6.787908e+002  
0.000000e+000  -1.171164e+002  -3.592162e+002  -6.002161e+002  -8.365982e+002  -1.060137e+003  -1.255861e+003  -1.401450e+003  -1.471395e+003  -1.549690e+003  -1.401159e+003  -1.188798e+003  -9.952314e+002  -7.060737e+002  
0.000000e+000  -1.439660e+002  -4.438643e+002  -7.527605e+002  -1.073392e+003  -1.401258e+003  -1.717488e+003  -1.978538e+003  -2.110413e+003  -2.092014e+003  -1.720236e+003  -1.343189e+003  -1.048553e+003  -6.982738e+002  
0.000000e+000  -1.626310e+002  -5.044308e+002  -8.738049e+002  -1.290434e+003  -1.772452e+003  -2.324397e+003  -2.896825e+003  -3.263801e+003  -2.899302e+003  -2.045307e+003  -1.438004e+003  -1.041632e+003  -6.588020e+002  
0.000000e+000  -1.577288e+002  -4.916621e+002  -8.691663e+002  -1.333522e+003  -1.957406e+003  -2.875775e+003  -4.357923e+003  -5.956581e+003  -4.073615e+003  -2.189647e+003  -1.377914e+003  -9.466561e+002  -5.845890e+002  
0.000000e+000  -5.572014e+001  -1.704562e+002  -2.810764e+002  -3.827043e+002  -4.664240e+002  -5.157819e+002  -5.002992e+002  0.000000e+000  -4.850465e+002  -5.664140e+002  -5.254653e+002  -4.590316e+002  -3.167972e+002  
0.000000e+000  5.572014e+001  1.704562e+002  2.810764e+002  3.827043e+002  4.664240e+002  5.157819e+002  5.002992e+002  0.000000e+000  4.850465e+002  5.664140e+002  5.254653e+002  4.590316e+002  3.167972e+002  
0.000000e+000  1.577288e+002  4.916621e+002  8.691663e+002  1.333522e+003  1.957406e+003  2.875775e+003  4.357923e+003  5.956581e+003  4.073615e+003  2.189647e+003  1.377914e+003  9.466561e+002  5.845890e+002  
0.000000e+000  1.626310e+002  5.044308e+002  8.738049e+002  1.290434e+003  1.772452e+003  2.324397e+003  2.896825e+003  3.263801e+003  2.899302e+003  2.045307e+003  1.438004e+003  1.041632e+003  6.588020e+002  
0.000000e+000  1.439660e+002  4.438643e+002  7.527605e+002  1.073392e+003  1.401258e+003  1.717488e+003  1.978538e+003  2.110413e+003  2.092014e+003  1.720236e+003  1.343189e+003  1.048553e+003  6.982738e+002  
0.000000e+000  1.171164e+002  3.592162e+002  6.002161e+002  8.365982e+002  1.060137e+003  1.255861e+003  1.401450e+003  1.471395e+003  1.549690e+003  1.401159e+003  1.188798e+003  9.952314e+002  7.060737e+002  
0.000000e+000  7.762447e+001  2.363247e+002  3.892658e+002  5.317758e+002  6.581431e+002  7.616672e+002  8.353262e+002  8.732621e+002  9.916879e+002  9.961901e+002  9.384306e+002  8.630159e+002  6.787908e+002  
0.000000e+000  4.404622e+001  1.329984e+002  2.177122e+002  2.952861e+002  3.628352e+002  4.176242e+002  4.573040e+002  4.802272e+002  5.908986e+002  6.460020e+002  6.615925e+002  6.560190e+002  5.772908e+002  
0.000000e+000  2.482033e+001  7.430599e+001  1.213614e+002  1.644072e+002  2.019829e+002  2.328141e+002  2.558912e+002  2.705471e+002  3.580355e+002  4.163140e+002  4.508241e+002  4.689595e+002  4.493502e+002  
0.000000e+000  1.387675e+001  4.121009e+001  6.724445e+001  9.114965e+001  1.121753e+002  1.296833e+002  1.431785e+002  1.523343e+002  2.136742e+002  2.592452e+002  2.908782e+002  3.115424e+002  3.163019e+002  
0.000000e+000  4.118921e+000  1.208372e+001  1.970007e+001  2.674647e+001  3.302369e+001  3.836273e+001  4.263165e+001  4.574080e+001  6.894618e+001  8.762849e+001  1.019455e+002  1.123872e+002  1.216757e+002  
0.000000e+000  0.000000e+000  0.000000e+000  0.000000e+000  0.000000e+000  0.000000e+000  0.000000e+000  0.000000e+000  0.000000e+000  0.000000e+000  0.000000e+000  0.000000e+000  0.000000e+000  0.000000e+000  

0.000000e+000  0.000000e+000  0.000000e+000  0.000000e+000  0.000000e+000  0.000000e+000  0.000000e+000  0.000000e+000  0.000000e+000  0.000000e+000  0.000000e+000  0.000000e+000  0.000000e+000  0.000000e+000  
0.000000e+000  0.000000e+000  0.000000e+000  0.000000e+000  0.000000e+000  0.000000e+000  0.000000e+000  0.000000e+000  0.000000e+000  0.000000e+000  0.000000e+000  0.000000e+000  0.000000e+000  0.000000e+000  
0.000000e+000  0.000000e+000  0.000000e+000  0.000000e+000  0.000000e+000  0.000000e+000  0.000000e+000  0.000000e+000  0.000000e+000  0.000000e+000  0.000000e+000  0.000000e+000  0.000000e+000  0.000000e+000  
0.000000e+000  0.000000e+000  0.000000e+000  0.000000e+000  0.000000e+000  0.000000e+000  0.000000e+000  0.000000e+000  0.000000e+000  0.000000e+000  0.000000e+000  0.000000e+000  0.000000e+000  0.000000e+000  
0.000000e+000  0.000000e+000  0.000000e+000  0.000000e+000  0.000000e+000  0.000000e+000  0.000000e+000  0.000000e+000  0.000000e+000  0.000000e+000  0.000000e+000  0.000000e+000  0.000000e+000  0.000000e+000  
0.000000e+000  0.000000e+000  0.000000e+000  0.000000e+000  0.000000e+000  0.000000e+000  0.000000e+000  0.000000e+000  0.000000e+000  0.000000e+000  0.000000e+000  0.000000e+000  0.000000e+000  0.000000e+000  
0.000000e+000  0.000000e+000  0.000000e+000  0.000000e+000  0.000000e+000  0.000000e+000  0.000000e+000  0.000000e+000  0.000000e+000  0.000000e+000  0.000000e+000  0.000000e+000  0.000000e+000  0.000000e+000  
0.000000e+000  0.000000e+000  0.000000e+000  0.000000e+000  0.000000e+000  0.000000e+000  0.000000e+000  0.000000e+000  0.000000e+000  0.000000e+000  0.000000e+000  0.000000e+000  0.000000e+000  0.000000e+000  
0.000000e+000  0.000000e+000  0.000000e+000  0.000000e+000  0.000000e+000  0.000000e+000  0.000000e+000  0.000000e+000  0.000000e+000  0.000000e+000  0.000000e+000  0.000000e+000  0.000000e+000  0.000000e+000  
0.000000e+000  0.000000e+000  0.000000e+000  0.000000e+000  0.000000e+000  0.000000e+000  0.000000e+000  0.000000e+000  0.000000e+000  0.000000e+000  0.000000e+000  0.000000e+000  0.000000e+000  0.000000e+000  
0.000000e+000  0.000000e+000  0.000000e+000  0.000000e+000  0.000000e+000  0.000000e+000  0.000000e+000  0.000000e+000  0.000000e+000  0.000000e+000  0.000000e+000  0.000000e+000  0.000000e+000  0.000000e+000  
0.000000e+000  0.000000e+000  0.000000e+000  0.000000e+000  0.000000e+000  0.000000e+000  0.000000e+000  0.000000e+000  0.000000e+000  0.000000e+000  0.000000e+000  0.000000e+000  0.000000e+000  0.000000e+000  
0.000000e+000  0.000000e+000  0.000000e+000  0.000000e+000  0.000000e+000  0.000000e+000  0.000000e+000  0.000000e+000  0.000000e+000  0.000000e+000  0.000000e+000  0.000000e+000  0.000000e+000  0.000000e+000  
0.000000e+000  0.000000e+000  0.000000e+000  0.000000e+000  0.000000e+000  0.000000e+000  0.000000e+000  0.000000e+000  0.000000e+000  0.000000e+000  0.000000e+000  0.000000e+000  0.000000e+000  0.000000e+000  
0.000000e+000  0.000000e+000  0.000000e+000  0.000000e+000  0.000000e+000  0.000000e+000  0.000000e+000  0.000000e+000  0.000000e+000  0.000000e+000  0.000000e+000  0.000000e+000  0.000000e+000  0.000000e+000  
0.000000e+000  0.000000e+000  0.000000e+000  0.000000e+000  0.000000e+000  0.000000e+000  0.000000e+000  0.000000e+000  0.000000e+000  0.000000e+000  0.000000e+000  0.000000e+000  0.000000e+000  0.000000e+000  
0.000000e+000  0.000000e+000  0.000000e+000  0.000000e+000  0.000000e+000  0.000000e+000  0.000000e+000  0.000000e+000  0.000000e+000  0.000000e+000  0.000000e+000  0.000000e+000  0.000000e+000  0.000000e+000  
0.000000e+000  0.000000e+000  0.000000e+000  0.000000e+000  0.000000e+000  0.000000e+000  0.000000e+000  0.000000e+000  0.000000e+000  0.000000e+000  0.000000e+000  0.000000e+000  0.000000e+000  0.000000e+000  
0.000000e+000  0.000000e+000  0.000000e+000  0.000000e+000  0.000000e+000  0.000000e+000  0.000000e+000  0.000000e+000  0.000000e+000  0.000000e+000  0.000000e+000  0.000000e+000  0.000000e+000  0.000000e+000  
0.000000e+000  0.000000e+000  0.000000e+000  0.000000e+000  0.000000e+000  0.000000e+000  0.000000e+000  0.000000e+000  0.000000e+000  0.000000e+000  0.000000e+000  0.000000e+000  0.000000e+000  0.000000e+000  
0.000000e+000  0.000000e+000  0.000000e+000  0.000000e+000  0.000000e+000  0.000000e+000  0.000000e+000  0.000000e+000  0.000000e+000  0.000000e+000  0.000000e+000  0.000000e+000  0.000000e+000  0.000000e+000  

0.000000e+000  0.000000e+000  0.000000e+000  0.000000e+000  0.000000e+000  0.000000e+000  0.000000e+000  0.000000e+000  0.000000e+000  0.000000e+000  0.000000e+000  0.000000e+000  0.000000e+000  0.000000e+000  
0.000000e+000  0.000000e+000  0.000000e+000  0.000000e+000  0.000000e+000  0.000000e+000  0.000000e+000  0.000000e+000  0.000000e+000  0.000000e+000  0.000000e+000  0.000000e+000  0.000000e+000  0.000000e+000  
0.000000e+000  0.000000e+000  0.000000e+000  0.000000e+000  0.000000e+000  0.000000e+000  0.000000e+000  0.000000e+000  0.000000e+000  0.000000e+000  0.000000e+000  0.000000e+000  0.000000e+000  0.000000e+000  
0.000000e+000  0.000000e+000  0.000000e+000  0.000000e+000  0.000000e+000  0.000000e+000  0.000000e+000  0.000000e+000  0.000000e+000  0.000000e+000  0.000000e+000  0.000000e+000  0.000000e+000  0.000000e+000  
0.000000e+000  0.000000e+000  0.000000e+000  0.000000e+000  0.000000e+000  0.000000e+000  0.000000e+000  0.000000e+000  0.000000e+000  0.000000e+000  0.000000e+000  0.000000e+000  0.000000e+000  0.000000e+000  
0.000000e+000  0.000000e+000  0.000000e+000  0.000000e+000  0.000000e+000  0.000000e+000  0.000000e+000  0.000000e+000  0.000000e+000  0.000000e+000  0.000000e+000  0.000000e+000  0.000000e+000  0.000000e+000  
0.000000e+000  0.000000e+000  0.000000e+000  0.000000e+000  0.000000e+000  0.000000e+000  0.000000e+000  0.000000e+000  0.000000e+000  0.000000e+000  0.000000e+000  0.000000e+000  0.000000e+000  0.000000e+000  
0.000000e+000  0.000000e+000  0.000000e+000  0.000000e+000  0.000000e+000  0.000000e+000  0.000000e+000  0.000000e+000  0.000000e+000  0.000000e+000  0.000000e+000  0.000000e+000  0.000000e+000  0.000000e+000  
0.000000e+000  0.000000e+000  0.000000e+000  0.000000e+000  0.000000e+000  0.000000e+000  0.000000e+000  0.000000e+000  0.000000e+000  0.000000e+000  0.000000e+000  0.000000e+000  0.000000e+000  0.000000e+000  
0.000000e+000  0.000000e+000  0.000000e+000  0.000000e+000  0.000000e+000  0.000000e+000  0.000000e+000  0.000000e+000  0.000000e+000  0.000000e+000  0.000000e+000  0.000000e+000  0.000000e+000  0.000000e+000  
0.000000e+000  0.000000e+000  0.000000e+000  0.000000e+000  0.000000e+000  0.000000e+000  0.000000e+000  0.000000e+000  0.000000e+000  0.000000e+000  0.000000e+000  0.000000e+000  0.000000e+000  0.000000e+000  
0.000000e+000  0.000000e+000  0.000000e+000  0.000000e+000  0.000000e+000  0.000000e+000  0.000000e+000  0.000000e+000  0.000000e+000  0.000000e+000  0.000000e+000  0.000000e+000  0.000000e+000  0.000000e+000  
0.000000e+000  0.000000e+000  0.000000e+000  0.000000e+000  0.000000e+000  0.000000e+000  0.000000e+000  0.000000e+000  0.000000e+000  0.000000e+000  0.000000e+000  0.000000e+000  0.000000e+000  0.000000e+000  
0.000000e+000  0.000000e+000  0.000000e+000  0.000000e+000  0.000000e+000  0.000000e+000  0.000000e+000  0.000000e+000  0.000000e+000  0.000000e+000  0.000000e+000  0.000000e+000  0.000000e+000  0.000000e+000  
0.000000e+000  0.000000e+000  0.000000e+000  0.000000e+000  0.000000e+000  0.000000e+000  0.000000e+000  0.000000e+000  0.000000e+000  0.000000e+000  0.000000e+000  0.000000e+000  0.000000e+000  0.000000e+000  
0.000000e+000  0.000000e+000  0.000000e+000  0.000000e+000  0.000000e+000  0.000000e+000  0.000000e+000  0.000000e+000  0.000000e+000  0.000000e+000  0.000000e+000  0.000000e+000  0.000000e+000  0.000000e+000  
0.000000e+000  0.000000e+000  0.000000e+000  0.000000e+000  0.000000e+000  0.000000e+000  0.000000e+000  0.000000e+000  0.000000e+000  0.000000e+000  0.000000e+000  0.000000e+000  0.000000e+000  0.000000e+000  
0.000000e+000  0.000000e+000  0.000000e+000  0.000000e+000  0.000000e+000  0.000000e+000  0.000000e+000  0.000000e+000  0.000000e+000  0.000000e+000  0.000000e+000  0.000000e+000  0.000000e+000  0.000000e+000  
0.000000e+000  0.000000e+000  0.000000e+000  0.000000e+000  0.000000e+000  0.000000e+000  0.000000e+000  0.000000e+000  0.000000e+000  0.000000e+000  0.000000e+000  0.000000e+000  0.000000e+000  0.000000e+000  
0.000000e+000  0.000000e+000  0.000000e+000  0.000000e+000  0.000000e+000  0.000000e+000  0.000000e+000  0.000000e+000  0.000000e+000  0.000000e+000  0.000000e+000  0.000000e+000  0.000000e+000  0.000000e+000  
0.000000e+000  0.000000e+000  0.000000e+000  0.000000e+000  0.000000e+000  0.000000e+000  0.000000e+000  0.000000e+000  0.000000e+000  0.000000e+000  0.000000e+000  0.000000e+000  0.000000e+000  0.000000e+000  

0.000000e+000  0.000000e+000  0.000000e+000  0.000000e+000  0.000000e+000  0.000000e+000  0.000000e+000  0.000000e+000  0.000000e+000  0.000000e+000  0.000000e+000  0.000000e+000  0.000000e+000  0.000000e+000  
0.000000e+000  0.000000e+000  0.000000e+000  0.000000e+000  0.000000e+000  0.000000e+000  0.000000e+000  0.000000e+000  0.000000e+000  0.000000e+000  0.000000e+000  0.000000e+000  0.000000e+000  0.000000e+000  
0.000000e+000  0.000000e+000  0.000000e+000  0.000000e+000  0.000000e+000  0.000000e+000  0.000000e+000  0.000000e+000  0.000000e+000  0.000000e+000  0.000000e+000  0.000000e+000  0.000000e+000  0.000000e+000  
0.000000e+000  0.000000e+000  0.000000e+000  0.000000e+000  0.000000e+000  0.000000e+000  0.000000e+000  0.000000e+000  0.000000e+000  0.000000e+000  0.000000e+000  0.000000e+000  0.000000e+000  0.000000e+000  
0.000000e+000  0.000000e+000  0.000000e+000  0.000000e+000  0.000000e+000  0.000000e+000  0.000000e+000  0.000000e+000  0.000000e+000  0.000000e+000  0.000000e+000  0.000000e+000  0.000000e+000  0.000000e+000  
0.000000e+000  0.000000e+000  0.000000e+000  0.000000e+000  0.000000e+000  0.000000e+000  0.000000e+000  0.000000e+000  0.000000e+000  0.000000e+000  0.000000e+000  0.000000e+000  0.000000e+000  0.000000e+000  
0.000000e+000  0.000000e+000  0.000000e+000  0.000000e+000  0.000000e+000  0.000000e+000  0.000000e+000  0.000000e+000  0.000000e+000  0.000000e+000  0.000000e+000  0.000000e+000  0.000000e+000  0.000000e+000  
0.000000e+000  0.000000e+000  0.000000e+000  0.000000e+000  0.000000e+000  0.000000e+000  0.000000e+000  0.000000e+000  0.000000e+000  0.000000e+000  0.000000e+000  0.000000e+000  0.000000e+000  0.000000e+000  
0.000000e+000  0.000000e+000  0.000000e+000  0.000000e+000  0.000000e+000  0.000000e+000  0.000000e+000  0.000000e+000  0.000000e+000  0.000000e+000  0.000000e+000  0.000000e+000  0.000000e+000  0.000000e+000  
0.000000e+000  0.000000e+000  0.000000e+000  0.000000e+000  0.000000e+000  0.000000e+000  0.000000e+000  0.000000e+000  0.000000e+000  0.000000e+000  0.000000e+000  0.000000e+000  0.000000e+000  0.000000e+000  
0.000000e+000  0.000000e+000  0.000000e+000  0.000000e+000  0.000000e+000  0.000000e+000  0.000000e+000  0.000000e+000  0.000000e+000  0.000000e+000  0.000000e+000  0.000000e+000  0.000000e+000  0.000000e+000  
0.000000e+000  0.000000e+000  0.000000e+000  0.000000e+000  0.000000e+000  0.000000e+000  0.000000e+000  0.000000e+000  0.000000e+000  0.000000e+000  0.000000e+000  0.000000e+000  0.000000e+000  0.000000e+000  
0.000000e+000  0.000000e+000  0.000000e+000  0.000000e+000  0.000000e+000  0.000000e+000  0.000000e+000  0.000000e+000  0.000000e+000  0.000000e+000  0.000000e+000  0.000000e+000  0.000000e+000  0.000000e+000  
0.000000e+000  0.000000e+000  0.000000e+000  0.000000e+000  0.000000e+000  0.000000e+000  0.000000e+000  0.000000e+000  0.000000e+000  0.000000e+000  0.000000e+000  0.000000e+000  0.000000e+000  0.000000e+000  
0.000000e+000  0.000000e+000  0.000000e+000  0.000000e+000  0.000000e+000  0.000000e+000  0.000000e+000  0.000000e+000  0.000000e+000  0.000000e+000  0.000000e+000  0.000000e+000  0.000000e+000  0.000000e+000  
0.000000e+000  0.000000e+000  0.000000e+000  0.000000e+000  0.000000e+000  0.000000e+000  0.000000e+000  0.000000e+000  0.000000e+000  0.000000e+000  0.000000e+000  0.000000e+000  0.000000e+000  0.000000e+000  
0.000000e+000  0.000000e+000  0.000000e+000  0.000000e+000  0.000000e+000  0.000000e+000  0.000000e+000  0.000000e+000  0.000000e+000  0.000000e+000  0.000000e+000  0.000000e+000  0.000000e+000  0.000000e+000  
0.000000e+000  0.000000e+000  0.000000e+000  0.000000e+000  0.000000e+000  0.000000e+000  0.000000e+000  0.000000e+000  0.000000e+000  0.000000e+000  0.000000e+000  0.000000e+000  0.000000e+000  0.000000e+000  
0.000000e+000  0.000000e+000  0.000000e+000  0.000000e+000  0.000000e+000  0.000000e+000  0.000000e+000  0.000000e+000  0.000000e+000  0.000000e+000  0.000000e+000  0.000000e+000  0.000000e+000  0.000000e+000  
0.000000e+000  0.000000e+000  0.000000e+000  0.000000e+000  0.000000e+000  0.000000e+000  0.000000e+000  0.000000e+000  0.000000e+000  0.000000e+000  0.000000e+000  0.000000e+000  0.000000e+000  0.000000e+000  
0.000000e+000  0.000000e+000  0.000000e+000  0.000000e+000  0.000000e+000  0.000000e+000  0.000000e+000  0.000000e+000  0.000000e+000  0.000000e+000  0.000000e+000  0.000000e+000  0.000000e+000  0.000000e+000  

0.000000e+000  4.682336e-001  -1.079753e+001  -2.204699e+001  -3.324113e+001  -4.433948e+001  -5.529984e+001  -6.607812e+001  -7.662820e+001  -7.742125e+001  -7.765853e+001  -7.755429e+001  -7.728478e+001  -7.593817e+001  
0.000000e+000  9.241122e-001  -1.109635e+001  -2.312427e+001  -3.512789e+001  -4.707263e+001  -5.892045e+001  -7.062940e+001  -8.215326e+001  -8.147219e+001  -8.043880e+001  -7.928659e+001  -7.819203e+001  -7.567282e+001  
0.000000e+000  1.738566e+000  -1.109131e+001  -2.397421e+001  -3.689346e+001  -4.982725e+001  -6.274745e+001  -7.561848e+001  -8.839650e+001  -8.565868e+001  -8.294204e+001  -8.047119e+001  -7.838469e+001  -7.468609e+001  
0.000000e+000  3.248379e+000  -1.050023e+001  -2.438716e+001  -3.842504e+001  -5.261817e+001  -6.695989e+001  -8.142990e+001  -9.599201e+001  -9.019660e+001  -8.511639e+001  -8.090335e+001  -7.757598e+001  -7.268728e+001  
0.000000e+000  6.021144e+000  -8.420358e+000  -2.314755e+001  -3.822810e+001  -5.372053e+001  -6.966780e+001  -8.608912e+001  -1.029714e+002  -9.304633e+001  -8.512653e+001  -7.909592e+001  -7.464110e+001  -6.922482e+001  
0.000000e+000  1.103818e+001  -3.294363e+000  -1.811273e+001  -3.358319e+001  -4.988599e+001  -6.720080e+001  -8.567683e+001  -1.053877e+002  -9.038946e+001  -7.993648e+001  -7.299017e+001  -6.838291e+001  -6.408606e+001  
0.000000e+000  1.487666e+001  1.202207e+000  -1.298888e+001  -2.792538e+001  -4.390602e+001  -6.129758e+001  -8.049343e+001  -1.017901e+002  -8.416181e+001  -7.358020e+001  -6.746409e+001  -6.380360e+001  -6.103463e+001  
0.000000e+000  1.962195e+001  7.067012e+000  -5.882896e+000  -1.948587e+001  -3.416383e+001  -5.058048e+001  -6.970009e+001  -9.264577e+001  -7.280280e+001  -6.399664e+001  -6.019596e+001  -5.841972e+001  -5.779996e+001  
0.000000e+000  2.500251e+001  1.397452e+001  2.956659e+000  -8.187454e+000  -1.979625e+001  -3.267411e+001  -4.873129e+001  -7.255913e+001  -5.333547e+001  -5.077322e+001  -5.149721e+001  -5.262486e+001  -5.457766e+001  
0.000000e+000  3.023215e+001  2.084762e+001  1.212915e+001  4.346638e+000  -2.055379e+000  -6.325967e+000  -7.146549e+000  0.000000e+000  -2.155923e+001  -3.517073e+001  -4.256097e+001  -4.708361e+001  -5.160264e+001  
0.000000e+000  3.765730e+001  3.057905e+001  2.395364e+001  1.788118e+001  1.244357e+001  7.687427e+000  3.590808e+000  0.000000e+000  -7.523554e+000  -1.938757e+001  -2.862656e+001  -3.556675e+001  -4.452164e+001  
0.000000e+000  3.023215e+001  2.084762e+001  1.212915e+001  4.346638e+000  -2.055379e+000  -6.325967e+000  -7.146549e+000  0.000000e+000  -2.155923e+001  -3.517073e+001  -4.256097e+001  -4.708361e+001  -5.160264e+001  
0.000000e+000  2.500251e+001  1.397452e+001  2.956659e+000  -8.187454e+000  -1.979625e+001  -3.267411e+001  -4.873129e+001  -7.255913e+001  -5.333547e+001  -5.077322e+001  -5.149721e+001  -5.262486e+001  -5.457766e+001  
0.000000e+000  1.962195e+001  7.067012e+000  -5.882896e+000  -1.948587e+001  -3.416383e+001  -5.058048e+001  -6.970009e+001  -9.264577e+001  -7.280280e+001  -6.399664e+001  -6.019596e+001  -5.841972e+001  -5.779996e+001  
0.000000e+000  1.487666e+001  1.202207e+000  -1.298888e+001  -2.792538e+001  -4.390602e+001  -6.129758e+001  -8.049343e+001  -1.017901e+002  -8.416181e+001  -7.358020e+001  -6.746409e+001  -6.380360e+001  -6.103463e+001  
0.000000e+000  1.103818e+001  -3.294363e+000  -1.811273e+001  -3.358319e+001  -4.988599e+001  -6.720080e+001  -8.567683e+001  -1.053877e+002  -9.038946e+001  -7.993648e+001  -7.299017e+001  -6.838291e+001  -6.408606e+001  
0.000000e+000  6.021143e+000  -8.420358e+000  -2.314755e+001  -3.822810e+001  -5.372053e+001  -6.966780e+001  -8.608912e+001  -1.029714e+002  -9.304633e+001  -8.512653e+001  -7.909592e+001  -7.464110e+001  -6.922482e+001  
0.000000e+000  3.248379e+000  -1.050023e+001  -2.438716e+001  -3.842504e+001  -5.261817e+001  -6.695989e+001  -8.142990e+001  -9.599201e+001  -9.019660e+001  -8.511639e+001  -8.090335e+001  -7.757598e+001  -7.268728e+001  
0.000000e+000  1.738566e+000  -1.109131e+001  -2.397421e+001  -3.689346e+001  -4.982725e+001  -6.274745e+001  -7.561848e+001  -8.839650e+001  -8.565868e+001  -8.294204e+001  -8.047119e+001  -7.838469e+001  -7.468609e+001  
0.000000e+000  9.241126e-001  -1.109635e+001  -2.312427e+001  -3.512789e+001  -4.707263e+001  -5.892045e+001  -7.062940e+001  -8.215326e+001  -8.147219e+001  -8.043880e+001  -7.928659e+001  -7.819203e+001  -7.567282e+001  
0.000000e+000  4.682335e-001  -1.079753e+001  -2.204699e+001  -3.324113e+001  -4.433948e+001  -5.529984e+001  -6.607812e+001  -7.662820e+001  -7.742125e+001  -7.765853e+001  -7.755429e+001  -7.728478e+001  -7.593817e+001  

