Port monitor named: Port1_h1[3].prt

nx        = 26
ny        = 38
nz        = 13

nu        = 3
nv        = 6
iu        = 6
iv        = 11

idir      = 1
dcut      = 0.000000e+000
icut      = 5
type      = 1
frequency = 3.000000e+009

fcutoff   = 0.000000e+000
alpha     = 0.000000e+000
beta      = 1.191702e+002
accuracy  = 4.976089e-015

type          = QTEM
wave imp.     = 1.987665e+002
wave imp.sig. = 2.842171e-014
line imp.     = 5.337953e+001

ref. port     = 0

-0.000000e+000  1.225425e+000  1.205309e+000  
-0.000000e+000  6.285701e+000  3.692133e+000  
-0.000000e+000  -0.000000e+000  -0.000000e+000  
-0.000000e+000  -6.285701e+000  -3.692133e+000  
-0.000000e+000  -1.225425e+000  -1.205309e+000  
-0.000000e+000  -0.000000e+000  -0.000000e+000  

-3.678707e+000  -1.421037e+000  -0.000000e+000  
-6.051039e+000  -1.464081e+000  -0.000000e+000  
-1.606342e+001  2.132569e+000  -0.000000e+000  
-1.606342e+001  2.132569e+000  -0.000000e+000  
-6.051039e+000  -1.464081e+000  -0.000000e+000  
-3.678707e+000  -1.421037e+000  -0.000000e+000  

0.000000e+000  0.000000e+000  0.000000e+000  
0.000000e+000  0.000000e+000  0.000000e+000  
0.000000e+000  0.000000e+000  0.000000e+000  
0.000000e+000  0.000000e+000  0.000000e+000  
0.000000e+000  0.000000e+000  0.000000e+000  
0.000000e+000  0.000000e+000  0.000000e+000  

0.000000e+000  0.000000e+000  0.000000e+000  
0.000000e+000  0.000000e+000  0.000000e+000  
0.000000e+000  0.000000e+000  0.000000e+000  
0.000000e+000  0.000000e+000  0.000000e+000  
0.000000e+000  0.000000e+000  0.000000e+000  
0.000000e+000  0.000000e+000  0.000000e+000  

0.000000e+000  0.000000e+000  0.000000e+000  
0.000000e+000  0.000000e+000  0.000000e+000  
0.000000e+000  0.000000e+000  0.000000e+000  
0.000000e+000  0.000000e+000  0.000000e+000  
0.000000e+000  0.000000e+000  0.000000e+000  
0.000000e+000  0.000000e+000  0.000000e+000  

-3.657960e-001  -1.729225e-001  -0.000000e+000  
-1.098390e+000  -5.067792e-001  -0.000000e+000  
-0.000000e+000  -0.000000e+000  -0.000000e+000  
1.098390e+000  5.067792e-001  -0.000000e+000  
3.657960e-001  1.729225e-001  -0.000000e+000  
-0.000000e+000  -0.000000e+000  -0.000000e+000  

