Port monitor named: Port1_e1[3].prt

nx        = 26
ny        = 38
nz        = 13

nu        = 3
nv        = 6
iu        = 6
iv        = 11

idir      = 1
dcut      = 0.000000e+000
icut      = 5
type      = 0
frequency = 3.000000e+009

fcutoff   = 0.000000e+000
alpha     = 0.000000e+000
beta      = 1.191702e+002
accuracy  = 4.976089e-015

type          = QTEM
wave imp.     = 1.987665e+002
wave imp.sig. = 2.842171e-014
line imp.     = 5.337953e+001

ref. port     = 0

-2.631978e+002  -3.077310e+002  -0.000000e+000  
-6.570405e+002  -3.630353e+002  -0.000000e+000  
-3.192871e+003  4.868602e+002  -0.000000e+000  
-3.192871e+003  4.868602e+002  -0.000000e+000  
-6.570405e+002  -3.630353e+002  -0.000000e+000  
-2.631978e+002  -3.077310e+002  -0.000000e+000  

-0.000000e+000  -2.011551e+002  -2.514043e+002  
-0.000000e+000  -1.460050e+003  -8.509737e+002  
-0.000000e+000  -0.000000e+000  -0.000000e+000  
-0.000000e+000  1.460050e+003  8.509737e+002  
-0.000000e+000  2.011551e+002  2.514043e+002  
-0.000000e+000  -0.000000e+000  -0.000000e+000  

0.000000e+000  0.000000e+000  0.000000e+000  
0.000000e+000  0.000000e+000  0.000000e+000  
0.000000e+000  0.000000e+000  0.000000e+000  
0.000000e+000  0.000000e+000  0.000000e+000  
0.000000e+000  0.000000e+000  0.000000e+000  
0.000000e+000  0.000000e+000  0.000000e+000  

0.000000e+000  0.000000e+000  0.000000e+000  
0.000000e+000  0.000000e+000  0.000000e+000  
0.000000e+000  0.000000e+000  0.000000e+000  
0.000000e+000  0.000000e+000  0.000000e+000  
0.000000e+000  0.000000e+000  0.000000e+000  
0.000000e+000  0.000000e+000  0.000000e+000  

0.000000e+000  0.000000e+000  0.000000e+000  
0.000000e+000  0.000000e+000  0.000000e+000  
0.000000e+000  0.000000e+000  0.000000e+000  
0.000000e+000  0.000000e+000  0.000000e+000  
0.000000e+000  0.000000e+000  0.000000e+000  
0.000000e+000  0.000000e+000  0.000000e+000  

-0.000000e+000  -8.921400e+001  -7.897258e+001  
-0.000000e+000  -1.040252e+002  -7.484222e+001  
-0.000000e+000  -0.000000e+000  -3.395421e+001  
-0.000000e+000  -0.000000e+000  -3.395421e+001  
-0.000000e+000  -1.040252e+002  -7.484222e+001  
-0.000000e+000  -8.921400e+001  -7.897258e+001  

