Port monitor named: Port1_h1[7].prt

nx        = 29
ny        = 28
nz        = 31

nu        = 23
nv        = 17
iu        = 4
iv        = 4

idir      = 2
dcut      = 0.000000e+000
icut      = 4
type      = 1
frequency = 7.000000e+009

fcutoff   = 6.375196e+009
alpha     = 0.000000e+000
beta      = 6.053583e+001
accuracy  = 1.855393e-010

type          = TE
wave imp.     = 9.130094e+002
wave imp.sig. = 2.894548e-005
line imp.     = 0.000000e+000

ref. port     = 0

-0.000000e+000  -0.000000e+000  -0.000000e+000  -0.000000e+000  -0.000000e+000  -0.000000e+000  -0.000000e+000  -0.000000e+000  -0.000000e+000  -0.000000e+000  -0.000000e+000  -0.000000e+000  -0.000000e+000  -0.000000e+000  -0.000000e+000  -0.000000e+000  -0.000000e+000  -0.000000e+000  -0.000000e+000  -0.000000e+000  -0.000000e+000  -0.000000e+000  -0.000000e+000  
-0.000000e+000  -0.000000e+000  -0.000000e+000  -0.000000e+000  -0.000000e+000  -0.000000e+000  -0.000000e+000  -0.000000e+000  -0.000000e+000  -0.000000e+000  -0.000000e+000  -0.000000e+000  -0.000000e+000  -0.000000e+000  -0.000000e+000  -0.000000e+000  -0.000000e+000  -0.000000e+000  -0.000000e+000  -0.000000e+000  -0.000000e+000  -0.000000e+000  -0.000000e+000  
-0.000000e+000  -0.000000e+000  -0.000000e+000  -0.000000e+000  -0.000000e+000  -0.000000e+000  -0.000000e+000  -0.000000e+000  -0.000000e+000  -0.000000e+000  -0.000000e+000  -0.000000e+000  -0.000000e+000  -0.000000e+000  -0.000000e+000  -0.000000e+000  -0.000000e+000  -0.000000e+000  -0.000000e+000  -0.000000e+000  -0.000000e+000  -0.000000e+000  -0.000000e+000  
-0.000000e+000  -0.000000e+000  -0.000000e+000  -0.000000e+000  -0.000000e+000  -0.000000e+000  -0.000000e+000  -0.000000e+000  -0.000000e+000  -0.000000e+000  -0.000000e+000  -0.000000e+000  -0.000000e+000  -0.000000e+000  -0.000000e+000  -0.000000e+000  -0.000000e+000  -0.000000e+000  -0.000000e+000  -0.000000e+000  -0.000000e+000  -0.000000e+000  -0.000000e+000  
-0.000000e+000  -0.000000e+000  -0.000000e+000  -0.000000e+000  -0.000000e+000  -0.000000e+000  -0.000000e+000  -0.000000e+000  -0.000000e+000  -0.000000e+000  -0.000000e+000  -0.000000e+000  -0.000000e+000  -0.000000e+000  -0.000000e+000  -0.000000e+000  -0.000000e+000  -0.000000e+000  -0.000000e+000  -0.000000e+000  -0.000000e+000  -0.000000e+000  -0.000000e+000  
-0.000000e+000  -0.000000e+000  -0.000000e+000  -0.000000e+000  -0.000000e+000  -0.000000e+000  -0.000000e+000  -7.097753e-001  -1.378950e+000  -1.969247e+000  -2.701813e+000  -3.015148e+000  -2.701813e+000  -1.969247e+000  -1.378950e+000  -7.097753e-001  -0.000000e+000  -0.000000e+000  -0.000000e+000  -0.000000e+000  -0.000000e+000  -0.000000e+000  -0.000000e+000  
-0.000000e+000  -0.000000e+000  -0.000000e+000  -0.000000e+000  -0.000000e+000  -0.000000e+000  -0.000000e+000  -7.097753e-001  -1.378950e+000  -1.969247e+000  -2.701813e+000  -3.015148e+000  -2.701813e+000  -1.969247e+000  -1.378950e+000  -7.097753e-001  -0.000000e+000  -0.000000e+000  -0.000000e+000  -0.000000e+000  -0.000000e+000  -0.000000e+000  -0.000000e+000  
-0.000000e+000  -0.000000e+000  -0.000000e+000  -0.000000e+000  -0.000000e+000  -0.000000e+000  -0.000000e+000  -7.097753e-001  -1.378950e+000  -1.969247e+000  -2.701813e+000  -3.015148e+000  -2.701813e+000  -1.969247e+000  -1.378950e+000  -7.097753e-001  -0.000000e+000  -0.000000e+000  -0.000000e+000  -0.000000e+000  -0.000000e+000  -0.000000e+000  -0.000000e+000  
-0.000000e+000  -0.000000e+000  -0.000000e+000  -0.000000e+000  -0.000000e+000  -0.000000e+000  -0.000000e+000  -7.097753e-001  -1.378950e+000  -1.969247e+000  -2.701813e+000  -3.015148e+000  -2.701813e+000  -1.969247e+000  -1.378950e+000  -7.097753e-001  -0.000000e+000  -0.000000e+000  -0.000000e+000  -0.000000e+000  -0.000000e+000  -0.000000e+000  -0.000000e+000  
-0.000000e+000  -0.000000e+000  -0.000000e+000  -0.000000e+000  -0.000000e+000  -0.000000e+000  -0.000000e+000  -7.097753e-001  -1.378950e+000  -1.969247e+000  -2.701813e+000  -3.015148e+000  -2.701813e+000  -1.969247e+000  -1.378950e+000  -7.097753e-001  -0.000000e+000  -0.000000e+000  -0.000000e+000  -0.000000e+000  -0.000000e+000  -0.000000e+000  -0.000000e+000  
-0.000000e+000  -0.000000e+000  -0.000000e+000  -0.000000e+000  -0.000000e+000  -0.000000e+000  -0.000000e+000  -7.097753e-001  -1.378950e+000  -1.969247e+000  -2.701813e+000  -3.015148e+000  -2.701813e+000  -1.969247e+000  -1.378950e+000  -7.097753e-001  -0.000000e+000  -0.000000e+000  -0.000000e+000  -0.000000e+000  -0.000000e+000  -0.000000e+000  -0.000000e+000  
-0.000000e+000  -0.000000e+000  -0.000000e+000  -0.000000e+000  -0.000000e+000  -0.000000e+000  -0.000000e+000  -0.000000e+000  -0.000000e+000  -0.000000e+000  -0.000000e+000  -0.000000e+000  -0.000000e+000  -0.000000e+000  -0.000000e+000  -0.000000e+000  -0.000000e+000  -0.000000e+000  -0.000000e+000  -0.000000e+000  -0.000000e+000  -0.000000e+000  -0.000000e+000  
-0.000000e+000  -0.000000e+000  -0.000000e+000  -0.000000e+000  -0.000000e+000  -0.000000e+000  -0.000000e+000  -0.000000e+000  -0.000000e+000  -0.000000e+000  -0.000000e+000  -0.000000e+000  -0.000000e+000  -0.000000e+000  -0.000000e+000  -0.000000e+000  -0.000000e+000  -0.000000e+000  -0.000000e+000  -0.000000e+000  -0.000000e+000  -0.000000e+000  -0.000000e+000  
-0.000000e+000  -0.000000e+000  -0.000000e+000  -0.000000e+000  -0.000000e+000  -0.000000e+000  -0.000000e+000  -0.000000e+000  -0.000000e+000  -0.000000e+000  -0.000000e+000  -0.000000e+000  -0.000000e+000  -0.000000e+000  -0.000000e+000  -0.000000e+000  -0.000000e+000  -0.000000e+000  -0.000000e+000  -0.000000e+000  -0.000000e+000  -0.000000e+000  -0.000000e+000  
-0.000000e+000  -0.000000e+000  -0.000000e+000  -0.000000e+000  -0.000000e+000  -0.000000e+000  -0.000000e+000  -0.000000e+000  -0.000000e+000  -0.000000e+000  -0.000000e+000  -0.000000e+000  -0.000000e+000  -0.000000e+000  -0.000000e+000  -0.000000e+000  -0.000000e+000  -0.000000e+000  -0.000000e+000  -0.000000e+000  -0.000000e+000  -0.000000e+000  -0.000000e+000  
-0.000000e+000  -0.000000e+000  -0.000000e+000  -0.000000e+000  -0.000000e+000  -0.000000e+000  -0.000000e+000  -0.000000e+000  -0.000000e+000  -0.000000e+000  -0.000000e+000  -0.000000e+000  -0.000000e+000  -0.000000e+000  -0.000000e+000  -0.000000e+000  -0.000000e+000  -0.000000e+000  -0.000000e+000  -0.000000e+000  -0.000000e+000  -0.000000e+000  -0.000000e+000  
-0.000000e+000  -0.000000e+000  -0.000000e+000  -0.000000e+000  -0.000000e+000  -0.000000e+000  -0.000000e+000  -0.000000e+000  -0.000000e+000  -0.000000e+000  -0.000000e+000  -0.000000e+000  -0.000000e+000  -0.000000e+000  -0.000000e+000  -0.000000e+000  -0.000000e+000  -0.000000e+000  -0.000000e+000  -0.000000e+000  -0.000000e+000  -0.000000e+000  -0.000000e+000  

-0.000000e+000  -0.000000e+000  -0.000000e+000  -0.000000e+000  -0.000000e+000  -0.000000e+000  -0.000000e+000  -0.000000e+000  -0.000000e+000  -0.000000e+000  -0.000000e+000  -0.000000e+000  -0.000000e+000  -0.000000e+000  -0.000000e+000  -0.000000e+000  -0.000000e+000  -0.000000e+000  -0.000000e+000  -0.000000e+000  -0.000000e+000  -0.000000e+000  -0.000000e+000  
-0.000000e+000  -0.000000e+000  -0.000000e+000  -0.000000e+000  -0.000000e+000  -0.000000e+000  -0.000000e+000  -0.000000e+000  -0.000000e+000  -0.000000e+000  -0.000000e+000  -0.000000e+000  -0.000000e+000  -0.000000e+000  -0.000000e+000  -0.000000e+000  -0.000000e+000  -0.000000e+000  -0.000000e+000  -0.000000e+000  -0.000000e+000  -0.000000e+000  -0.000000e+000  
-0.000000e+000  -0.000000e+000  -0.000000e+000  -0.000000e+000  -0.000000e+000  -0.000000e+000  -0.000000e+000  -0.000000e+000  -0.000000e+000  -0.000000e+000  -0.000000e+000  -0.000000e+000  -0.000000e+000  -0.000000e+000  -0.000000e+000  -0.000000e+000  -0.000000e+000  -0.000000e+000  -0.000000e+000  -0.000000e+000  -0.000000e+000  -0.000000e+000  -0.000000e+000  
-0.000000e+000  -0.000000e+000  -0.000000e+000  -0.000000e+000  -0.000000e+000  -0.000000e+000  -0.000000e+000  -0.000000e+000  -0.000000e+000  -0.000000e+000  -0.000000e+000  -0.000000e+000  -0.000000e+000  -0.000000e+000  -0.000000e+000  -0.000000e+000  -0.000000e+000  -0.000000e+000  -0.000000e+000  -0.000000e+000  -0.000000e+000  -0.000000e+000  -0.000000e+000  
-0.000000e+000  -0.000000e+000  -0.000000e+000  -0.000000e+000  -0.000000e+000  -0.000000e+000  -0.000000e+000  -0.000000e+000  -0.000000e+000  -0.000000e+000  -0.000000e+000  -0.000000e+000  -0.000000e+000  -0.000000e+000  -0.000000e+000  -0.000000e+000  -0.000000e+000  -0.000000e+000  -0.000000e+000  -0.000000e+000  -0.000000e+000  -0.000000e+000  -0.000000e+000  
-0.000000e+000  -0.000000e+000  -0.000000e+000  -0.000000e+000  -0.000000e+000  -0.000000e+000  -0.000000e+000  -0.000000e+000  -0.000000e+000  -0.000000e+000  -0.000000e+000  -0.000000e+000  -0.000000e+000  -0.000000e+000  -0.000000e+000  -0.000000e+000  -0.000000e+000  -0.000000e+000  -0.000000e+000  -0.000000e+000  -0.000000e+000  -0.000000e+000  -0.000000e+000  
-0.000000e+000  -0.000000e+000  -0.000000e+000  -0.000000e+000  -0.000000e+000  -0.000000e+000  3.922891e-009  3.730691e-010  -3.920267e-010  -1.859812e-009  -7.407246e-010  -6.043391e-010  -1.711360e-009  5.943032e-009  -4.357860e-009  2.794455e-009  -0.000000e+000  -0.000000e+000  -0.000000e+000  -0.000000e+000  -0.000000e+000  -0.000000e+000  -0.000000e+000  
-0.000000e+000  -0.000000e+000  -0.000000e+000  -0.000000e+000  -0.000000e+000  -0.000000e+000  -4.097344e-009  1.124356e-008  -7.506493e-009  -2.946296e-010  2.111279e-009  -5.688331e-009  3.067150e-009  -1.439136e-009  1.007187e-008  -6.133908e-009  -0.000000e+000  -0.000000e+000  -0.000000e+000  -0.000000e+000  -0.000000e+000  -0.000000e+000  -0.000000e+000  
-0.000000e+000  -0.000000e+000  -0.000000e+000  -0.000000e+000  -0.000000e+000  -0.000000e+000  -4.730136e-009  2.788444e-010  4.764904e-009  9.973380e-010  -7.633655e-010  2.531410e-009  -2.054988e-009  2.147330e-009  -5.872204e-009  1.843003e-009  -0.000000e+000  -0.000000e+000  -0.000000e+000  -0.000000e+000  -0.000000e+000  -0.000000e+000  -0.000000e+000  
-0.000000e+000  -0.000000e+000  -0.000000e+000  -0.000000e+000  -0.000000e+000  -0.000000e+000  3.234859e-009  -9.039883e-009  3.376469e-009  6.571019e-010  3.150522e-009  -4.989226e-009  3.538691e-009  -1.164431e-009  8.517165e-010  -7.563692e-010  -0.000000e+000  -0.000000e+000  -0.000000e+000  -0.000000e+000  -0.000000e+000  -0.000000e+000  -0.000000e+000  
-0.000000e+000  -0.000000e+000  -0.000000e+000  -0.000000e+000  -0.000000e+000  -0.000000e+000  2.093569e-009  -4.332235e-009  4.600132e-009  -1.945216e-009  1.311573e-009  -1.676215e-009  2.270887e-009  -4.372912e-009  8.574500e-010  1.261743e-009  -0.000000e+000  -0.000000e+000  -0.000000e+000  -0.000000e+000  -0.000000e+000  -0.000000e+000  -0.000000e+000  
-0.000000e+000  -0.000000e+000  -0.000000e+000  -0.000000e+000  -0.000000e+000  -0.000000e+000  -0.000000e+000  -0.000000e+000  -0.000000e+000  -0.000000e+000  -0.000000e+000  -0.000000e+000  -0.000000e+000  -0.000000e+000  -0.000000e+000  -0.000000e+000  -0.000000e+000  -0.000000e+000  -0.000000e+000  -0.000000e+000  -0.000000e+000  -0.000000e+000  -0.000000e+000  
-0.000000e+000  -0.000000e+000  -0.000000e+000  -0.000000e+000  -0.000000e+000  -0.000000e+000  -0.000000e+000  -0.000000e+000  -0.000000e+000  -0.000000e+000  -0.000000e+000  -0.000000e+000  -0.000000e+000  -0.000000e+000  -0.000000e+000  -0.000000e+000  -0.000000e+000  -0.000000e+000  -0.000000e+000  -0.000000e+000  -0.000000e+000  -0.000000e+000  -0.000000e+000  
-0.000000e+000  -0.000000e+000  -0.000000e+000  -0.000000e+000  -0.000000e+000  -0.000000e+000  -0.000000e+000  -0.000000e+000  -0.000000e+000  -0.000000e+000  -0.000000e+000  -0.000000e+000  -0.000000e+000  -0.000000e+000  -0.000000e+000  -0.000000e+000  -0.000000e+000  -0.000000e+000  -0.000000e+000  -0.000000e+000  -0.000000e+000  -0.000000e+000  -0.000000e+000  
-0.000000e+000  -0.000000e+000  -0.000000e+000  -0.000000e+000  -0.000000e+000  -0.000000e+000  -0.000000e+000  -0.000000e+000  -0.000000e+000  -0.000000e+000  -0.000000e+000  -0.000000e+000  -0.000000e+000  -0.000000e+000  -0.000000e+000  -0.000000e+000  -0.000000e+000  -0.000000e+000  -0.000000e+000  -0.000000e+000  -0.000000e+000  -0.000000e+000  -0.000000e+000  
-0.000000e+000  -0.000000e+000  -0.000000e+000  -0.000000e+000  -0.000000e+000  -0.000000e+000  -0.000000e+000  -0.000000e+000  -0.000000e+000  -0.000000e+000  -0.000000e+000  -0.000000e+000  -0.000000e+000  -0.000000e+000  -0.000000e+000  -0.000000e+000  -0.000000e+000  -0.000000e+000  -0.000000e+000  -0.000000e+000  -0.000000e+000  -0.000000e+000  -0.000000e+000  
-0.000000e+000  -0.000000e+000  -0.000000e+000  -0.000000e+000  -0.000000e+000  -0.000000e+000  -0.000000e+000  -0.000000e+000  -0.000000e+000  -0.000000e+000  -0.000000e+000  -0.000000e+000  -0.000000e+000  -0.000000e+000  -0.000000e+000  -0.000000e+000  -0.000000e+000  -0.000000e+000  -0.000000e+000  -0.000000e+000  -0.000000e+000  -0.000000e+000  -0.000000e+000  

0.000000e+000  0.000000e+000  0.000000e+000  0.000000e+000  0.000000e+000  0.000000e+000  0.000000e+000  0.000000e+000  0.000000e+000  0.000000e+000  0.000000e+000  0.000000e+000  0.000000e+000  0.000000e+000  0.000000e+000  0.000000e+000  0.000000e+000  0.000000e+000  0.000000e+000  0.000000e+000  0.000000e+000  0.000000e+000  0.000000e+000  
0.000000e+000  0.000000e+000  0.000000e+000  0.000000e+000  0.000000e+000  0.000000e+000  0.000000e+000  0.000000e+000  0.000000e+000  0.000000e+000  0.000000e+000  0.000000e+000  0.000000e+000  0.000000e+000  0.000000e+000  0.000000e+000  0.000000e+000  0.000000e+000  0.000000e+000  0.000000e+000  0.000000e+000  0.000000e+000  0.000000e+000  
0.000000e+000  0.000000e+000  0.000000e+000  0.000000e+000  0.000000e+000  0.000000e+000  0.000000e+000  0.000000e+000  0.000000e+000  0.000000e+000  0.000000e+000  0.000000e+000  0.000000e+000  0.000000e+000  0.000000e+000  0.000000e+000  0.000000e+000  0.000000e+000  0.000000e+000  0.000000e+000  0.000000e+000  0.000000e+000  0.000000e+000  
0.000000e+000  0.000000e+000  0.000000e+000  0.000000e+000  0.000000e+000  0.000000e+000  0.000000e+000  0.000000e+000  0.000000e+000  0.000000e+000  0.000000e+000  0.000000e+000  0.000000e+000  0.000000e+000  0.000000e+000  0.000000e+000  0.000000e+000  0.000000e+000  0.000000e+000  0.000000e+000  0.000000e+000  0.000000e+000  0.000000e+000  
0.000000e+000  0.000000e+000  0.000000e+000  0.000000e+000  0.000000e+000  0.000000e+000  0.000000e+000  0.000000e+000  0.000000e+000  0.000000e+000  0.000000e+000  0.000000e+000  0.000000e+000  0.000000e+000  0.000000e+000  0.000000e+000  0.000000e+000  0.000000e+000  0.000000e+000  0.000000e+000  0.000000e+000  0.000000e+000  0.000000e+000  
0.000000e+000  0.000000e+000  0.000000e+000  0.000000e+000  0.000000e+000  0.000000e+000  0.000000e+000  0.000000e+000  0.000000e+000  0.000000e+000  0.000000e+000  0.000000e+000  0.000000e+000  0.000000e+000  0.000000e+000  0.000000e+000  0.000000e+000  0.000000e+000  0.000000e+000  0.000000e+000  0.000000e+000  0.000000e+000  0.000000e+000  
0.000000e+000  0.000000e+000  0.000000e+000  0.000000e+000  0.000000e+000  0.000000e+000  0.000000e+000  0.000000e+000  0.000000e+000  0.000000e+000  0.000000e+000  0.000000e+000  0.000000e+000  0.000000e+000  0.000000e+000  0.000000e+000  0.000000e+000  0.000000e+000  0.000000e+000  0.000000e+000  0.000000e+000  0.000000e+000  0.000000e+000  
0.000000e+000  0.000000e+000  0.000000e+000  0.000000e+000  0.000000e+000  0.000000e+000  0.000000e+000  0.000000e+000  0.000000e+000  0.000000e+000  0.000000e+000  0.000000e+000  0.000000e+000  0.000000e+000  0.000000e+000  0.000000e+000  0.000000e+000  0.000000e+000  0.000000e+000  0.000000e+000  0.000000e+000  0.000000e+000  0.000000e+000  
0.000000e+000  0.000000e+000  0.000000e+000  0.000000e+000  0.000000e+000  0.000000e+000  0.000000e+000  0.000000e+000  0.000000e+000  0.000000e+000  0.000000e+000  0.000000e+000  0.000000e+000  0.000000e+000  0.000000e+000  0.000000e+000  0.000000e+000  0.000000e+000  0.000000e+000  0.000000e+000  0.000000e+000  0.000000e+000  0.000000e+000  
0.000000e+000  0.000000e+000  0.000000e+000  0.000000e+000  0.000000e+000  0.000000e+000  0.000000e+000  0.000000e+000  0.000000e+000  0.000000e+000  0.000000e+000  0.000000e+000  0.000000e+000  0.000000e+000  0.000000e+000  0.000000e+000  0.000000e+000  0.000000e+000  0.000000e+000  0.000000e+000  0.000000e+000  0.000000e+000  0.000000e+000  
0.000000e+000  0.000000e+000  0.000000e+000  0.000000e+000  0.000000e+000  0.000000e+000  0.000000e+000  0.000000e+000  0.000000e+000  0.000000e+000  0.000000e+000  0.000000e+000  0.000000e+000  0.000000e+000  0.000000e+000  0.000000e+000  0.000000e+000  0.000000e+000  0.000000e+000  0.000000e+000  0.000000e+000  0.000000e+000  0.000000e+000  
0.000000e+000  0.000000e+000  0.000000e+000  0.000000e+000  0.000000e+000  0.000000e+000  0.000000e+000  0.000000e+000  0.000000e+000  0.000000e+000  0.000000e+000  0.000000e+000  0.000000e+000  0.000000e+000  0.000000e+000  0.000000e+000  0.000000e+000  0.000000e+000  0.000000e+000  0.000000e+000  0.000000e+000  0.000000e+000  0.000000e+000  
0.000000e+000  0.000000e+000  0.000000e+000  0.000000e+000  0.000000e+000  0.000000e+000  0.000000e+000  0.000000e+000  0.000000e+000  0.000000e+000  0.000000e+000  0.000000e+000  0.000000e+000  0.000000e+000  0.000000e+000  0.000000e+000  0.000000e+000  0.000000e+000  0.000000e+000  0.000000e+000  0.000000e+000  0.000000e+000  0.000000e+000  
0.000000e+000  0.000000e+000  0.000000e+000  0.000000e+000  0.000000e+000  0.000000e+000  0.000000e+000  0.000000e+000  0.000000e+000  0.000000e+000  0.000000e+000  0.000000e+000  0.000000e+000  0.000000e+000  0.000000e+000  0.000000e+000  0.000000e+000  0.000000e+000  0.000000e+000  0.000000e+000  0.000000e+000  0.000000e+000  0.000000e+000  
0.000000e+000  0.000000e+000  0.000000e+000  0.000000e+000  0.000000e+000  0.000000e+000  0.000000e+000  0.000000e+000  0.000000e+000  0.000000e+000  0.000000e+000  0.000000e+000  0.000000e+000  0.000000e+000  0.000000e+000  0.000000e+000  0.000000e+000  0.000000e+000  0.000000e+000  0.000000e+000  0.000000e+000  0.000000e+000  0.000000e+000  
0.000000e+000  0.000000e+000  0.000000e+000  0.000000e+000  0.000000e+000  0.000000e+000  0.000000e+000  0.000000e+000  0.000000e+000  0.000000e+000  0.000000e+000  0.000000e+000  0.000000e+000  0.000000e+000  0.000000e+000  0.000000e+000  0.000000e+000  0.000000e+000  0.000000e+000  0.000000e+000  0.000000e+000  0.000000e+000  0.000000e+000  
0.000000e+000  0.000000e+000  0.000000e+000  0.000000e+000  0.000000e+000  0.000000e+000  0.000000e+000  0.000000e+000  0.000000e+000  0.000000e+000  0.000000e+000  0.000000e+000  0.000000e+000  0.000000e+000  0.000000e+000  0.000000e+000  0.000000e+000  0.000000e+000  0.000000e+000  0.000000e+000  0.000000e+000  0.000000e+000  0.000000e+000  

0.000000e+000  0.000000e+000  0.000000e+000  0.000000e+000  0.000000e+000  0.000000e+000  0.000000e+000  0.000000e+000  0.000000e+000  0.000000e+000  0.000000e+000  0.000000e+000  0.000000e+000  0.000000e+000  0.000000e+000  0.000000e+000  0.000000e+000  0.000000e+000  0.000000e+000  0.000000e+000  0.000000e+000  0.000000e+000  0.000000e+000  
0.000000e+000  0.000000e+000  0.000000e+000  0.000000e+000  0.000000e+000  0.000000e+000  0.000000e+000  0.000000e+000  0.000000e+000  0.000000e+000  0.000000e+000  0.000000e+000  0.000000e+000  0.000000e+000  0.000000e+000  0.000000e+000  0.000000e+000  0.000000e+000  0.000000e+000  0.000000e+000  0.000000e+000  0.000000e+000  0.000000e+000  
0.000000e+000  0.000000e+000  0.000000e+000  0.000000e+000  0.000000e+000  0.000000e+000  0.000000e+000  0.000000e+000  0.000000e+000  0.000000e+000  0.000000e+000  0.000000e+000  0.000000e+000  0.000000e+000  0.000000e+000  0.000000e+000  0.000000e+000  0.000000e+000  0.000000e+000  0.000000e+000  0.000000e+000  0.000000e+000  0.000000e+000  
0.000000e+000  0.000000e+000  0.000000e+000  0.000000e+000  0.000000e+000  0.000000e+000  0.000000e+000  0.000000e+000  0.000000e+000  0.000000e+000  0.000000e+000  0.000000e+000  0.000000e+000  0.000000e+000  0.000000e+000  0.000000e+000  0.000000e+000  0.000000e+000  0.000000e+000  0.000000e+000  0.000000e+000  0.000000e+000  0.000000e+000  
0.000000e+000  0.000000e+000  0.000000e+000  0.000000e+000  0.000000e+000  0.000000e+000  0.000000e+000  0.000000e+000  0.000000e+000  0.000000e+000  0.000000e+000  0.000000e+000  0.000000e+000  0.000000e+000  0.000000e+000  0.000000e+000  0.000000e+000  0.000000e+000  0.000000e+000  0.000000e+000  0.000000e+000  0.000000e+000  0.000000e+000  
0.000000e+000  0.000000e+000  0.000000e+000  0.000000e+000  0.000000e+000  0.000000e+000  0.000000e+000  0.000000e+000  0.000000e+000  0.000000e+000  0.000000e+000  0.000000e+000  0.000000e+000  0.000000e+000  0.000000e+000  0.000000e+000  0.000000e+000  0.000000e+000  0.000000e+000  0.000000e+000  0.000000e+000  0.000000e+000  0.000000e+000  
0.000000e+000  0.000000e+000  0.000000e+000  0.000000e+000  0.000000e+000  0.000000e+000  0.000000e+000  0.000000e+000  0.000000e+000  0.000000e+000  0.000000e+000  0.000000e+000  0.000000e+000  0.000000e+000  0.000000e+000  0.000000e+000  0.000000e+000  0.000000e+000  0.000000e+000  0.000000e+000  0.000000e+000  0.000000e+000  0.000000e+000  
0.000000e+000  0.000000e+000  0.000000e+000  0.000000e+000  0.000000e+000  0.000000e+000  0.000000e+000  0.000000e+000  0.000000e+000  0.000000e+000  0.000000e+000  0.000000e+000  0.000000e+000  0.000000e+000  0.000000e+000  0.000000e+000  0.000000e+000  0.000000e+000  0.000000e+000  0.000000e+000  0.000000e+000  0.000000e+000  0.000000e+000  
0.000000e+000  0.000000e+000  0.000000e+000  0.000000e+000  0.000000e+000  0.000000e+000  0.000000e+000  0.000000e+000  0.000000e+000  0.000000e+000  0.000000e+000  0.000000e+000  0.000000e+000  0.000000e+000  0.000000e+000  0.000000e+000  0.000000e+000  0.000000e+000  0.000000e+000  0.000000e+000  0.000000e+000  0.000000e+000  0.000000e+000  
0.000000e+000  0.000000e+000  0.000000e+000  0.000000e+000  0.000000e+000  0.000000e+000  0.000000e+000  0.000000e+000  0.000000e+000  0.000000e+000  0.000000e+000  0.000000e+000  0.000000e+000  0.000000e+000  0.000000e+000  0.000000e+000  0.000000e+000  0.000000e+000  0.000000e+000  0.000000e+000  0.000000e+000  0.000000e+000  0.000000e+000  
0.000000e+000  0.000000e+000  0.000000e+000  0.000000e+000  0.000000e+000  0.000000e+000  0.000000e+000  0.000000e+000  0.000000e+000  0.000000e+000  0.000000e+000  0.000000e+000  0.000000e+000  0.000000e+000  0.000000e+000  0.000000e+000  0.000000e+000  0.000000e+000  0.000000e+000  0.000000e+000  0.000000e+000  0.000000e+000  0.000000e+000  
0.000000e+000  0.000000e+000  0.000000e+000  0.000000e+000  0.000000e+000  0.000000e+000  0.000000e+000  0.000000e+000  0.000000e+000  0.000000e+000  0.000000e+000  0.000000e+000  0.000000e+000  0.000000e+000  0.000000e+000  0.000000e+000  0.000000e+000  0.000000e+000  0.000000e+000  0.000000e+000  0.000000e+000  0.000000e+000  0.000000e+000  
0.000000e+000  0.000000e+000  0.000000e+000  0.000000e+000  0.000000e+000  0.000000e+000  0.000000e+000  0.000000e+000  0.000000e+000  0.000000e+000  0.000000e+000  0.000000e+000  0.000000e+000  0.000000e+000  0.000000e+000  0.000000e+000  0.000000e+000  0.000000e+000  0.000000e+000  0.000000e+000  0.000000e+000  0.000000e+000  0.000000e+000  
0.000000e+000  0.000000e+000  0.000000e+000  0.000000e+000  0.000000e+000  0.000000e+000  0.000000e+000  0.000000e+000  0.000000e+000  0.000000e+000  0.000000e+000  0.000000e+000  0.000000e+000  0.000000e+000  0.000000e+000  0.000000e+000  0.000000e+000  0.000000e+000  0.000000e+000  0.000000e+000  0.000000e+000  0.000000e+000  0.000000e+000  
0.000000e+000  0.000000e+000  0.000000e+000  0.000000e+000  0.000000e+000  0.000000e+000  0.000000e+000  0.000000e+000  0.000000e+000  0.000000e+000  0.000000e+000  0.000000e+000  0.000000e+000  0.000000e+000  0.000000e+000  0.000000e+000  0.000000e+000  0.000000e+000  0.000000e+000  0.000000e+000  0.000000e+000  0.000000e+000  0.000000e+000  
0.000000e+000  0.000000e+000  0.000000e+000  0.000000e+000  0.000000e+000  0.000000e+000  0.000000e+000  0.000000e+000  0.000000e+000  0.000000e+000  0.000000e+000  0.000000e+000  0.000000e+000  0.000000e+000  0.000000e+000  0.000000e+000  0.000000e+000  0.000000e+000  0.000000e+000  0.000000e+000  0.000000e+000  0.000000e+000  0.000000e+000  
0.000000e+000  0.000000e+000  0.000000e+000  0.000000e+000  0.000000e+000  0.000000e+000  0.000000e+000  0.000000e+000  0.000000e+000  0.000000e+000  0.000000e+000  0.000000e+000  0.000000e+000  0.000000e+000  0.000000e+000  0.000000e+000  0.000000e+000  0.000000e+000  0.000000e+000  0.000000e+000  0.000000e+000  0.000000e+000  0.000000e+000  

0.000000e+000  0.000000e+000  0.000000e+000  0.000000e+000  0.000000e+000  0.000000e+000  0.000000e+000  0.000000e+000  0.000000e+000  0.000000e+000  0.000000e+000  0.000000e+000  0.000000e+000  0.000000e+000  0.000000e+000  0.000000e+000  0.000000e+000  0.000000e+000  0.000000e+000  0.000000e+000  0.000000e+000  0.000000e+000  0.000000e+000  
0.000000e+000  0.000000e+000  0.000000e+000  0.000000e+000  0.000000e+000  0.000000e+000  0.000000e+000  0.000000e+000  0.000000e+000  0.000000e+000  0.000000e+000  0.000000e+000  0.000000e+000  0.000000e+000  0.000000e+000  0.000000e+000  0.000000e+000  0.000000e+000  0.000000e+000  0.000000e+000  0.000000e+000  0.000000e+000  0.000000e+000  
0.000000e+000  0.000000e+000  0.000000e+000  0.000000e+000  0.000000e+000  0.000000e+000  0.000000e+000  0.000000e+000  0.000000e+000  0.000000e+000  0.000000e+000  0.000000e+000  0.000000e+000  0.000000e+000  0.000000e+000  0.000000e+000  0.000000e+000  0.000000e+000  0.000000e+000  0.000000e+000  0.000000e+000  0.000000e+000  0.000000e+000  
0.000000e+000  0.000000e+000  0.000000e+000  0.000000e+000  0.000000e+000  0.000000e+000  0.000000e+000  0.000000e+000  0.000000e+000  0.000000e+000  0.000000e+000  0.000000e+000  0.000000e+000  0.000000e+000  0.000000e+000  0.000000e+000  0.000000e+000  0.000000e+000  0.000000e+000  0.000000e+000  0.000000e+000  0.000000e+000  0.000000e+000  
0.000000e+000  0.000000e+000  0.000000e+000  0.000000e+000  0.000000e+000  0.000000e+000  0.000000e+000  0.000000e+000  0.000000e+000  0.000000e+000  0.000000e+000  0.000000e+000  0.000000e+000  0.000000e+000  0.000000e+000  0.000000e+000  0.000000e+000  0.000000e+000  0.000000e+000  0.000000e+000  0.000000e+000  0.000000e+000  0.000000e+000  
0.000000e+000  0.000000e+000  0.000000e+000  0.000000e+000  0.000000e+000  0.000000e+000  0.000000e+000  0.000000e+000  0.000000e+000  0.000000e+000  0.000000e+000  0.000000e+000  0.000000e+000  0.000000e+000  0.000000e+000  0.000000e+000  0.000000e+000  0.000000e+000  0.000000e+000  0.000000e+000  0.000000e+000  0.000000e+000  0.000000e+000  
0.000000e+000  0.000000e+000  0.000000e+000  0.000000e+000  0.000000e+000  0.000000e+000  0.000000e+000  0.000000e+000  0.000000e+000  0.000000e+000  0.000000e+000  0.000000e+000  0.000000e+000  0.000000e+000  0.000000e+000  0.000000e+000  0.000000e+000  0.000000e+000  0.000000e+000  0.000000e+000  0.000000e+000  0.000000e+000  0.000000e+000  
0.000000e+000  0.000000e+000  0.000000e+000  0.000000e+000  0.000000e+000  0.000000e+000  0.000000e+000  0.000000e+000  0.000000e+000  0.000000e+000  0.000000e+000  0.000000e+000  0.000000e+000  0.000000e+000  0.000000e+000  0.000000e+000  0.000000e+000  0.000000e+000  0.000000e+000  0.000000e+000  0.000000e+000  0.000000e+000  0.000000e+000  
0.000000e+000  0.000000e+000  0.000000e+000  0.000000e+000  0.000000e+000  0.000000e+000  0.000000e+000  0.000000e+000  0.000000e+000  0.000000e+000  0.000000e+000  0.000000e+000  0.000000e+000  0.000000e+000  0.000000e+000  0.000000e+000  0.000000e+000  0.000000e+000  0.000000e+000  0.000000e+000  0.000000e+000  0.000000e+000  0.000000e+000  
0.000000e+000  0.000000e+000  0.000000e+000  0.000000e+000  0.000000e+000  0.000000e+000  0.000000e+000  0.000000e+000  0.000000e+000  0.000000e+000  0.000000e+000  0.000000e+000  0.000000e+000  0.000000e+000  0.000000e+000  0.000000e+000  0.000000e+000  0.000000e+000  0.000000e+000  0.000000e+000  0.000000e+000  0.000000e+000  0.000000e+000  
0.000000e+000  0.000000e+000  0.000000e+000  0.000000e+000  0.000000e+000  0.000000e+000  0.000000e+000  0.000000e+000  0.000000e+000  0.000000e+000  0.000000e+000  0.000000e+000  0.000000e+000  0.000000e+000  0.000000e+000  0.000000e+000  0.000000e+000  0.000000e+000  0.000000e+000  0.000000e+000  0.000000e+000  0.000000e+000  0.000000e+000  
0.000000e+000  0.000000e+000  0.000000e+000  0.000000e+000  0.000000e+000  0.000000e+000  0.000000e+000  0.000000e+000  0.000000e+000  0.000000e+000  0.000000e+000  0.000000e+000  0.000000e+000  0.000000e+000  0.000000e+000  0.000000e+000  0.000000e+000  0.000000e+000  0.000000e+000  0.000000e+000  0.000000e+000  0.000000e+000  0.000000e+000  
0.000000e+000  0.000000e+000  0.000000e+000  0.000000e+000  0.000000e+000  0.000000e+000  0.000000e+000  0.000000e+000  0.000000e+000  0.000000e+000  0.000000e+000  0.000000e+000  0.000000e+000  0.000000e+000  0.000000e+000  0.000000e+000  0.000000e+000  0.000000e+000  0.000000e+000  0.000000e+000  0.000000e+000  0.000000e+000  0.000000e+000  
0.000000e+000  0.000000e+000  0.000000e+000  0.000000e+000  0.000000e+000  0.000000e+000  0.000000e+000  0.000000e+000  0.000000e+000  0.000000e+000  0.000000e+000  0.000000e+000  0.000000e+000  0.000000e+000  0.000000e+000  0.000000e+000  0.000000e+000  0.000000e+000  0.000000e+000  0.000000e+000  0.000000e+000  0.000000e+000  0.000000e+000  
0.000000e+000  0.000000e+000  0.000000e+000  0.000000e+000  0.000000e+000  0.000000e+000  0.000000e+000  0.000000e+000  0.000000e+000  0.000000e+000  0.000000e+000  0.000000e+000  0.000000e+000  0.000000e+000  0.000000e+000  0.000000e+000  0.000000e+000  0.000000e+000  0.000000e+000  0.000000e+000  0.000000e+000  0.000000e+000  0.000000e+000  
0.000000e+000  0.000000e+000  0.000000e+000  0.000000e+000  0.000000e+000  0.000000e+000  0.000000e+000  0.000000e+000  0.000000e+000  0.000000e+000  0.000000e+000  0.000000e+000  0.000000e+000  0.000000e+000  0.000000e+000  0.000000e+000  0.000000e+000  0.000000e+000  0.000000e+000  0.000000e+000  0.000000e+000  0.000000e+000  0.000000e+000  
0.000000e+000  0.000000e+000  0.000000e+000  0.000000e+000  0.000000e+000  0.000000e+000  0.000000e+000  0.000000e+000  0.000000e+000  0.000000e+000  0.000000e+000  0.000000e+000  0.000000e+000  0.000000e+000  0.000000e+000  0.000000e+000  0.000000e+000  0.000000e+000  0.000000e+000  0.000000e+000  0.000000e+000  0.000000e+000  0.000000e+000  

-0.000000e+000  -0.000000e+000  -0.000000e+000  -0.000000e+000  -0.000000e+000  -0.000000e+000  -0.000000e+000  -0.000000e+000  -0.000000e+000  -0.000000e+000  -0.000000e+000  -0.000000e+000  -0.000000e+000  -0.000000e+000  -0.000000e+000  -0.000000e+000  -0.000000e+000  -0.000000e+000  -0.000000e+000  -0.000000e+000  -0.000000e+000  -0.000000e+000  -0.000000e+000  
-0.000000e+000  -0.000000e+000  -0.000000e+000  -0.000000e+000  -0.000000e+000  -0.000000e+000  -0.000000e+000  -0.000000e+000  -0.000000e+000  -0.000000e+000  -0.000000e+000  -0.000000e+000  -0.000000e+000  -0.000000e+000  -0.000000e+000  -0.000000e+000  -0.000000e+000  -0.000000e+000  -0.000000e+000  -0.000000e+000  -0.000000e+000  -0.000000e+000  -0.000000e+000  
-0.000000e+000  -0.000000e+000  -0.000000e+000  -0.000000e+000  -0.000000e+000  -0.000000e+000  -0.000000e+000  -0.000000e+000  -0.000000e+000  -0.000000e+000  -0.000000e+000  -0.000000e+000  -0.000000e+000  -0.000000e+000  -0.000000e+000  -0.000000e+000  -0.000000e+000  -0.000000e+000  -0.000000e+000  -0.000000e+000  -0.000000e+000  -0.000000e+000  -0.000000e+000  
-0.000000e+000  -0.000000e+000  -0.000000e+000  -0.000000e+000  -0.000000e+000  -0.000000e+000  -0.000000e+000  -0.000000e+000  -0.000000e+000  -0.000000e+000  -0.000000e+000  -0.000000e+000  -0.000000e+000  -0.000000e+000  -0.000000e+000  -0.000000e+000  -0.000000e+000  -0.000000e+000  -0.000000e+000  -0.000000e+000  -0.000000e+000  -0.000000e+000  -0.000000e+000  
-0.000000e+000  -0.000000e+000  -0.000000e+000  -0.000000e+000  -0.000000e+000  -0.000000e+000  -0.000000e+000  -0.000000e+000  -0.000000e+000  -0.000000e+000  -0.000000e+000  -0.000000e+000  -0.000000e+000  -0.000000e+000  -0.000000e+000  -0.000000e+000  -0.000000e+000  -0.000000e+000  -0.000000e+000  -0.000000e+000  -0.000000e+000  -0.000000e+000  -0.000000e+000  
-0.000000e+000  -0.000000e+000  -0.000000e+000  -0.000000e+000  -0.000000e+000  -0.000000e+000  -6.547711e+000  -6.173171e+000  -5.445516e+000  -4.061397e+000  -1.516413e+000  1.516413e+000  4.061397e+000  5.445516e+000  6.173171e+000  6.547711e+000  -0.000000e+000  -0.000000e+000  -0.000000e+000  -0.000000e+000  -0.000000e+000  -0.000000e+000  -0.000000e+000  
-0.000000e+000  -0.000000e+000  -0.000000e+000  -0.000000e+000  -0.000000e+000  -0.000000e+000  -6.547711e+000  -6.173171e+000  -5.445516e+000  -4.061397e+000  -1.516413e+000  1.516413e+000  4.061397e+000  5.445516e+000  6.173171e+000  6.547711e+000  -0.000000e+000  -0.000000e+000  -0.000000e+000  -0.000000e+000  -0.000000e+000  -0.000000e+000  -0.000000e+000  
-0.000000e+000  -0.000000e+000  -0.000000e+000  -0.000000e+000  -0.000000e+000  -0.000000e+000  -6.547711e+000  -6.173171e+000  -5.445516e+000  -4.061397e+000  -1.516413e+000  1.516413e+000  4.061397e+000  5.445516e+000  6.173171e+000  6.547711e+000  -0.000000e+000  -0.000000e+000  -0.000000e+000  -0.000000e+000  -0.000000e+000  -0.000000e+000  -0.000000e+000  
-0.000000e+000  -0.000000e+000  -0.000000e+000  -0.000000e+000  -0.000000e+000  -0.000000e+000  -6.547711e+000  -6.173171e+000  -5.445516e+000  -4.061397e+000  -1.516413e+000  1.516413e+000  4.061397e+000  5.445516e+000  6.173171e+000  6.547711e+000  -0.000000e+000  -0.000000e+000  -0.000000e+000  -0.000000e+000  -0.000000e+000  -0.000000e+000  -0.000000e+000  
-0.000000e+000  -0.000000e+000  -0.000000e+000  -0.000000e+000  -0.000000e+000  -0.000000e+000  -6.547711e+000  -6.173171e+000  -5.445516e+000  -4.061397e+000  -1.516413e+000  1.516413e+000  4.061397e+000  5.445516e+000  6.173171e+000  6.547711e+000  -0.000000e+000  -0.000000e+000  -0.000000e+000  -0.000000e+000  -0.000000e+000  -0.000000e+000  -0.000000e+000  
-0.000000e+000  -0.000000e+000  -0.000000e+000  -0.000000e+000  -0.000000e+000  -0.000000e+000  -6.547711e+000  -6.173171e+000  -5.445516e+000  -4.061397e+000  -1.516413e+000  1.516413e+000  4.061397e+000  5.445516e+000  6.173171e+000  6.547711e+000  -0.000000e+000  -0.000000e+000  -0.000000e+000  -0.000000e+000  -0.000000e+000  -0.000000e+000  -0.000000e+000  
-0.000000e+000  -0.000000e+000  -0.000000e+000  -0.000000e+000  -0.000000e+000  -0.000000e+000  -0.000000e+000  -0.000000e+000  -0.000000e+000  -0.000000e+000  -0.000000e+000  -0.000000e+000  -0.000000e+000  -0.000000e+000  -0.000000e+000  -0.000000e+000  -0.000000e+000  -0.000000e+000  -0.000000e+000  -0.000000e+000  -0.000000e+000  -0.000000e+000  -0.000000e+000  
-0.000000e+000  -0.000000e+000  -0.000000e+000  -0.000000e+000  -0.000000e+000  -0.000000e+000  -0.000000e+000  -0.000000e+000  -0.000000e+000  -0.000000e+000  -0.000000e+000  -0.000000e+000  -0.000000e+000  -0.000000e+000  -0.000000e+000  -0.000000e+000  -0.000000e+000  -0.000000e+000  -0.000000e+000  -0.000000e+000  -0.000000e+000  -0.000000e+000  -0.000000e+000  
-0.000000e+000  -0.000000e+000  -0.000000e+000  -0.000000e+000  -0.000000e+000  -0.000000e+000  -0.000000e+000  -0.000000e+000  -0.000000e+000  -0.000000e+000  -0.000000e+000  -0.000000e+000  -0.000000e+000  -0.000000e+000  -0.000000e+000  -0.000000e+000  -0.000000e+000  -0.000000e+000  -0.000000e+000  -0.000000e+000  -0.000000e+000  -0.000000e+000  -0.000000e+000  
-0.000000e+000  -0.000000e+000  -0.000000e+000  -0.000000e+000  -0.000000e+000  -0.000000e+000  -0.000000e+000  -0.000000e+000  -0.000000e+000  -0.000000e+000  -0.000000e+000  -0.000000e+000  -0.000000e+000  -0.000000e+000  -0.000000e+000  -0.000000e+000  -0.000000e+000  -0.000000e+000  -0.000000e+000  -0.000000e+000  -0.000000e+000  -0.000000e+000  -0.000000e+000  
-0.000000e+000  -0.000000e+000  -0.000000e+000  -0.000000e+000  -0.000000e+000  -0.000000e+000  -0.000000e+000  -0.000000e+000  -0.000000e+000  -0.000000e+000  -0.000000e+000  -0.000000e+000  -0.000000e+000  -0.000000e+000  -0.000000e+000  -0.000000e+000  -0.000000e+000  -0.000000e+000  -0.000000e+000  -0.000000e+000  -0.000000e+000  -0.000000e+000  -0.000000e+000  
-0.000000e+000  -0.000000e+000  -0.000000e+000  -0.000000e+000  -0.000000e+000  -0.000000e+000  -0.000000e+000  -0.000000e+000  -0.000000e+000  -0.000000e+000  -0.000000e+000  -0.000000e+000  -0.000000e+000  -0.000000e+000  -0.000000e+000  -0.000000e+000  -0.000000e+000  -0.000000e+000  -0.000000e+000  -0.000000e+000  -0.000000e+000  -0.000000e+000  -0.000000e+000  

