Port monitor named: Port1_e1.prt

nx        = 24
ny        = 4
nz        = 17

nu        = 15
nv        = 22
iu        = 2
iv        = 2

idir      = 1
dcut      = 0.000000e+000
icut      = 2
type      = 0
frequency = 3.000000e+009

fcutoff   = 0.000000e+000
alpha     = 0.000000e+000
beta      = 1.159431e+002
accuracy  = 3.628593e-010

type          = QTEM
wave imp.     = 2.221904e+002
wave imp.sig. = 1.081295e-008
line imp.     = 5.172515e+001

ref. port     = 0

-0.000000e+000  -1.651181e+002  -1.625431e+002  -1.574692e+002  -1.500454e+002  -1.404873e+002  -1.290680e+002  -1.161060e+002  -4.554569e+002  -4.155595e+002  -3.651517e+002  -3.068044e+002  -2.107791e+002  -7.125949e+001  -0.000000e+000  
-0.000000e+000  -2.190712e+002  -2.148928e+002  -2.066796e+002  -1.947137e+002  -1.794050e+002  -1.612748e+002  -1.409329e+002  -5.382911e+002  -4.822346e+002  -4.160391e+002  -3.436129e+002  -2.299850e+002  -7.644005e+001  -0.000000e+000  
-0.000000e+000  -4.484939e+002  -4.366561e+002  -4.134075e+002  -3.796099e+002  -3.365681e+002  -2.860188e+002  -2.300812e+002  -8.069843e+002  -6.792040e+002  -5.494350e+002  -4.269369e+002  -2.599382e+002  -8.120230e+001  -0.000000e+000  
-0.000000e+000  -7.501176e+002  -7.276980e+002  -6.832944e+002  -6.179369e+002  -5.335391e+002  -4.332365e+002  -3.216171e+002  -1.020848e+003  -7.917369e+002  -5.879321e+002  -4.221069e+002  -2.279651e+002  -6.601119e+001  -0.000000e+000  
-0.000000e+000  -1.287928e+003  -1.250352e+003  -1.173959e+003  -1.056887e+003  -8.980614e+002  -6.995707e+002  -4.697561e+002  -1.263902e+003  -8.331280e+002  -5.166024e+002  -3.113059e+002  -1.251898e+002  -2.892784e+001  -0.000000e+000  
-0.000000e+000  -1.705253e+003  -1.665066e+003  -1.580132e+003  -1.441550e+003  -1.237330e+003  -9.567337e+002  -6.011601e+002  -1.353613e+003  -7.281464e+002  -3.580194e+002  -1.660251e+002  -3.174054e+001  2.543181e-001  -0.000000e+000  
-0.000000e+000  -2.228248e+003  -2.197548e+003  -2.127702e+003  -1.999444e+003  -1.778380e+003  -1.412104e+003  -8.445104e+002  -1.351339e+003  -4.344670e+002  -6.760405e+001  5.514347e+001  8.896975e+001  3.547139e+001  -0.000000e+000  
-0.000000e+000  -2.831526e+003  -2.832705e+003  -2.829027e+003  -2.802291e+003  -2.703343e+003  -2.400226e+003  -1.535856e+003  -9.981034e+002  2.671171e+002  4.040148e+002  3.507921e+002  2.280993e+002  7.397234e+001  -0.000000e+000  
-0.000000e+000  -3.430326e+003  -3.479382e+003  -3.590100e+003  -3.795139e+003  -4.167992e+003  -4.874333e+003  -6.299014e+003  4.227070e+003  1.806977e+003  1.017338e+003  6.681064e+002  3.657623e+002  1.114196e+002  -0.000000e+000  
-0.000000e+000  -4.049671e+003  -4.109501e+003  -4.234591e+003  -4.435950e+003  -4.729312e+003  -5.129452e+003  -5.628467e+003  2.772881e+003  1.927768e+003  1.328661e+003  9.302151e+002  5.133943e+002  1.544213e+002  -0.000000e+000  
-0.000000e+000  -4.351747e+003  -4.393844e+003  -4.475512e+003  -4.590574e+003  -4.726758e+003  -4.861728e+003  -4.957820e+003  1.919271e+003  1.692184e+003  1.348681e+003  1.017630e+003  5.900789e+002  1.794090e+002  -0.000000e+000  
-0.000000e+000  -4.351747e+003  -4.393844e+003  -4.475512e+003  -4.590574e+003  -4.726758e+003  -4.861728e+003  -4.957820e+003  1.919271e+003  1.692184e+003  1.348681e+003  1.017630e+003  5.900789e+002  1.794090e+002  -0.000000e+000  
-0.000000e+000  -4.049671e+003  -4.109501e+003  -4.234591e+003  -4.435950e+003  -4.729312e+003  -5.129452e+003  -5.628467e+003  2.772881e+003  1.927768e+003  1.328661e+003  9.302151e+002  5.133943e+002  1.544213e+002  -0.000000e+000  
-0.000000e+000  -3.430326e+003  -3.479382e+003  -3.590100e+003  -3.795139e+003  -4.167992e+003  -4.874333e+003  -6.299014e+003  4.227070e+003  1.806977e+003  1.017338e+003  6.681064e+002  3.657623e+002  1.114196e+002  -0.000000e+000  
-0.000000e+000  -2.831526e+003  -2.832705e+003  -2.829027e+003  -2.802291e+003  -2.703343e+003  -2.400226e+003  -1.535856e+003  -9.981034e+002  2.671171e+002  4.040148e+002  3.507921e+002  2.280993e+002  7.397234e+001  -0.000000e+000  
-0.000000e+000  -2.228248e+003  -2.197548e+003  -2.127702e+003  -1.999444e+003  -1.778380e+003  -1.412104e+003  -8.445104e+002  -1.351339e+003  -4.344670e+002  -6.760405e+001  5.514347e+001  8.896975e+001  3.547139e+001  -0.000000e+000  
-0.000000e+000  -1.705253e+003  -1.665066e+003  -1.580132e+003  -1.441550e+003  -1.237330e+003  -9.567337e+002  -6.011601e+002  -1.353613e+003  -7.281464e+002  -3.580194e+002  -1.660251e+002  -3.174054e+001  2.543181e-001  -0.000000e+000  
-0.000000e+000  -1.287928e+003  -1.250352e+003  -1.173959e+003  -1.056887e+003  -8.980614e+002  -6.995707e+002  -4.697561e+002  -1.263902e+003  -8.331280e+002  -5.166024e+002  -3.113059e+002  -1.251898e+002  -2.892784e+001  -0.000000e+000  
-0.000000e+000  -7.501176e+002  -7.276980e+002  -6.832944e+002  -6.179369e+002  -5.335391e+002  -4.332365e+002  -3.216171e+002  -1.020848e+003  -7.917369e+002  -5.879321e+002  -4.221069e+002  -2.279651e+002  -6.601119e+001  -0.000000e+000  
-0.000000e+000  -4.484939e+002  -4.366561e+002  -4.134075e+002  -3.796099e+002  -3.365681e+002  -2.860188e+002  -2.300812e+002  -8.069843e+002  -6.792040e+002  -5.494350e+002  -4.269369e+002  -2.599382e+002  -8.120230e+001  -0.000000e+000  
-0.000000e+000  -2.190712e+002  -2.148928e+002  -2.066796e+002  -1.947137e+002  -1.794050e+002  -1.612748e+002  -1.409329e+002  -5.382911e+002  -4.822346e+002  -4.160391e+002  -3.436129e+002  -2.299850e+002  -7.644005e+001  -0.000000e+000  
-0.000000e+000  -1.651181e+002  -1.625431e+002  -1.574692e+002  -1.500454e+002  -1.404873e+002  -1.290680e+002  -1.161060e+002  -4.554569e+002  -4.155595e+002  -3.651517e+002  -3.068044e+002  -2.107791e+002  -7.125949e+001  -0.000000e+000  

-0.000000e+000  -0.000000e+000  -7.420490e+000  -1.459669e+001  -2.129473e+001  -2.730138e+001  -3.243344e+001  -3.654612e+001  -3.953966e+001  -6.211692e+001  -8.017993e+001  -9.384886e+001  -1.036275e+002  -1.135674e+002  -1.161723e+002  
-0.000000e+000  -0.000000e+000  -3.256163e+001  -6.394942e+001  -9.303345e+001  -1.187737e+002  -1.402686e+002  -1.568049e+002  -1.679029e+002  -2.412552e+002  -2.943841e+002  -3.296839e+002  -3.510844e+002  -3.648041e+002  -3.663589e+002  
-0.000000e+000  -0.000000e+000  -8.855457e+001  -1.738484e+002  -2.526246e+002  -3.216806e+002  -3.780044e+002  -4.190184e+002  -4.429093e+002  -5.595178e+002  -6.184209e+002  -6.354619e+002  -6.284274e+002  -5.859063e+002  -5.665230e+002  
-0.000000e+000  -0.000000e+000  -1.602739e+002  -3.158602e+002  -4.615581e+002  -5.912820e+002  -6.980360e+002  -7.745105e+002  -8.145611e+002  -9.459588e+002  -9.619478e+002  -9.140671e+002  -8.446955e+002  -7.191080e+002  -6.740608e+002  
-0.000000e+000  -0.000000e+000  -2.510947e+002  -5.005208e+002  -7.445734e+002  -9.752256e+002  -1.177751e+003  -1.329555e+003  -1.403801e+003  -1.496523e+003  -1.365563e+003  -1.174392e+003  -1.000352e+003  -7.768961e+002  -7.071076e+002  
-0.000000e+000  -0.000000e+000  -3.159435e+002  -6.376271e+002  -9.684018e+002  -1.305250e+003  -1.631391e+003  -1.904454e+003  -2.046764e+003  -2.031585e+003  -1.681093e+003  -1.336713e+003  -1.074547e+003  -7.878806e+002  -7.041251e+002  
-0.000000e+000  -0.000000e+000  -3.654323e+002  -7.503408e+002  -1.175675e+003  -1.663024e+003  -2.224893e+003  -2.824891e+003  -3.241727e+003  -2.818250e+003  -1.994223e+003  -1.439683e+003  -1.091275e+003  -7.621957e+002  -6.709388e+002  
-0.000000e+000  -0.000000e+000  -3.631417e+002  -7.555830e+002  -1.218066e+003  -1.822554e+003  -2.716302e+003  -4.229302e+003  -6.187175e+003  -3.905967e+003  -2.109761e+003  -1.391402e+003  -1.018362e+003  -6.933269e+002  -6.047212e+002  
-0.000000e+000  -0.000000e+000  -2.667780e+002  -5.381805e+002  -8.156956e+002  -1.091350e+003  -1.331939e+003  -1.438344e+003  -0.000000e+000  -1.395465e+003  -1.288992e+003  -1.026925e+003  -8.068062e+002  -5.587254e+002  -4.864004e+002  
-0.000000e+000  -0.000000e+000  -1.296691e+002  -2.515507e+002  -3.543843e+002  -4.194060e+002  -4.156296e+002  -2.958762e+002  -0.000000e+000  -3.706615e+002  -5.613978e+002  -5.419152e+002  -4.675193e+002  -3.382915e+002  -2.962320e+002  
-0.000000e+000  -0.000000e+000  -0.000000e+000  -0.000000e+000  -0.000000e+000  -0.000000e+000  -0.000000e+000  -0.000000e+000  -0.000000e+000  -0.000000e+000  -0.000000e+000  -0.000000e+000  -0.000000e+000  -0.000000e+000  -0.000000e+000  
-0.000000e+000  -0.000000e+000  1.296691e+002  2.515507e+002  3.543843e+002  4.194060e+002  4.156296e+002  2.958762e+002  -0.000000e+000  3.706615e+002  5.613978e+002  5.419152e+002  4.675193e+002  3.382915e+002  2.962320e+002  
-0.000000e+000  -0.000000e+000  2.667780e+002  5.381805e+002  8.156956e+002  1.091350e+003  1.331939e+003  1.438344e+003  -0.000000e+000  1.395465e+003  1.288992e+003  1.026925e+003  8.068062e+002  5.587254e+002  4.864004e+002  
-0.000000e+000  -0.000000e+000  3.631417e+002  7.555830e+002  1.218066e+003  1.822554e+003  2.716302e+003  4.229302e+003  6.187175e+003  3.905967e+003  2.109761e+003  1.391402e+003  1.018362e+003  6.933269e+002  6.047212e+002  
-0.000000e+000  -0.000000e+000  3.654323e+002  7.503408e+002  1.175675e+003  1.663024e+003  2.224893e+003  2.824891e+003  3.241727e+003  2.818250e+003  1.994223e+003  1.439683e+003  1.091275e+003  7.621957e+002  6.709388e+002  
-0.000000e+000  -0.000000e+000  3.159435e+002  6.376271e+002  9.684018e+002  1.305250e+003  1.631391e+003  1.904454e+003  2.046764e+003  2.031585e+003  1.681093e+003  1.336713e+003  1.074547e+003  7.878806e+002  7.041251e+002  
-0.000000e+000  -0.000000e+000  2.510947e+002  5.005208e+002  7.445734e+002  9.752256e+002  1.177751e+003  1.329555e+003  1.403801e+003  1.496523e+003  1.365563e+003  1.174392e+003  1.000352e+003  7.768961e+002  7.071076e+002  
-0.000000e+000  -0.000000e+000  1.602739e+002  3.158602e+002  4.615581e+002  5.912820e+002  6.980360e+002  7.745105e+002  8.145611e+002  9.459588e+002  9.619478e+002  9.140671e+002  8.446955e+002  7.191080e+002  6.740608e+002  
-0.000000e+000  -0.000000e+000  8.855457e+001  1.738484e+002  2.526246e+002  3.216806e+002  3.780044e+002  4.190184e+002  4.429093e+002  5.595178e+002  6.184209e+002  6.354619e+002  6.284274e+002  5.859063e+002  5.665230e+002  
-0.000000e+000  -0.000000e+000  3.256163e+001  6.394942e+001  9.303345e+001  1.187737e+002  1.402686e+002  1.568049e+002  1.679029e+002  2.412552e+002  2.943841e+002  3.296839e+002  3.510844e+002  3.648041e+002  3.663589e+002  
-0.000000e+000  -0.000000e+000  7.420490e+000  1.459669e+001  2.129473e+001  2.730138e+001  3.243344e+001  3.654612e+001  3.953966e+001  6.211692e+001  8.017993e+001  9.384886e+001  1.036275e+002  1.135674e+002  1.161723e+002  
-0.000000e+000  -0.000000e+000  -0.000000e+000  -0.000000e+000  -0.000000e+000  -0.000000e+000  -0.000000e+000  -0.000000e+000  -0.000000e+000  -0.000000e+000  -0.000000e+000  -0.000000e+000  -0.000000e+000  -0.000000e+000  -0.000000e+000  

0.000000e+000  0.000000e+000  0.000000e+000  0.000000e+000  0.000000e+000  0.000000e+000  0.000000e+000  0.000000e+000  0.000000e+000  0.000000e+000  0.000000e+000  0.000000e+000  0.000000e+000  0.000000e+000  0.000000e+000  
0.000000e+000  0.000000e+000  0.000000e+000  0.000000e+000  0.000000e+000  0.000000e+000  0.000000e+000  0.000000e+000  0.000000e+000  0.000000e+000  0.000000e+000  0.000000e+000  0.000000e+000  0.000000e+000  0.000000e+000  
0.000000e+000  0.000000e+000  0.000000e+000  0.000000e+000  0.000000e+000  0.000000e+000  0.000000e+000  0.000000e+000  0.000000e+000  0.000000e+000  0.000000e+000  0.000000e+000  0.000000e+000  0.000000e+000  0.000000e+000  
0.000000e+000  0.000000e+000  0.000000e+000  0.000000e+000  0.000000e+000  0.000000e+000  0.000000e+000  0.000000e+000  0.000000e+000  0.000000e+000  0.000000e+000  0.000000e+000  0.000000e+000  0.000000e+000  0.000000e+000  
0.000000e+000  0.000000e+000  0.000000e+000  0.000000e+000  0.000000e+000  0.000000e+000  0.000000e+000  0.000000e+000  0.000000e+000  0.000000e+000  0.000000e+000  0.000000e+000  0.000000e+000  0.000000e+000  0.000000e+000  
0.000000e+000  0.000000e+000  0.000000e+000  0.000000e+000  0.000000e+000  0.000000e+000  0.000000e+000  0.000000e+000  0.000000e+000  0.000000e+000  0.000000e+000  0.000000e+000  0.000000e+000  0.000000e+000  0.000000e+000  
0.000000e+000  0.000000e+000  0.000000e+000  0.000000e+000  0.000000e+000  0.000000e+000  0.000000e+000  0.000000e+000  0.000000e+000  0.000000e+000  0.000000e+000  0.000000e+000  0.000000e+000  0.000000e+000  0.000000e+000  
0.000000e+000  0.000000e+000  0.000000e+000  0.000000e+000  0.000000e+000  0.000000e+000  0.000000e+000  0.000000e+000  0.000000e+000  0.000000e+000  0.000000e+000  0.000000e+000  0.000000e+000  0.000000e+000  0.000000e+000  
0.000000e+000  0.000000e+000  0.000000e+000  0.000000e+000  0.000000e+000  0.000000e+000  0.000000e+000  0.000000e+000  0.000000e+000  0.000000e+000  0.000000e+000  0.000000e+000  0.000000e+000  0.000000e+000  0.000000e+000  
0.000000e+000  0.000000e+000  0.000000e+000  0.000000e+000  0.000000e+000  0.000000e+000  0.000000e+000  0.000000e+000  0.000000e+000  0.000000e+000  0.000000e+000  0.000000e+000  0.000000e+000  0.000000e+000  0.000000e+000  
0.000000e+000  0.000000e+000  0.000000e+000  0.000000e+000  0.000000e+000  0.000000e+000  0.000000e+000  0.000000e+000  0.000000e+000  0.000000e+000  0.000000e+000  0.000000e+000  0.000000e+000  0.000000e+000  0.000000e+000  
0.000000e+000  0.000000e+000  0.000000e+000  0.000000e+000  0.000000e+000  0.000000e+000  0.000000e+000  0.000000e+000  0.000000e+000  0.000000e+000  0.000000e+000  0.000000e+000  0.000000e+000  0.000000e+000  0.000000e+000  
0.000000e+000  0.000000e+000  0.000000e+000  0.000000e+000  0.000000e+000  0.000000e+000  0.000000e+000  0.000000e+000  0.000000e+000  0.000000e+000  0.000000e+000  0.000000e+000  0.000000e+000  0.000000e+000  0.000000e+000  
0.000000e+000  0.000000e+000  0.000000e+000  0.000000e+000  0.000000e+000  0.000000e+000  0.000000e+000  0.000000e+000  0.000000e+000  0.000000e+000  0.000000e+000  0.000000e+000  0.000000e+000  0.000000e+000  0.000000e+000  
0.000000e+000  0.000000e+000  0.000000e+000  0.000000e+000  0.000000e+000  0.000000e+000  0.000000e+000  0.000000e+000  0.000000e+000  0.000000e+000  0.000000e+000  0.000000e+000  0.000000e+000  0.000000e+000  0.000000e+000  
0.000000e+000  0.000000e+000  0.000000e+000  0.000000e+000  0.000000e+000  0.000000e+000  0.000000e+000  0.000000e+000  0.000000e+000  0.000000e+000  0.000000e+000  0.000000e+000  0.000000e+000  0.000000e+000  0.000000e+000  
0.000000e+000  0.000000e+000  0.000000e+000  0.000000e+000  0.000000e+000  0.000000e+000  0.000000e+000  0.000000e+000  0.000000e+000  0.000000e+000  0.000000e+000  0.000000e+000  0.000000e+000  0.000000e+000  0.000000e+000  
0.000000e+000  0.000000e+000  0.000000e+000  0.000000e+000  0.000000e+000  0.000000e+000  0.000000e+000  0.000000e+000  0.000000e+000  0.000000e+000  0.000000e+000  0.000000e+000  0.000000e+000  0.000000e+000  0.000000e+000  
0.000000e+000  0.000000e+000  0.000000e+000  0.000000e+000  0.000000e+000  0.000000e+000  0.000000e+000  0.000000e+000  0.000000e+000  0.000000e+000  0.000000e+000  0.000000e+000  0.000000e+000  0.000000e+000  0.000000e+000  
0.000000e+000  0.000000e+000  0.000000e+000  0.000000e+000  0.000000e+000  0.000000e+000  0.000000e+000  0.000000e+000  0.000000e+000  0.000000e+000  0.000000e+000  0.000000e+000  0.000000e+000  0.000000e+000  0.000000e+000  
0.000000e+000  0.000000e+000  0.000000e+000  0.000000e+000  0.000000e+000  0.000000e+000  0.000000e+000  0.000000e+000  0.000000e+000  0.000000e+000  0.000000e+000  0.000000e+000  0.000000e+000  0.000000e+000  0.000000e+000  
0.000000e+000  0.000000e+000  0.000000e+000  0.000000e+000  0.000000e+000  0.000000e+000  0.000000e+000  0.000000e+000  0.000000e+000  0.000000e+000  0.000000e+000  0.000000e+000  0.000000e+000  0.000000e+000  0.000000e+000  

0.000000e+000  0.000000e+000  0.000000e+000  0.000000e+000  0.000000e+000  0.000000e+000  0.000000e+000  0.000000e+000  0.000000e+000  0.000000e+000  0.000000e+000  0.000000e+000  0.000000e+000  0.000000e+000  0.000000e+000  
0.000000e+000  0.000000e+000  0.000000e+000  0.000000e+000  0.000000e+000  0.000000e+000  0.000000e+000  0.000000e+000  0.000000e+000  0.000000e+000  0.000000e+000  0.000000e+000  0.000000e+000  0.000000e+000  0.000000e+000  
0.000000e+000  0.000000e+000  0.000000e+000  0.000000e+000  0.000000e+000  0.000000e+000  0.000000e+000  0.000000e+000  0.000000e+000  0.000000e+000  0.000000e+000  0.000000e+000  0.000000e+000  0.000000e+000  0.000000e+000  
0.000000e+000  0.000000e+000  0.000000e+000  0.000000e+000  0.000000e+000  0.000000e+000  0.000000e+000  0.000000e+000  0.000000e+000  0.000000e+000  0.000000e+000  0.000000e+000  0.000000e+000  0.000000e+000  0.000000e+000  
0.000000e+000  0.000000e+000  0.000000e+000  0.000000e+000  0.000000e+000  0.000000e+000  0.000000e+000  0.000000e+000  0.000000e+000  0.000000e+000  0.000000e+000  0.000000e+000  0.000000e+000  0.000000e+000  0.000000e+000  
0.000000e+000  0.000000e+000  0.000000e+000  0.000000e+000  0.000000e+000  0.000000e+000  0.000000e+000  0.000000e+000  0.000000e+000  0.000000e+000  0.000000e+000  0.000000e+000  0.000000e+000  0.000000e+000  0.000000e+000  
0.000000e+000  0.000000e+000  0.000000e+000  0.000000e+000  0.000000e+000  0.000000e+000  0.000000e+000  0.000000e+000  0.000000e+000  0.000000e+000  0.000000e+000  0.000000e+000  0.000000e+000  0.000000e+000  0.000000e+000  
0.000000e+000  0.000000e+000  0.000000e+000  0.000000e+000  0.000000e+000  0.000000e+000  0.000000e+000  0.000000e+000  0.000000e+000  0.000000e+000  0.000000e+000  0.000000e+000  0.000000e+000  0.000000e+000  0.000000e+000  
0.000000e+000  0.000000e+000  0.000000e+000  0.000000e+000  0.000000e+000  0.000000e+000  0.000000e+000  0.000000e+000  0.000000e+000  0.000000e+000  0.000000e+000  0.000000e+000  0.000000e+000  0.000000e+000  0.000000e+000  
0.000000e+000  0.000000e+000  0.000000e+000  0.000000e+000  0.000000e+000  0.000000e+000  0.000000e+000  0.000000e+000  0.000000e+000  0.000000e+000  0.000000e+000  0.000000e+000  0.000000e+000  0.000000e+000  0.000000e+000  
0.000000e+000  0.000000e+000  0.000000e+000  0.000000e+000  0.000000e+000  0.000000e+000  0.000000e+000  0.000000e+000  0.000000e+000  0.000000e+000  0.000000e+000  0.000000e+000  0.000000e+000  0.000000e+000  0.000000e+000  
0.000000e+000  0.000000e+000  0.000000e+000  0.000000e+000  0.000000e+000  0.000000e+000  0.000000e+000  0.000000e+000  0.000000e+000  0.000000e+000  0.000000e+000  0.000000e+000  0.000000e+000  0.000000e+000  0.000000e+000  
0.000000e+000  0.000000e+000  0.000000e+000  0.000000e+000  0.000000e+000  0.000000e+000  0.000000e+000  0.000000e+000  0.000000e+000  0.000000e+000  0.000000e+000  0.000000e+000  0.000000e+000  0.000000e+000  0.000000e+000  
0.000000e+000  0.000000e+000  0.000000e+000  0.000000e+000  0.000000e+000  0.000000e+000  0.000000e+000  0.000000e+000  0.000000e+000  0.000000e+000  0.000000e+000  0.000000e+000  0.000000e+000  0.000000e+000  0.000000e+000  
0.000000e+000  0.000000e+000  0.000000e+000  0.000000e+000  0.000000e+000  0.000000e+000  0.000000e+000  0.000000e+000  0.000000e+000  0.000000e+000  0.000000e+000  0.000000e+000  0.000000e+000  0.000000e+000  0.000000e+000  
0.000000e+000  0.000000e+000  0.000000e+000  0.000000e+000  0.000000e+000  0.000000e+000  0.000000e+000  0.000000e+000  0.000000e+000  0.000000e+000  0.000000e+000  0.000000e+000  0.000000e+000  0.000000e+000  0.000000e+000  
0.000000e+000  0.000000e+000  0.000000e+000  0.000000e+000  0.000000e+000  0.000000e+000  0.000000e+000  0.000000e+000  0.000000e+000  0.000000e+000  0.000000e+000  0.000000e+000  0.000000e+000  0.000000e+000  0.000000e+000  
0.000000e+000  0.000000e+000  0.000000e+000  0.000000e+000  0.000000e+000  0.000000e+000  0.000000e+000  0.000000e+000  0.000000e+000  0.000000e+000  0.000000e+000  0.000000e+000  0.000000e+000  0.000000e+000  0.000000e+000  
0.000000e+000  0.000000e+000  0.000000e+000  0.000000e+000  0.000000e+000  0.000000e+000  0.000000e+000  0.000000e+000  0.000000e+000  0.000000e+000  0.000000e+000  0.000000e+000  0.000000e+000  0.000000e+000  0.000000e+000  
0.000000e+000  0.000000e+000  0.000000e+000  0.000000e+000  0.000000e+000  0.000000e+000  0.000000e+000  0.000000e+000  0.000000e+000  0.000000e+000  0.000000e+000  0.000000e+000  0.000000e+000  0.000000e+000  0.000000e+000  
0.000000e+000  0.000000e+000  0.000000e+000  0.000000e+000  0.000000e+000  0.000000e+000  0.000000e+000  0.000000e+000  0.000000e+000  0.000000e+000  0.000000e+000  0.000000e+000  0.000000e+000  0.000000e+000  0.000000e+000  
0.000000e+000  0.000000e+000  0.000000e+000  0.000000e+000  0.000000e+000  0.000000e+000  0.000000e+000  0.000000e+000  0.000000e+000  0.000000e+000  0.000000e+000  0.000000e+000  0.000000e+000  0.000000e+000  0.000000e+000  

0.000000e+000  0.000000e+000  0.000000e+000  0.000000e+000  0.000000e+000  0.000000e+000  0.000000e+000  0.000000e+000  0.000000e+000  0.000000e+000  0.000000e+000  0.000000e+000  0.000000e+000  0.000000e+000  0.000000e+000  
0.000000e+000  0.000000e+000  0.000000e+000  0.000000e+000  0.000000e+000  0.000000e+000  0.000000e+000  0.000000e+000  0.000000e+000  0.000000e+000  0.000000e+000  0.000000e+000  0.000000e+000  0.000000e+000  0.000000e+000  
0.000000e+000  0.000000e+000  0.000000e+000  0.000000e+000  0.000000e+000  0.000000e+000  0.000000e+000  0.000000e+000  0.000000e+000  0.000000e+000  0.000000e+000  0.000000e+000  0.000000e+000  0.000000e+000  0.000000e+000  
0.000000e+000  0.000000e+000  0.000000e+000  0.000000e+000  0.000000e+000  0.000000e+000  0.000000e+000  0.000000e+000  0.000000e+000  0.000000e+000  0.000000e+000  0.000000e+000  0.000000e+000  0.000000e+000  0.000000e+000  
0.000000e+000  0.000000e+000  0.000000e+000  0.000000e+000  0.000000e+000  0.000000e+000  0.000000e+000  0.000000e+000  0.000000e+000  0.000000e+000  0.000000e+000  0.000000e+000  0.000000e+000  0.000000e+000  0.000000e+000  
0.000000e+000  0.000000e+000  0.000000e+000  0.000000e+000  0.000000e+000  0.000000e+000  0.000000e+000  0.000000e+000  0.000000e+000  0.000000e+000  0.000000e+000  0.000000e+000  0.000000e+000  0.000000e+000  0.000000e+000  
0.000000e+000  0.000000e+000  0.000000e+000  0.000000e+000  0.000000e+000  0.000000e+000  0.000000e+000  0.000000e+000  0.000000e+000  0.000000e+000  0.000000e+000  0.000000e+000  0.000000e+000  0.000000e+000  0.000000e+000  
0.000000e+000  0.000000e+000  0.000000e+000  0.000000e+000  0.000000e+000  0.000000e+000  0.000000e+000  0.000000e+000  0.000000e+000  0.000000e+000  0.000000e+000  0.000000e+000  0.000000e+000  0.000000e+000  0.000000e+000  
0.000000e+000  0.000000e+000  0.000000e+000  0.000000e+000  0.000000e+000  0.000000e+000  0.000000e+000  0.000000e+000  0.000000e+000  0.000000e+000  0.000000e+000  0.000000e+000  0.000000e+000  0.000000e+000  0.000000e+000  
0.000000e+000  0.000000e+000  0.000000e+000  0.000000e+000  0.000000e+000  0.000000e+000  0.000000e+000  0.000000e+000  0.000000e+000  0.000000e+000  0.000000e+000  0.000000e+000  0.000000e+000  0.000000e+000  0.000000e+000  
0.000000e+000  0.000000e+000  0.000000e+000  0.000000e+000  0.000000e+000  0.000000e+000  0.000000e+000  0.000000e+000  0.000000e+000  0.000000e+000  0.000000e+000  0.000000e+000  0.000000e+000  0.000000e+000  0.000000e+000  
0.000000e+000  0.000000e+000  0.000000e+000  0.000000e+000  0.000000e+000  0.000000e+000  0.000000e+000  0.000000e+000  0.000000e+000  0.000000e+000  0.000000e+000  0.000000e+000  0.000000e+000  0.000000e+000  0.000000e+000  
0.000000e+000  0.000000e+000  0.000000e+000  0.000000e+000  0.000000e+000  0.000000e+000  0.000000e+000  0.000000e+000  0.000000e+000  0.000000e+000  0.000000e+000  0.000000e+000  0.000000e+000  0.000000e+000  0.000000e+000  
0.000000e+000  0.000000e+000  0.000000e+000  0.000000e+000  0.000000e+000  0.000000e+000  0.000000e+000  0.000000e+000  0.000000e+000  0.000000e+000  0.000000e+000  0.000000e+000  0.000000e+000  0.000000e+000  0.000000e+000  
0.000000e+000  0.000000e+000  0.000000e+000  0.000000e+000  0.000000e+000  0.000000e+000  0.000000e+000  0.000000e+000  0.000000e+000  0.000000e+000  0.000000e+000  0.000000e+000  0.000000e+000  0.000000e+000  0.000000e+000  
0.000000e+000  0.000000e+000  0.000000e+000  0.000000e+000  0.000000e+000  0.000000e+000  0.000000e+000  0.000000e+000  0.000000e+000  0.000000e+000  0.000000e+000  0.000000e+000  0.000000e+000  0.000000e+000  0.000000e+000  
0.000000e+000  0.000000e+000  0.000000e+000  0.000000e+000  0.000000e+000  0.000000e+000  0.000000e+000  0.000000e+000  0.000000e+000  0.000000e+000  0.000000e+000  0.000000e+000  0.000000e+000  0.000000e+000  0.000000e+000  
0.000000e+000  0.000000e+000  0.000000e+000  0.000000e+000  0.000000e+000  0.000000e+000  0.000000e+000  0.000000e+000  0.000000e+000  0.000000e+000  0.000000e+000  0.000000e+000  0.000000e+000  0.000000e+000  0.000000e+000  
0.000000e+000  0.000000e+000  0.000000e+000  0.000000e+000  0.000000e+000  0.000000e+000  0.000000e+000  0.000000e+000  0.000000e+000  0.000000e+000  0.000000e+000  0.000000e+000  0.000000e+000  0.000000e+000  0.000000e+000  
0.000000e+000  0.000000e+000  0.000000e+000  0.000000e+000  0.000000e+000  0.000000e+000  0.000000e+000  0.000000e+000  0.000000e+000  0.000000e+000  0.000000e+000  0.000000e+000  0.000000e+000  0.000000e+000  0.000000e+000  
0.000000e+000  0.000000e+000  0.000000e+000  0.000000e+000  0.000000e+000  0.000000e+000  0.000000e+000  0.000000e+000  0.000000e+000  0.000000e+000  0.000000e+000  0.000000e+000  0.000000e+000  0.000000e+000  0.000000e+000  
0.000000e+000  0.000000e+000  0.000000e+000  0.000000e+000  0.000000e+000  0.000000e+000  0.000000e+000  0.000000e+000  0.000000e+000  0.000000e+000  0.000000e+000  0.000000e+000  0.000000e+000  0.000000e+000  0.000000e+000  

-0.000000e+000  -0.000000e+000  -1.133420e+001  -2.262755e+001  -3.383879e+001  -4.492589e+001  -5.584568e+001  -6.655365e+001  -7.700377e+001  -7.827117e+001  -7.888291e+001  -7.905844e+001  -7.897931e+001  -7.848606e+001  -7.824874e+001  
-0.000000e+000  -0.000000e+000  -1.215682e+001  -2.428160e+001  -3.634128e+001  -4.830089e+001  -6.012263e+001  -7.176522e+001  -8.318336e+001  -8.296351e+001  -8.227782e+001  -8.137647e+001  -8.044699e+001  -7.890518e+001  -7.834060e+001  
-0.000000e+000  -0.000000e+000  -1.424523e+001  -2.850973e+001  -4.280915e+001  -5.715195e+001  -7.153584e+001  -8.594455e+001  -1.003452e+002  -9.488063e+001  -8.991103e+001  -8.568610e+001  -8.229700e+001  -7.802838e+001  -7.667381e+001  
-0.000000e+000  -0.000000e+000  -1.494232e+001  -2.998694e+001  -4.523104e+001  -6.076066e+001  -7.664290e+001  -9.291665e+001  -1.095828e+002  -9.935841e+001  -9.109616e+001  -8.477109e+001  -8.012308e+001  -7.493982e+001  -7.340812e+001  
-0.000000e+000  -0.000000e+000  -1.452667e+001  -2.929259e+001  -4.454064e+001  -6.051604e+001  -7.745429e+001  -9.555231e+001  -1.149211e+002  -9.851338e+001  -8.699058e+001  -7.930592e+001  -7.428475e+001  -6.952102e+001  -6.824122e+001  
-0.000000e+000  -0.000000e+000  -1.335758e+001  -2.700821e+001  -4.127269e+001  -5.652364e+001  -7.319507e+001  -9.175117e+001  -1.125642e+002  -9.283740e+001  -8.082837e+001  -7.375774e+001  -6.954737e+001  -6.597413e+001  -6.507524e+001  
-0.000000e+000  -0.000000e+000  -1.140565e+001  -2.308441e+001  -3.537128e+001  -4.874048e+001  -6.390719e+001  -8.192607e+001  -1.041055e+002  -8.154805e+001  -7.110159e+001  -6.617932e+001  -6.369854e+001  -6.201470e+001  -6.165833e+001  
-0.000000e+000  -0.000000e+000  -8.724614e+000  -1.753832e+001  -2.658519e+001  -3.617130e+001  -4.703150e+001  -6.103788e+001  -8.312372e+001  -6.136842e+001  -5.736285e+001  -5.687198e+001  -5.711940e+001  -5.788776e+001  -5.818757e+001  
-0.000000e+000  -0.000000e+000  -5.803350e+000  -1.136606e+001  -1.635763e+001  -2.020895e+001  -2.179710e+001  -1.871271e+001  -0.000000e+000  -2.808526e+001  -4.108698e+001  -4.708877e+001  -5.054526e+001  -5.392149e+001  -5.490220e+001  
-0.000000e+000  -0.000000e+000  -2.769598e+000  -5.237889e+000  -7.074072e+000  -7.891702e+000  -7.240568e+000  -4.667563e+000  -0.000000e+000  -1.214765e+001  -2.708337e+001  -3.663127e+001  -4.289100e+001  -4.921285e+001  -5.101676e+001  
-0.000000e+000  -0.000000e+000  -1.311785e+000  -2.416395e+000  -3.120058e+000  -3.261882e+000  -2.745913e+000  -1.591430e+000  -0.000000e+000  -8.009358e+000  -2.105925e+001  -3.109422e+001  -3.837816e+001  -4.628658e+001  -4.858413e+001  
-0.000000e+000  -0.000000e+000  -1.311785e+000  -2.416395e+000  -3.120058e+000  -3.261883e+000  -2.745913e+000  -1.591430e+000  -0.000000e+000  -8.009358e+000  -2.105925e+001  -3.109422e+001  -3.837816e+001  -4.628658e+001  -4.858413e+001  
-0.000000e+000  -0.000000e+000  -2.769598e+000  -5.237889e+000  -7.074072e+000  -7.891702e+000  -7.240568e+000  -4.667563e+000  -0.000000e+000  -1.214765e+001  -2.708337e+001  -3.663127e+001  -4.289100e+001  -4.921285e+001  -5.101676e+001  
-0.000000e+000  -0.000000e+000  -5.803350e+000  -1.136606e+001  -1.635763e+001  -2.020895e+001  -2.179710e+001  -1.871271e+001  -0.000000e+000  -2.808526e+001  -4.108698e+001  -4.708877e+001  -5.054526e+001  -5.392149e+001  -5.490220e+001  
-0.000000e+000  -0.000000e+000  -8.724614e+000  -1.753832e+001  -2.658519e+001  -3.617130e+001  -4.703150e+001  -6.103788e+001  -8.312372e+001  -6.136842e+001  -5.736285e+001  -5.687198e+001  -5.711940e+001  -5.788776e+001  -5.818757e+001  
-0.000000e+000  -0.000000e+000  -1.140565e+001  -2.308441e+001  -3.537128e+001  -4.874048e+001  -6.390719e+001  -8.192607e+001  -1.041055e+002  -8.154805e+001  -7.110159e+001  -6.617932e+001  -6.369854e+001  -6.201470e+001  -6.165833e+001  
-0.000000e+000  -0.000000e+000  -1.335758e+001  -2.700821e+001  -4.127269e+001  -5.652364e+001  -7.319507e+001  -9.175117e+001  -1.125642e+002  -9.283740e+001  -8.082837e+001  -7.375774e+001  -6.954737e+001  -6.597413e+001  -6.507524e+001  
-0.000000e+000  -0.000000e+000  -1.452667e+001  -2.929259e+001  -4.454064e+001  -6.051604e+001  -7.745429e+001  -9.555231e+001  -1.149211e+002  -9.851338e+001  -8.699058e+001  -7.930592e+001  -7.428475e+001  -6.952102e+001  -6.824122e+001  
-0.000000e+000  -0.000000e+000  -1.494232e+001  -2.998694e+001  -4.523104e+001  -6.076066e+001  -7.664290e+001  -9.291665e+001  -1.095828e+002  -9.935841e+001  -9.109616e+001  -8.477109e+001  -8.012308e+001  -7.493982e+001  -7.340812e+001  
-0.000000e+000  -0.000000e+000  -1.424523e+001  -2.850973e+001  -4.280915e+001  -5.715195e+001  -7.153584e+001  -8.594455e+001  -1.003452e+002  -9.488063e+001  -8.991103e+001  -8.568610e+001  -8.229700e+001  -7.802838e+001  -7.667381e+001  
-0.000000e+000  -0.000000e+000  -1.215682e+001  -2.428160e+001  -3.634128e+001  -4.830089e+001  -6.012263e+001  -7.176522e+001  -8.318336e+001  -8.296351e+001  -8.227782e+001  -8.137647e+001  -8.044699e+001  -7.890518e+001  -7.834060e+001  
-0.000000e+000  -0.000000e+000  -1.133420e+001  -2.262755e+001  -3.383879e+001  -4.492589e+001  -5.584568e+001  -6.655365e+001  -7.700377e+001  -7.827117e+001  -7.888291e+001  -7.905844e+001  -7.897931e+001  -7.848606e+001  -7.824874e+001  

