Port monitor named: Port1_h1[3].prt

nx        = 24
ny        = 4
nz        = 17

nu        = 15
nv        = 22
iu        = 2
iv        = 2

idir      = 1
dcut      = 0.000000e+000
icut      = 2
type      = 1
frequency = 3.000000e+009

fcutoff   = 0.000000e+000
alpha     = 0.000000e+000
beta      = 1.159431e+002
accuracy  = 3.628593e-010

type          = QTEM
wave imp.     = 2.221904e+002
wave imp.sig. = 1.081295e-008
line imp.     = 5.172515e+001

ref. port     = 0

-0.000000e+000  -0.000000e+000  6.002738e-002  1.191126e-001  1.763478e-001  2.308924e-001  2.820045e-001  3.290684e-001  3.716166e-001  4.392692e-001  4.902956e-001  5.261695e-001  5.495290e-001  5.679661e-001  5.712861e-001  
-0.000000e+000  -0.000000e+000  2.195644e-001  4.348618e-001  6.417649e-001  8.364345e-001  1.015481e+000  1.176135e+000  1.316405e+000  1.524311e+000  1.660916e+000  1.737925e+000  1.771796e+000  1.760373e+000  1.745217e+000  
-0.000000e+000  -0.000000e+000  4.736322e-001  9.360891e-001  1.376128e+000  1.782544e+000  2.144594e+000  2.452839e+000  2.700353e+000  2.996796e+000  3.095344e+000  3.057716e+000  2.950728e+000  2.689881e+000  2.584796e+000  
-0.000000e+000  -0.000000e+000  7.605512e-001  1.506051e+000  2.219438e+000  2.880103e+000  3.463503e+000  3.942970e+000  4.294772e+000  4.581567e+000  4.471910e+000  4.159185e+000  3.798118e+000  3.207574e+000  3.001595e+000  
-0.000000e+000  -0.000000e+000  1.094296e+000  2.186626e+000  3.267838e+000  4.313325e+000  5.273886e+000  6.069738e+000  6.599639e+000  6.670901e+000  5.973832e+000  5.108868e+000  4.350442e+000  3.393897e+000  3.096205e+000  
-0.000000e+000  -0.000000e+000  1.321480e+000  2.668760e+000  4.059875e+000  5.491771e+000  6.914713e+000  8.189373e+000  9.043453e+000  8.642874e+000  7.107403e+000  5.669376e+000  4.585492e+000  3.400111e+000  3.052681e+000  
-0.000000e+000  -0.000000e+000  1.479675e+000  3.033470e+000  4.741919e+000  6.691320e+000  8.945144e+000  1.141949e+001  1.344903e+001  1.146866e+001  8.177656e+000  5.974100e+000  4.583194e+000  3.255080e+000  2.884034e+000  
-0.000000e+000  -0.000000e+000  1.440772e+000  2.986951e+000  4.783260e+000  7.081059e+000  1.038699e+001  1.582277e+001  2.350973e+001  1.528238e+001  8.450737e+000  5.682923e+000  4.226873e+000  2.936503e+000  2.581283e+000  
-0.000000e+000  -0.000000e+000  1.057130e+000  2.131923e+000  3.231638e+000  4.332223e+000  5.326286e+000  5.889042e+000  -0.000000e+000  5.524020e+000  5.161399e+000  4.169328e+000  3.321688e+000  2.348853e+000  2.062319e+000  
-0.000000e+000  -0.000000e+000  5.151986e-001  9.999958e-001  1.410506e+000  1.673375e+000  1.665970e+000  1.196085e+000  -0.000000e+000  1.475073e+000  2.254097e+000  2.198661e+000  1.918469e+000  1.415985e+000  1.250578e+000  
-0.000000e+000  -0.000000e+000  -4.752744e-009  5.647565e-009  -0.000000e+000  1.202663e-009  4.851861e-009  -3.583392e-009  -0.000000e+000  -0.000000e+000  -2.710925e-010  -3.291462e-009  -4.926061e-009  -4.454840e-009  -2.295776e-009  
-0.000000e+000  -0.000000e+000  -5.151986e-001  -9.999958e-001  -1.410506e+000  -1.673375e+000  -1.665970e+000  -1.196085e+000  -0.000000e+000  -1.475073e+000  -2.254097e+000  -2.198661e+000  -1.918469e+000  -1.415985e+000  -1.250578e+000  
-0.000000e+000  -0.000000e+000  -1.057130e+000  -2.131923e+000  -3.231638e+000  -4.332223e+000  -5.326286e+000  -5.889042e+000  -0.000000e+000  -5.524020e+000  -5.161399e+000  -4.169328e+000  -3.321688e+000  -2.348852e+000  -2.062319e+000  
-0.000000e+000  -0.000000e+000  -1.440772e+000  -2.986951e+000  -4.783260e+000  -7.081059e+000  -1.038699e+001  -1.582277e+001  -2.350973e+001  -1.528238e+001  -8.450737e+000  -5.682923e+000  -4.226873e+000  -2.936503e+000  -2.581283e+000  
-0.000000e+000  -0.000000e+000  -1.479675e+000  -3.033470e+000  -4.741919e+000  -6.691320e+000  -8.945144e+000  -1.141949e+001  -1.344903e+001  -1.146866e+001  -8.177656e+000  -5.974100e+000  -4.583194e+000  -3.255080e+000  -2.884034e+000  
-0.000000e+000  -0.000000e+000  -1.321480e+000  -2.668760e+000  -4.059875e+000  -5.491771e+000  -6.914713e+000  -8.189373e+000  -9.043453e+000  -8.642874e+000  -7.107403e+000  -5.669376e+000  -4.585492e+000  -3.400111e+000  -3.052681e+000  
-0.000000e+000  -0.000000e+000  -1.094296e+000  -2.186626e+000  -3.267838e+000  -4.313325e+000  -5.273886e+000  -6.069738e+000  -6.599639e+000  -6.670901e+000  -5.973832e+000  -5.108868e+000  -4.350442e+000  -3.393897e+000  -3.096205e+000  
-0.000000e+000  -0.000000e+000  -7.605512e-001  -1.506051e+000  -2.219438e+000  -2.880103e+000  -3.463503e+000  -3.942970e+000  -4.294772e+000  -4.581567e+000  -4.471910e+000  -4.159185e+000  -3.798118e+000  -3.207574e+000  -3.001595e+000  
-0.000000e+000  -0.000000e+000  -4.736322e-001  -9.360891e-001  -1.376128e+000  -1.782544e+000  -2.144594e+000  -2.452839e+000  -2.700353e+000  -2.996796e+000  -3.095344e+000  -3.057716e+000  -2.950728e+000  -2.689881e+000  -2.584796e+000  
-0.000000e+000  -0.000000e+000  -2.195644e-001  -4.348618e-001  -6.417649e-001  -8.364345e-001  -1.015481e+000  -1.176135e+000  -1.316405e+000  -1.524311e+000  -1.660916e+000  -1.737925e+000  -1.771796e+000  -1.760373e+000  -1.745217e+000  
-0.000000e+000  -0.000000e+000  -6.002738e-002  -1.191126e-001  -1.763478e-001  -2.308924e-001  -2.820045e-001  -3.290684e-001  -3.716166e-001  -4.392692e-001  -4.902956e-001  -5.261695e-001  -5.495290e-001  -5.679661e-001  -5.712861e-001  
-0.000000e+000  -0.000000e+000  -0.000000e+000  -0.000000e+000  -0.000000e+000  -0.000000e+000  -0.000000e+000  -0.000000e+000  -0.000000e+000  -0.000000e+000  -0.000000e+000  -0.000000e+000  -0.000000e+000  -0.000000e+000  -0.000000e+000  

-0.000000e+000  -2.934875e+000  -2.914607e+000  -2.874365e+000  -2.814733e+000  -2.736556e+000  -2.640916e+000  -2.529091e+000  -2.355262e+000  -2.094844e+000  -1.804777e+000  -1.493883e+000  -1.007221e+000  -3.370132e-001  -0.000000e+000  
-0.000000e+000  -3.353314e+000  -3.326849e+000  -3.274434e+000  -3.197086e+000  -3.096285e+000  -2.973927e+000  -2.832243e+000  -2.612983e+000  -2.292325e+000  -1.946889e+000  -1.589584e+000  -1.049151e+000  -3.461170e-001  -0.000000e+000  
-0.000000e+000  -4.868142e+000  -4.813814e+000  -4.706570e+000  -4.549276e+000  -4.346305e+000  -4.103536e+000  -3.828218e+000  -3.407199e+000  -2.830907e+000  -2.269688e+000  -1.753111e+000  -1.060333e+000  -3.301900e-001  -0.000000e+000  
-0.000000e+000  -6.475323e+000  -6.384778e+000  -6.204862e+000  -5.938522e+000  -5.591576e+000  -5.174075e+000  -4.701353e+000  -3.981198e+000  -3.054659e+000  -2.249507e+000  -1.604417e+000  -8.584027e-001  -2.470358e-001  -0.000000e+000  
-0.000000e+000  -9.029801e+000  -8.890768e+000  -8.607304e+000  -8.170733e+000  -7.573976e+000  -6.820016e+000  -5.933555e+000  -4.556685e+000  -2.933375e+000  -1.765308e+000  -1.025001e+000  -3.761763e-001  -7.803137e-002  -0.000000e+000  
-0.000000e+000  -1.085316e+001  -1.071144e+001  -1.041089e+001  -9.917648e+000  -9.184561e+000  -8.164725e+000  -6.847746e+000  -4.666093e+000  -2.371212e+000  -1.050073e+000  -3.944228e-001  2.210959e-002  4.589023e-002  -0.000000e+000  
-0.000000e+000  -1.304687e+001  -1.294784e+001  -1.272006e+001  -1.229535e+001  -1.155055e+001  -1.029287e+001  -8.295267e+000  -4.373786e+000  -1.088931e+000  1.580441e-001  5.163426e-001  5.191195e-001  1.913253e-001  -0.000000e+000  
-0.000000e+000  -1.549674e+001  -1.551923e+001  -1.554497e+001  -1.551528e+001  -1.527001e+001  -1.437664e+001  -1.166170e+001  -2.724453e+000  1.705373e+000  2.026327e+000  1.692477e+000  1.078336e+000  3.471884e-001  -0.000000e+000  
-0.000000e+000  -1.787962e+001  -1.807458e+001  -1.850936e+001  -1.929903e+001  -2.069943e+001  -2.328010e+001  -2.834962e+001  1.696358e+001  7.553253e+000  4.383473e+000  2.926891e+000  1.622641e+000  4.966667e-001  -0.000000e+000  
-0.000000e+000  -2.034195e+001  -2.057827e+001  -2.107196e+001  -2.186645e+001  -2.302681e+001  -2.462481e+001  -2.667438e+001  1.129289e+001  7.952388e+000  5.555079e+000  3.931400e+000  2.198968e+000  6.662645e-001  -0.000000e+000  
-0.000000e+000  -2.154702e+001  -2.171420e+001  -2.203872e+001  -2.249650e+001  -2.303967e+001  -2.358052e+001  -2.396888e+001  7.891290e+000  6.986578e+000  5.604692e+000  4.257538e+000  2.495522e+000  7.640566e-001  -0.000000e+000  
-0.000000e+000  -2.154702e+001  -2.171420e+001  -2.203872e+001  -2.249650e+001  -2.303967e+001  -2.358052e+001  -2.396888e+001  7.891290e+000  6.986578e+000  5.604692e+000  4.257538e+000  2.495522e+000  7.640566e-001  -0.000000e+000  
-0.000000e+000  -2.034195e+001  -2.057827e+001  -2.107196e+001  -2.186645e+001  -2.302681e+001  -2.462481e+001  -2.667438e+001  1.129289e+001  7.952388e+000  5.555079e+000  3.931400e+000  2.198968e+000  6.662645e-001  -0.000000e+000  
-0.000000e+000  -1.787962e+001  -1.807458e+001  -1.850936e+001  -1.929903e+001  -2.069943e+001  -2.328010e+001  -2.834962e+001  1.696358e+001  7.553253e+000  4.383473e+000  2.926891e+000  1.622641e+000  4.966667e-001  -0.000000e+000  
-0.000000e+000  -1.549674e+001  -1.551923e+001  -1.554498e+001  -1.551528e+001  -1.527001e+001  -1.437664e+001  -1.166170e+001  -2.724454e+000  1.705373e+000  2.026327e+000  1.692477e+000  1.078336e+000  3.471884e-001  -0.000000e+000  
-0.000000e+000  -1.304687e+001  -1.294784e+001  -1.272006e+001  -1.229535e+001  -1.155055e+001  -1.029287e+001  -8.295267e+000  -4.373786e+000  -1.088931e+000  1.580441e-001  5.163426e-001  5.191195e-001  1.913253e-001  -0.000000e+000  
-0.000000e+000  -1.085316e+001  -1.071144e+001  -1.041089e+001  -9.917648e+000  -9.184561e+000  -8.164725e+000  -6.847746e+000  -4.666093e+000  -2.371212e+000  -1.050073e+000  -3.944228e-001  2.210960e-002  4.589022e-002  -0.000000e+000  
-0.000000e+000  -9.029801e+000  -8.890768e+000  -8.607304e+000  -8.170733e+000  -7.573976e+000  -6.820016e+000  -5.933555e+000  -4.556685e+000  -2.933375e+000  -1.765308e+000  -1.025001e+000  -3.761763e-001  -7.803137e-002  -0.000000e+000  
-0.000000e+000  -6.475323e+000  -6.384778e+000  -6.204862e+000  -5.938522e+000  -5.591576e+000  -5.174075e+000  -4.701353e+000  -3.981198e+000  -3.054659e+000  -2.249507e+000  -1.604417e+000  -8.584027e-001  -2.470358e-001  -0.000000e+000  
-0.000000e+000  -4.868142e+000  -4.813814e+000  -4.706570e+000  -4.549276e+000  -4.346305e+000  -4.103536e+000  -3.828218e+000  -3.407199e+000  -2.830907e+000  -2.269688e+000  -1.753111e+000  -1.060333e+000  -3.301900e-001  -0.000000e+000  
-0.000000e+000  -3.353314e+000  -3.326849e+000  -3.274434e+000  -3.197086e+000  -3.096285e+000  -2.973927e+000  -2.832243e+000  -2.612983e+000  -2.292325e+000  -1.946889e+000  -1.589584e+000  -1.049151e+000  -3.461170e-001  -0.000000e+000  
-0.000000e+000  -2.934875e+000  -2.914607e+000  -2.874365e+000  -2.814733e+000  -2.736556e+000  -2.640916e+000  -2.529091e+000  -2.355262e+000  -2.094844e+000  -1.804777e+000  -1.493883e+000  -1.007221e+000  -3.370132e-001  -0.000000e+000  

0.000000e+000  0.000000e+000  0.000000e+000  0.000000e+000  0.000000e+000  0.000000e+000  0.000000e+000  0.000000e+000  0.000000e+000  0.000000e+000  0.000000e+000  0.000000e+000  0.000000e+000  0.000000e+000  0.000000e+000  
0.000000e+000  0.000000e+000  0.000000e+000  0.000000e+000  0.000000e+000  0.000000e+000  0.000000e+000  0.000000e+000  0.000000e+000  0.000000e+000  0.000000e+000  0.000000e+000  0.000000e+000  0.000000e+000  0.000000e+000  
0.000000e+000  0.000000e+000  0.000000e+000  0.000000e+000  0.000000e+000  0.000000e+000  0.000000e+000  0.000000e+000  0.000000e+000  0.000000e+000  0.000000e+000  0.000000e+000  0.000000e+000  0.000000e+000  0.000000e+000  
0.000000e+000  0.000000e+000  0.000000e+000  0.000000e+000  0.000000e+000  0.000000e+000  0.000000e+000  0.000000e+000  0.000000e+000  0.000000e+000  0.000000e+000  0.000000e+000  0.000000e+000  0.000000e+000  0.000000e+000  
0.000000e+000  0.000000e+000  0.000000e+000  0.000000e+000  0.000000e+000  0.000000e+000  0.000000e+000  0.000000e+000  0.000000e+000  0.000000e+000  0.000000e+000  0.000000e+000  0.000000e+000  0.000000e+000  0.000000e+000  
0.000000e+000  0.000000e+000  0.000000e+000  0.000000e+000  0.000000e+000  0.000000e+000  0.000000e+000  0.000000e+000  0.000000e+000  0.000000e+000  0.000000e+000  0.000000e+000  0.000000e+000  0.000000e+000  0.000000e+000  
0.000000e+000  0.000000e+000  0.000000e+000  0.000000e+000  0.000000e+000  0.000000e+000  0.000000e+000  0.000000e+000  0.000000e+000  0.000000e+000  0.000000e+000  0.000000e+000  0.000000e+000  0.000000e+000  0.000000e+000  
0.000000e+000  0.000000e+000  0.000000e+000  0.000000e+000  0.000000e+000  0.000000e+000  0.000000e+000  0.000000e+000  0.000000e+000  0.000000e+000  0.000000e+000  0.000000e+000  0.000000e+000  0.000000e+000  0.000000e+000  
0.000000e+000  0.000000e+000  0.000000e+000  0.000000e+000  0.000000e+000  0.000000e+000  0.000000e+000  0.000000e+000  0.000000e+000  0.000000e+000  0.000000e+000  0.000000e+000  0.000000e+000  0.000000e+000  0.000000e+000  
0.000000e+000  0.000000e+000  0.000000e+000  0.000000e+000  0.000000e+000  0.000000e+000  0.000000e+000  0.000000e+000  0.000000e+000  0.000000e+000  0.000000e+000  0.000000e+000  0.000000e+000  0.000000e+000  0.000000e+000  
0.000000e+000  0.000000e+000  0.000000e+000  0.000000e+000  0.000000e+000  0.000000e+000  0.000000e+000  0.000000e+000  0.000000e+000  0.000000e+000  0.000000e+000  0.000000e+000  0.000000e+000  0.000000e+000  0.000000e+000  
0.000000e+000  0.000000e+000  0.000000e+000  0.000000e+000  0.000000e+000  0.000000e+000  0.000000e+000  0.000000e+000  0.000000e+000  0.000000e+000  0.000000e+000  0.000000e+000  0.000000e+000  0.000000e+000  0.000000e+000  
0.000000e+000  0.000000e+000  0.000000e+000  0.000000e+000  0.000000e+000  0.000000e+000  0.000000e+000  0.000000e+000  0.000000e+000  0.000000e+000  0.000000e+000  0.000000e+000  0.000000e+000  0.000000e+000  0.000000e+000  
0.000000e+000  0.000000e+000  0.000000e+000  0.000000e+000  0.000000e+000  0.000000e+000  0.000000e+000  0.000000e+000  0.000000e+000  0.000000e+000  0.000000e+000  0.000000e+000  0.000000e+000  0.000000e+000  0.000000e+000  
0.000000e+000  0.000000e+000  0.000000e+000  0.000000e+000  0.000000e+000  0.000000e+000  0.000000e+000  0.000000e+000  0.000000e+000  0.000000e+000  0.000000e+000  0.000000e+000  0.000000e+000  0.000000e+000  0.000000e+000  
0.000000e+000  0.000000e+000  0.000000e+000  0.000000e+000  0.000000e+000  0.000000e+000  0.000000e+000  0.000000e+000  0.000000e+000  0.000000e+000  0.000000e+000  0.000000e+000  0.000000e+000  0.000000e+000  0.000000e+000  
0.000000e+000  0.000000e+000  0.000000e+000  0.000000e+000  0.000000e+000  0.000000e+000  0.000000e+000  0.000000e+000  0.000000e+000  0.000000e+000  0.000000e+000  0.000000e+000  0.000000e+000  0.000000e+000  0.000000e+000  
0.000000e+000  0.000000e+000  0.000000e+000  0.000000e+000  0.000000e+000  0.000000e+000  0.000000e+000  0.000000e+000  0.000000e+000  0.000000e+000  0.000000e+000  0.000000e+000  0.000000e+000  0.000000e+000  0.000000e+000  
0.000000e+000  0.000000e+000  0.000000e+000  0.000000e+000  0.000000e+000  0.000000e+000  0.000000e+000  0.000000e+000  0.000000e+000  0.000000e+000  0.000000e+000  0.000000e+000  0.000000e+000  0.000000e+000  0.000000e+000  
0.000000e+000  0.000000e+000  0.000000e+000  0.000000e+000  0.000000e+000  0.000000e+000  0.000000e+000  0.000000e+000  0.000000e+000  0.000000e+000  0.000000e+000  0.000000e+000  0.000000e+000  0.000000e+000  0.000000e+000  
0.000000e+000  0.000000e+000  0.000000e+000  0.000000e+000  0.000000e+000  0.000000e+000  0.000000e+000  0.000000e+000  0.000000e+000  0.000000e+000  0.000000e+000  0.000000e+000  0.000000e+000  0.000000e+000  0.000000e+000  
0.000000e+000  0.000000e+000  0.000000e+000  0.000000e+000  0.000000e+000  0.000000e+000  0.000000e+000  0.000000e+000  0.000000e+000  0.000000e+000  0.000000e+000  0.000000e+000  0.000000e+000  0.000000e+000  0.000000e+000  

0.000000e+000  0.000000e+000  0.000000e+000  0.000000e+000  0.000000e+000  0.000000e+000  0.000000e+000  0.000000e+000  0.000000e+000  0.000000e+000  0.000000e+000  0.000000e+000  0.000000e+000  0.000000e+000  0.000000e+000  
0.000000e+000  0.000000e+000  0.000000e+000  0.000000e+000  0.000000e+000  0.000000e+000  0.000000e+000  0.000000e+000  0.000000e+000  0.000000e+000  0.000000e+000  0.000000e+000  0.000000e+000  0.000000e+000  0.000000e+000  
0.000000e+000  0.000000e+000  0.000000e+000  0.000000e+000  0.000000e+000  0.000000e+000  0.000000e+000  0.000000e+000  0.000000e+000  0.000000e+000  0.000000e+000  0.000000e+000  0.000000e+000  0.000000e+000  0.000000e+000  
0.000000e+000  0.000000e+000  0.000000e+000  0.000000e+000  0.000000e+000  0.000000e+000  0.000000e+000  0.000000e+000  0.000000e+000  0.000000e+000  0.000000e+000  0.000000e+000  0.000000e+000  0.000000e+000  0.000000e+000  
0.000000e+000  0.000000e+000  0.000000e+000  0.000000e+000  0.000000e+000  0.000000e+000  0.000000e+000  0.000000e+000  0.000000e+000  0.000000e+000  0.000000e+000  0.000000e+000  0.000000e+000  0.000000e+000  0.000000e+000  
0.000000e+000  0.000000e+000  0.000000e+000  0.000000e+000  0.000000e+000  0.000000e+000  0.000000e+000  0.000000e+000  0.000000e+000  0.000000e+000  0.000000e+000  0.000000e+000  0.000000e+000  0.000000e+000  0.000000e+000  
0.000000e+000  0.000000e+000  0.000000e+000  0.000000e+000  0.000000e+000  0.000000e+000  0.000000e+000  0.000000e+000  0.000000e+000  0.000000e+000  0.000000e+000  0.000000e+000  0.000000e+000  0.000000e+000  0.000000e+000  
0.000000e+000  0.000000e+000  0.000000e+000  0.000000e+000  0.000000e+000  0.000000e+000  0.000000e+000  0.000000e+000  0.000000e+000  0.000000e+000  0.000000e+000  0.000000e+000  0.000000e+000  0.000000e+000  0.000000e+000  
0.000000e+000  0.000000e+000  0.000000e+000  0.000000e+000  0.000000e+000  0.000000e+000  0.000000e+000  0.000000e+000  0.000000e+000  0.000000e+000  0.000000e+000  0.000000e+000  0.000000e+000  0.000000e+000  0.000000e+000  
0.000000e+000  0.000000e+000  0.000000e+000  0.000000e+000  0.000000e+000  0.000000e+000  0.000000e+000  0.000000e+000  0.000000e+000  0.000000e+000  0.000000e+000  0.000000e+000  0.000000e+000  0.000000e+000  0.000000e+000  
0.000000e+000  0.000000e+000  0.000000e+000  0.000000e+000  0.000000e+000  0.000000e+000  0.000000e+000  0.000000e+000  0.000000e+000  0.000000e+000  0.000000e+000  0.000000e+000  0.000000e+000  0.000000e+000  0.000000e+000  
0.000000e+000  0.000000e+000  0.000000e+000  0.000000e+000  0.000000e+000  0.000000e+000  0.000000e+000  0.000000e+000  0.000000e+000  0.000000e+000  0.000000e+000  0.000000e+000  0.000000e+000  0.000000e+000  0.000000e+000  
0.000000e+000  0.000000e+000  0.000000e+000  0.000000e+000  0.000000e+000  0.000000e+000  0.000000e+000  0.000000e+000  0.000000e+000  0.000000e+000  0.000000e+000  0.000000e+000  0.000000e+000  0.000000e+000  0.000000e+000  
0.000000e+000  0.000000e+000  0.000000e+000  0.000000e+000  0.000000e+000  0.000000e+000  0.000000e+000  0.000000e+000  0.000000e+000  0.000000e+000  0.000000e+000  0.000000e+000  0.000000e+000  0.000000e+000  0.000000e+000  
0.000000e+000  0.000000e+000  0.000000e+000  0.000000e+000  0.000000e+000  0.000000e+000  0.000000e+000  0.000000e+000  0.000000e+000  0.000000e+000  0.000000e+000  0.000000e+000  0.000000e+000  0.000000e+000  0.000000e+000  
0.000000e+000  0.000000e+000  0.000000e+000  0.000000e+000  0.000000e+000  0.000000e+000  0.000000e+000  0.000000e+000  0.000000e+000  0.000000e+000  0.000000e+000  0.000000e+000  0.000000e+000  0.000000e+000  0.000000e+000  
0.000000e+000  0.000000e+000  0.000000e+000  0.000000e+000  0.000000e+000  0.000000e+000  0.000000e+000  0.000000e+000  0.000000e+000  0.000000e+000  0.000000e+000  0.000000e+000  0.000000e+000  0.000000e+000  0.000000e+000  
0.000000e+000  0.000000e+000  0.000000e+000  0.000000e+000  0.000000e+000  0.000000e+000  0.000000e+000  0.000000e+000  0.000000e+000  0.000000e+000  0.000000e+000  0.000000e+000  0.000000e+000  0.000000e+000  0.000000e+000  
0.000000e+000  0.000000e+000  0.000000e+000  0.000000e+000  0.000000e+000  0.000000e+000  0.000000e+000  0.000000e+000  0.000000e+000  0.000000e+000  0.000000e+000  0.000000e+000  0.000000e+000  0.000000e+000  0.000000e+000  
0.000000e+000  0.000000e+000  0.000000e+000  0.000000e+000  0.000000e+000  0.000000e+000  0.000000e+000  0.000000e+000  0.000000e+000  0.000000e+000  0.000000e+000  0.000000e+000  0.000000e+000  0.000000e+000  0.000000e+000  
0.000000e+000  0.000000e+000  0.000000e+000  0.000000e+000  0.000000e+000  0.000000e+000  0.000000e+000  0.000000e+000  0.000000e+000  0.000000e+000  0.000000e+000  0.000000e+000  0.000000e+000  0.000000e+000  0.000000e+000  
0.000000e+000  0.000000e+000  0.000000e+000  0.000000e+000  0.000000e+000  0.000000e+000  0.000000e+000  0.000000e+000  0.000000e+000  0.000000e+000  0.000000e+000  0.000000e+000  0.000000e+000  0.000000e+000  0.000000e+000  

0.000000e+000  0.000000e+000  0.000000e+000  0.000000e+000  0.000000e+000  0.000000e+000  0.000000e+000  0.000000e+000  0.000000e+000  0.000000e+000  0.000000e+000  0.000000e+000  0.000000e+000  0.000000e+000  0.000000e+000  
0.000000e+000  0.000000e+000  0.000000e+000  0.000000e+000  0.000000e+000  0.000000e+000  0.000000e+000  0.000000e+000  0.000000e+000  0.000000e+000  0.000000e+000  0.000000e+000  0.000000e+000  0.000000e+000  0.000000e+000  
0.000000e+000  0.000000e+000  0.000000e+000  0.000000e+000  0.000000e+000  0.000000e+000  0.000000e+000  0.000000e+000  0.000000e+000  0.000000e+000  0.000000e+000  0.000000e+000  0.000000e+000  0.000000e+000  0.000000e+000  
0.000000e+000  0.000000e+000  0.000000e+000  0.000000e+000  0.000000e+000  0.000000e+000  0.000000e+000  0.000000e+000  0.000000e+000  0.000000e+000  0.000000e+000  0.000000e+000  0.000000e+000  0.000000e+000  0.000000e+000  
0.000000e+000  0.000000e+000  0.000000e+000  0.000000e+000  0.000000e+000  0.000000e+000  0.000000e+000  0.000000e+000  0.000000e+000  0.000000e+000  0.000000e+000  0.000000e+000  0.000000e+000  0.000000e+000  0.000000e+000  
0.000000e+000  0.000000e+000  0.000000e+000  0.000000e+000  0.000000e+000  0.000000e+000  0.000000e+000  0.000000e+000  0.000000e+000  0.000000e+000  0.000000e+000  0.000000e+000  0.000000e+000  0.000000e+000  0.000000e+000  
0.000000e+000  0.000000e+000  0.000000e+000  0.000000e+000  0.000000e+000  0.000000e+000  0.000000e+000  0.000000e+000  0.000000e+000  0.000000e+000  0.000000e+000  0.000000e+000  0.000000e+000  0.000000e+000  0.000000e+000  
0.000000e+000  0.000000e+000  0.000000e+000  0.000000e+000  0.000000e+000  0.000000e+000  0.000000e+000  0.000000e+000  0.000000e+000  0.000000e+000  0.000000e+000  0.000000e+000  0.000000e+000  0.000000e+000  0.000000e+000  
0.000000e+000  0.000000e+000  0.000000e+000  0.000000e+000  0.000000e+000  0.000000e+000  0.000000e+000  0.000000e+000  0.000000e+000  0.000000e+000  0.000000e+000  0.000000e+000  0.000000e+000  0.000000e+000  0.000000e+000  
0.000000e+000  0.000000e+000  0.000000e+000  0.000000e+000  0.000000e+000  0.000000e+000  0.000000e+000  0.000000e+000  0.000000e+000  0.000000e+000  0.000000e+000  0.000000e+000  0.000000e+000  0.000000e+000  0.000000e+000  
0.000000e+000  0.000000e+000  0.000000e+000  0.000000e+000  0.000000e+000  0.000000e+000  0.000000e+000  0.000000e+000  0.000000e+000  0.000000e+000  0.000000e+000  0.000000e+000  0.000000e+000  0.000000e+000  0.000000e+000  
0.000000e+000  0.000000e+000  0.000000e+000  0.000000e+000  0.000000e+000  0.000000e+000  0.000000e+000  0.000000e+000  0.000000e+000  0.000000e+000  0.000000e+000  0.000000e+000  0.000000e+000  0.000000e+000  0.000000e+000  
0.000000e+000  0.000000e+000  0.000000e+000  0.000000e+000  0.000000e+000  0.000000e+000  0.000000e+000  0.000000e+000  0.000000e+000  0.000000e+000  0.000000e+000  0.000000e+000  0.000000e+000  0.000000e+000  0.000000e+000  
0.000000e+000  0.000000e+000  0.000000e+000  0.000000e+000  0.000000e+000  0.000000e+000  0.000000e+000  0.000000e+000  0.000000e+000  0.000000e+000  0.000000e+000  0.000000e+000  0.000000e+000  0.000000e+000  0.000000e+000  
0.000000e+000  0.000000e+000  0.000000e+000  0.000000e+000  0.000000e+000  0.000000e+000  0.000000e+000  0.000000e+000  0.000000e+000  0.000000e+000  0.000000e+000  0.000000e+000  0.000000e+000  0.000000e+000  0.000000e+000  
0.000000e+000  0.000000e+000  0.000000e+000  0.000000e+000  0.000000e+000  0.000000e+000  0.000000e+000  0.000000e+000  0.000000e+000  0.000000e+000  0.000000e+000  0.000000e+000  0.000000e+000  0.000000e+000  0.000000e+000  
0.000000e+000  0.000000e+000  0.000000e+000  0.000000e+000  0.000000e+000  0.000000e+000  0.000000e+000  0.000000e+000  0.000000e+000  0.000000e+000  0.000000e+000  0.000000e+000  0.000000e+000  0.000000e+000  0.000000e+000  
0.000000e+000  0.000000e+000  0.000000e+000  0.000000e+000  0.000000e+000  0.000000e+000  0.000000e+000  0.000000e+000  0.000000e+000  0.000000e+000  0.000000e+000  0.000000e+000  0.000000e+000  0.000000e+000  0.000000e+000  
0.000000e+000  0.000000e+000  0.000000e+000  0.000000e+000  0.000000e+000  0.000000e+000  0.000000e+000  0.000000e+000  0.000000e+000  0.000000e+000  0.000000e+000  0.000000e+000  0.000000e+000  0.000000e+000  0.000000e+000  
0.000000e+000  0.000000e+000  0.000000e+000  0.000000e+000  0.000000e+000  0.000000e+000  0.000000e+000  0.000000e+000  0.000000e+000  0.000000e+000  0.000000e+000  0.000000e+000  0.000000e+000  0.000000e+000  0.000000e+000  
0.000000e+000  0.000000e+000  0.000000e+000  0.000000e+000  0.000000e+000  0.000000e+000  0.000000e+000  0.000000e+000  0.000000e+000  0.000000e+000  0.000000e+000  0.000000e+000  0.000000e+000  0.000000e+000  0.000000e+000  
0.000000e+000  0.000000e+000  0.000000e+000  0.000000e+000  0.000000e+000  0.000000e+000  0.000000e+000  0.000000e+000  0.000000e+000  0.000000e+000  0.000000e+000  0.000000e+000  0.000000e+000  0.000000e+000  0.000000e+000  

-0.000000e+000  -1.624548e-001  -1.620870e-001  -1.613366e-001  -1.601747e-001  -1.585598e-001  -1.564402e-001  -1.537568e-001  -1.443483e-001  -1.271090e-001  -1.086365e-001  -8.936579e-002  -5.977359e-002  -1.991041e-002  -0.000000e+000  
-0.000000e+000  -5.017148e-001  -5.012448e-001  -5.002265e-001  -4.985069e-001  -4.958652e-001  -4.920236e-001  -4.866610e-001  -4.565674e-001  -3.985681e-001  -3.376060e-001  -2.753530e-001  -1.817469e-001  -6.001094e-002  -0.000000e+000  
-0.000000e+000  -7.682333e-001  -7.701766e-001  -7.738282e-001  -7.787206e-001  -7.841613e-001  -7.892518e-001  -7.929237e-001  -7.426369e-001  -6.346543e-001  -5.259937e-001  -4.203959e-001  -2.691588e-001  -8.718406e-002  -0.000000e+000  
-0.000000e+000  -9.238498e-001  -9.298889e-001  -9.416027e-001  -9.582323e-001  -9.785738e-001  -1.000934e+000  -1.023134e+000  -9.559536e-001  -7.972906e-001  -6.451652e-001  -5.050533e-001  -3.141925e-001  -1.000945e-001  -0.000000e+000  
-0.000000e+000  -9.912360e-001  -1.003234e+000  -1.027011e+000  -1.061989e+000  -1.106938e+000  -1.159530e+000  -1.215873e+000  -1.130312e+000  -9.077475e-001  -7.102423e-001  -5.417990e-001  -3.266751e-001  -1.024124e-001  -0.000000e+000  
-0.000000e+000  -1.003898e+000  -1.020440e+000  -1.053778e+000  -1.104237e+000  -1.171733e+000  -1.254771e+000  -1.348648e+000  -1.245714e+000  -9.639307e-001  -7.329486e-001  -5.483994e-001  -3.237960e-001  -1.004793e-001  -0.000000e+000  
-0.000000e+000  -9.722496e-001  -9.926559e-001  -1.034680e+000  -1.100815e+000  -1.194788e+000  -1.320692e+000  -1.478929e+000  -1.348841e+000  -9.836142e-001  -7.221050e-001  -5.298440e-001  -3.071904e-001  -9.452301e-002  -0.000000e+000  
-0.000000e+000  -8.860675e-001  -9.071189e-001  -9.512029e-001  -1.023104e+000  -1.132670e+000  -1.300308e+000  -1.570449e+000  -1.403523e+000  -9.275246e-001  -6.607544e-001  -4.794168e-001  -2.753425e-001  -8.430155e-002  -0.000000e+000  
-0.000000e+000  -7.147696e-001  -7.302692e-001  -7.615541e-001  -8.089615e-001  -8.721680e-001  -9.482904e-001  -1.026914e+000  -8.477499e-001  -6.745305e-001  -5.116275e-001  -3.790209e-001  -2.193435e-001  -6.712174e-002  -0.000000e+000  
-0.000000e+000  -4.326813e-001  -4.401791e-001  -4.547104e-001  -4.751372e-001  -4.992057e-001  -5.228577e-001  -5.394307e-001  -4.117762e-001  -3.653820e-001  -2.941299e-001  -2.242274e-001  -1.321684e-001  -4.061132e-002  -0.000000e+000  
-0.000000e+000  -0.000000e+000  -9.096342e-011  4.381760e-011  4.554157e-011  8.394782e-011  2.092231e-010  1.287711e-010  -2.991021e-010  -2.338389e-010  -1.110820e-010  -6.511793e-011  -8.617320e-011  -8.669926e-011  -0.000000e+000  
-0.000000e+000  4.326813e-001  4.401791e-001  4.547104e-001  4.751372e-001  4.992057e-001  5.228577e-001  5.394307e-001  4.117762e-001  3.653820e-001  2.941299e-001  2.242274e-001  1.321684e-001  4.061132e-002  -0.000000e+000  
-0.000000e+000  7.147696e-001  7.302692e-001  7.615541e-001  8.089615e-001  8.721680e-001  9.482904e-001  1.026914e+000  8.477499e-001  6.745305e-001  5.116275e-001  3.790209e-001  2.193435e-001  6.712174e-002  -0.000000e+000  
-0.000000e+000  8.860675e-001  9.071189e-001  9.512029e-001  1.023104e+000  1.132670e+000  1.300308e+000  1.570449e+000  1.403523e+000  9.275246e-001  6.607544e-001  4.794168e-001  2.753425e-001  8.430155e-002  -0.000000e+000  
-0.000000e+000  9.722496e-001  9.926559e-001  1.034680e+000  1.100815e+000  1.194788e+000  1.320692e+000  1.478929e+000  1.348841e+000  9.836142e-001  7.221050e-001  5.298440e-001  3.071904e-001  9.452301e-002  -0.000000e+000  
-0.000000e+000  1.003898e+000  1.020440e+000  1.053778e+000  1.104237e+000  1.171733e+000  1.254771e+000  1.348648e+000  1.245714e+000  9.639307e-001  7.329486e-001  5.483994e-001  3.237960e-001  1.004793e-001  -0.000000e+000  
-0.000000e+000  9.912360e-001  1.003234e+000  1.027011e+000  1.061989e+000  1.106938e+000  1.159530e+000  1.215873e+000  1.130312e+000  9.077475e-001  7.102423e-001  5.417990e-001  3.266751e-001  1.024124e-001  -0.000000e+000  
-0.000000e+000  9.238498e-001  9.298889e-001  9.416027e-001  9.582323e-001  9.785738e-001  1.000934e+000  1.023134e+000  9.559536e-001  7.972906e-001  6.451652e-001  5.050533e-001  3.141925e-001  1.000945e-001  -0.000000e+000  
-0.000000e+000  7.682333e-001  7.701766e-001  7.738282e-001  7.787206e-001  7.841613e-001  7.892518e-001  7.929237e-001  7.426369e-001  6.346543e-001  5.259937e-001  4.203959e-001  2.691588e-001  8.718406e-002  -0.000000e+000  
-0.000000e+000  5.017148e-001  5.012448e-001  5.002265e-001  4.985069e-001  4.958652e-001  4.920236e-001  4.866610e-001  4.565674e-001  3.985681e-001  3.376060e-001  2.753530e-001  1.817469e-001  6.001094e-002  -0.000000e+000  
-0.000000e+000  1.624548e-001  1.620870e-001  1.613366e-001  1.601747e-001  1.585598e-001  1.564402e-001  1.537568e-001  1.443483e-001  1.271090e-001  1.086365e-001  8.936579e-002  5.977359e-002  1.991041e-002  -0.000000e+000  
-0.000000e+000  -0.000000e+000  -0.000000e+000  -0.000000e+000  -0.000000e+000  -0.000000e+000  -0.000000e+000  -0.000000e+000  -0.000000e+000  -0.000000e+000  -0.000000e+000  -0.000000e+000  -0.000000e+000  -0.000000e+000  -0.000000e+000  

