======================================================
 - pinning rule in use   : PINNING_RULE_MCALC_SKIP_ALL
 - desired group         : 0, sockets = 0
 - num cores available   : 8
 - num accessible procs  : 8
 - num logical procs     : 8
 - affinity (main thread): 1111 1111 
 - sockets               : 0
 - potential cores       : 0,2,4,6
 - affinity              : 1111
 - active cores          : 0,2,4,6
 - hyperthreading        : on
 - allowed socket ids    : 0
 - allowed core ids      : 0,2,4,6
 - used mask (string)    : 1010 1010 
======================================================

========================================================================
Processing CAD model (for field results)
	[Improved internal geometry representation]
	[Accuracy improvement for long shapes in inhomogeneous mesh regions]
Version 2019.5 (build 20190426)
PBA version 0
2020 Aug 15 (Sat): 23:49:35
========================================================================

===========================================
Finished CAD processing (for field results)
===========================================

======================================================
 - pinning rule in use   : PINNING_RULE_MCALC_SKIP_ALL
 - desired group         : 0, sockets = 0
 - num cores available   : 8
 - num accessible procs  : 8
 - num logical procs     : 8
 - affinity (main thread): 1111 1111 
 - sockets               : 0
 - potential cores       : 0,2,4,6
 - affinity              : 1111
 - active cores          : 0,2,4,6
 - hyperthreading        : on
 - allowed socket ids    : 0
 - allowed core ids      : 0,2,4,6
 - used mask (string)    : 1010 1010 
======================================================

========================================================================
Processing CAD model
	[Improved internal geometry representation]
	[Accuracy improvement for long shapes in inhomogeneous mesh regions]
Version 2019.5 (build 20190426)
PBA version 0
2020 Aug 15 (Sat): 23:49:43
========================================================================

----------------------------------------------
Used point accuracy enhancement value: 75.00%.
----------------------------------------------

=============================================================================
Mesh statistics:
-----------------------------------------------------------------------------
Minimum edge length (x): 0.87 @ mesh line 13 (x)
Maximum edge length (x): 7.22 @ mesh line 26 (x)
Minimum face area (x): 5.94 @ mesh lines 32 | 5 (y | z)
Maximum face area (x): 52.4 @ mesh lines 37 | 0 (y | z)
Minimum edge length (y): 3.3 @ mesh line 32 (y)
Maximum edge length (y): 7.23 @ mesh line 37 (y)
Minimum face area (y): 1.57 @ mesh lines 5 | 13 (z | x)
Maximum face area (y): 52.4 @ mesh lines 0 | 26 (z | x)
Minimum edge length (z): 1.8 @ mesh line 5 (z)
Maximum edge length (z): 7.25 @ mesh line 0 (z)
Minimum face area (z): 2.87 @ mesh lines 13 | 32 (x | y)
Maximum face area (z): 52.2 @ mesh lines 26 | 37 (x | y)
Maximum mesh face aspect ratio (x): 4.01 : 1.0  @ mesh lines 37 | 5 (y | z)
Maximum mesh face aspect ratio (y): 8.34 : 1.0  @ mesh lines 0 | 13 (z | x)
Maximum mesh face aspect ratio (z): 8.31 : 1.0  @ mesh lines 13 | 37 (x | y)
=============================================================================

==============================================================================
Available resources to store TST cells: 2147469451 (15127285.51% of mesh size)
==============================================================================

==================================================================================================
== CST Matrix Calculation Priority Log                                                          ==
==================================================================================================
 
Priorities are sorted in ascending order beginning with the lowest priority
 
Priority:   1, shape   2: component1:Substarte, material: FR-4 (loss free), float:   0.00e+00, wire: false, sheet: false, human: false, PEC: false, SI: false, face port:   0, feature ID:      -1
Priority:   2, shape   3: component1:Transmission Line, material: PEC, float:   0.00e+00, wire: false, sheet: false, human: false, PEC:  true, SI: false, face port:   0, feature ID:      -1
Priority:   2, shape   1: component1:Ground, material: PEC, float:   0.00e+00, wire: false, sheet: false, human: false, PEC:  true, SI: false, face port:   0, feature ID:      -1
Priority:   3, shape   4: discrete_face_port:element1, material: PEC, float:   0.00e+00, wire: false, sheet:  true, human: false, PEC:  true, SI: false, face port:   1, feature ID:      -1
 
==================================================================================================
 
====================================================
PBA version: legacy
Geo accuracy: 75.000000
PEC background is represented by CAD geometry: false
Watertightness check: true
Self intersection check: false
Inheritance (all): false
Normal dominance (all): false
Normal dominance (ports): false
Flanges hollow: true
One shape per flange: false
====================================================
=======================
Finished CAD processing
=======================

------------------------------------------------------------
Parallelization Info
------------------------------------------------------------
Number of concurrent threads: 1
Number of node domains: 1
Number of mesh fill domains: 1
Memory downscale: 1
CPU load: 25.00%
Emptiness: 0.00%
Hex mesh complexity: 0.01
Geometric complexity: 0.00
------------------------------------------------------------
Node order
0
------------------------------------------------------------

1xN000:  <<<<<<<<<<<<<<<<<<<<<<<<
         2020 Aug15 (Sat): 234944
         <<<<<<<<<<<<<<<<<<<<<<<<

1xN000:  ======================================================
          - pinning rule in use   : PINNING_RULE_MCALC_SKIP_ALL
          - desired group         : 0, sockets = 0
          - num cores available   : 8
          - num accessible procs  : 8
          - num logical procs     : 8
          - affinity (main thread): 1111 1111
          - sockets               : 0
          - potential cores       : 0,2,4,6
          - affinity              : 1111
          - active cores          : 0,2,4,6
          - hyperthreading        : on
          - allowed socket ids    : 0
          - allowed core ids      : 0,2,4,6
          - used mask (string)    : 1010 1010

         ======================================================

1xN000:  ===============================
         Matrix computation (PBA)
         	[PBA version: legacy]
         Version 2019.5 (build 20190426)
         PBA version 0
         2020 Aug 15 (Sat): 23:49:44
         ===============================

1xN000:  Shapes are ordered to support shape wise matrix storage
1xN000:  ------------------------------------------------------------------------------
         PBA fill limit is applied in inverse mode.
         PBA fill limit is applied on faces filled with at least 99.00% metal material.
         --------------------------------------------------------------
         detailed accuracy settings:
         --------------------------------------------------------------
         augmented fill limit:       true
         augmented fill limit value: 99.00
         automatic fill limit:       true
         early fill limit:           true
         inverse fill limit:         true
         model complexity:           0.00
         legacy 2015:                false
         fixed point accuracy:       false
         minimum point accuracy:     0
         mesh step inheritance:      false
         accuracy mode:
         ------------------------------------------------------------------------------

1xN000:  lumped face element "1" is connected to metal material.
1xN000:  -----------------------------------------------------------------
         The following lumped face element is connected to metal material:
         	1
         -----------------------------------------------------------------

1xN000:  =================================
         Finished matrix computation (PBA)
         =================================

1xN000:  >>>>>>>>>>>>>>>>>>>>>>>>
         2020 Aug15 (Sat): 234945
         >>>>>>>>>>>>>>>>>>>>>>>>



--------------------------------
# of staircase filled cells: 0
# of staircase filled areas: 0
# of staircase filled edges: 0
# of faces above fill limit: 0
# of edges with FPBA topology: 0
--------------------------------

