Port monitor named: Port1_h1[3].prt

nx        = 28
ny        = 39
nz        = 13

nu        = 3
nv        = 8
iu        = 6
iv        = 11

idir      = 1
dcut      = 0.000000e+000
icut      = 5
type      = 1
frequency = 3.000000e+009

fcutoff   = 0.000000e+000
alpha     = 0.000000e+000
beta      = 1.201462e+002
accuracy  = 2.929704e-014

type          = QTEM
wave imp.     = 1.971519e+002
wave imp.sig. = 2.842171e-014
line imp.     = 5.172515e+001

ref. port     = 0

-0.000000e+000  1.176154e+000  1.170744e+000  
-0.000000e+000  6.021769e+000  3.609556e+000  
-0.000000e+000  -0.000000e+000  1.309531e+000  
-0.000000e+000  -0.000000e+000  -0.000000e+000  
-0.000000e+000  -0.000000e+000  -1.309531e+000  
-0.000000e+000  -6.021769e+000  -3.609556e+000  
-0.000000e+000  -1.176154e+000  -1.170744e+000  
-0.000000e+000  -0.000000e+000  -0.000000e+000  

-3.547417e+000  -1.380067e+000  -0.000000e+000  
-5.828470e+000  -1.435361e+000  -0.000000e+000  
-1.542359e+001  1.965802e+000  -0.000000e+000  
-2.186703e+001  2.335838e+000  -0.000000e+000  
-2.186703e+001  2.335838e+000  -0.000000e+000  
-1.542359e+001  1.965802e+000  -0.000000e+000  
-5.828470e+000  -1.435361e+000  -0.000000e+000  
-3.547417e+000  -1.380067e+000  -0.000000e+000  

0.000000e+000  0.000000e+000  0.000000e+000  
0.000000e+000  0.000000e+000  0.000000e+000  
0.000000e+000  0.000000e+000  0.000000e+000  
0.000000e+000  0.000000e+000  0.000000e+000  
0.000000e+000  0.000000e+000  0.000000e+000  
0.000000e+000  0.000000e+000  0.000000e+000  
0.000000e+000  0.000000e+000  0.000000e+000  
0.000000e+000  0.000000e+000  0.000000e+000  

0.000000e+000  0.000000e+000  0.000000e+000  
0.000000e+000  0.000000e+000  0.000000e+000  
0.000000e+000  0.000000e+000  0.000000e+000  
0.000000e+000  0.000000e+000  0.000000e+000  
0.000000e+000  0.000000e+000  0.000000e+000  
0.000000e+000  0.000000e+000  0.000000e+000  
0.000000e+000  0.000000e+000  0.000000e+000  
0.000000e+000  0.000000e+000  0.000000e+000  

0.000000e+000  0.000000e+000  0.000000e+000  
0.000000e+000  0.000000e+000  0.000000e+000  
0.000000e+000  0.000000e+000  0.000000e+000  
0.000000e+000  0.000000e+000  0.000000e+000  
0.000000e+000  0.000000e+000  0.000000e+000  
0.000000e+000  0.000000e+000  0.000000e+000  
0.000000e+000  0.000000e+000  0.000000e+000  
0.000000e+000  0.000000e+000  0.000000e+000  

-3.599003e-001  -1.703156e-001  -0.000000e+000  
-1.093434e+000  -5.030448e-001  -0.000000e+000  
-4.426738e-001  -1.826573e-001  -0.000000e+000  
-0.000000e+000  -0.000000e+000  -0.000000e+000  
4.426738e-001  1.826573e-001  -0.000000e+000  
1.093434e+000  5.030448e-001  -0.000000e+000  
3.599003e-001  1.703156e-001  -0.000000e+000  
-0.000000e+000  -0.000000e+000  -0.000000e+000  

