Port monitor named: Port1_e1[3].prt

nx        = 28
ny        = 39
nz        = 13

nu        = 3
nv        = 8
iu        = 6
iv        = 11

idir      = 1
dcut      = 0.000000e+000
icut      = 5
type      = 0
frequency = 3.000000e+009

fcutoff   = 0.000000e+000
alpha     = 0.000000e+000
beta      = 1.201462e+002
accuracy  = 2.929704e-014

type          = QTEM
wave imp.     = 1.971519e+002
wave imp.sig. = 2.842171e-014
line imp.     = 5.172515e+001

ref. port     = 0

-2.516294e+002  -2.969775e+002  -0.000000e+000  
-6.270643e+002  -3.529543e+002  -0.000000e+000  
-3.040789e+003  4.457149e+002  -0.000000e+000  
-4.311126e+003  5.296149e+002  -0.000000e+000  
-4.311126e+003  5.296149e+002  -0.000000e+000  
-3.040789e+003  4.457149e+002  -0.000000e+000  
-6.270643e+002  -3.529543e+002  -0.000000e+000  
-2.516294e+002  -2.969775e+002  -0.000000e+000  

-0.000000e+000  -1.913290e+002  -2.425684e+002  
-0.000000e+000  -1.388727e+003  -8.256393e+002  
-0.000000e+000  -0.000000e+000  -2.989927e+002  
-0.000000e+000  -0.000000e+000  -0.000000e+000  
-0.000000e+000  -0.000000e+000  2.989927e+002  
-0.000000e+000  1.388727e+003  8.256393e+002  
-0.000000e+000  1.913290e+002  2.425684e+002  
-0.000000e+000  -0.000000e+000  -0.000000e+000  

0.000000e+000  0.000000e+000  0.000000e+000  
0.000000e+000  0.000000e+000  0.000000e+000  
0.000000e+000  0.000000e+000  0.000000e+000  
0.000000e+000  0.000000e+000  0.000000e+000  
0.000000e+000  0.000000e+000  0.000000e+000  
0.000000e+000  0.000000e+000  0.000000e+000  
0.000000e+000  0.000000e+000  0.000000e+000  
0.000000e+000  0.000000e+000  0.000000e+000  

0.000000e+000  0.000000e+000  0.000000e+000  
0.000000e+000  0.000000e+000  0.000000e+000  
0.000000e+000  0.000000e+000  0.000000e+000  
0.000000e+000  0.000000e+000  0.000000e+000  
0.000000e+000  0.000000e+000  0.000000e+000  
0.000000e+000  0.000000e+000  0.000000e+000  
0.000000e+000  0.000000e+000  0.000000e+000  
0.000000e+000  0.000000e+000  0.000000e+000  

0.000000e+000  0.000000e+000  0.000000e+000  
0.000000e+000  0.000000e+000  0.000000e+000  
0.000000e+000  0.000000e+000  0.000000e+000  
0.000000e+000  0.000000e+000  0.000000e+000  
0.000000e+000  0.000000e+000  0.000000e+000  
0.000000e+000  0.000000e+000  0.000000e+000  
0.000000e+000  0.000000e+000  0.000000e+000  
0.000000e+000  0.000000e+000  0.000000e+000  

-0.000000e+000  -8.605181e+001  -7.588242e+001  
-0.000000e+000  -1.003273e+002  -7.174469e+001  
-0.000000e+000  -0.000000e+000  -3.161044e+001  
-0.000000e+000  -0.000000e+000  -2.655942e+001  
-0.000000e+000  -0.000000e+000  -2.655942e+001  
-0.000000e+000  -0.000000e+000  -3.161044e+001  
-0.000000e+000  -1.003273e+002  -7.174469e+001  
-0.000000e+000  -8.605181e+001  -7.588242e+001  

